L 10/15/2020 - 11:00:31: Log file started (file "logs/L1015002.log") (game "/home/tf2server.titaniumtank/serverfiles/tf") (version "6145689")
L 10/15/2020 - 11:00:31: server_cvar: "sv_contact" "admin@pancakes.tf"
L 10/15/2020 - 11:00:31: server_cvar: "tfh_fullmoon" "1"
L 10/15/2020 - 11:00:31: server_cvar: "tfh_winter" "1"
L 10/15/2020 - 11:00:31: server_cvar: "tfh_birthday" "1"
L 10/15/2020 - 11:00:31: server_cvar: "tfh_endoftheline" "1"
L 10/15/2020 - 11:00:31: server_cvar: "tfh_normalhealth" "1"
L 10/15/2020 - 11:00:31: server_cvar: "mp_tournament_readymode" "1"
L 10/15/2020 - 11:00:31: server_cvar: "tf_mvm_min_players_to_start" "2"
L 10/15/2020 - 11:00:31: server_cvar: "sv_tags" "alltalk,best,crazy,custom,discord,fast,friends,fun,funny,la,mvm,pancakes,pancakestf,perks,potato,tank,tita"
L 10/15/2020 - 11:00:31: server_cvar: "sv_tags" "alltalk,best,crazy,custom,discord,fast,friends,fun,funny,la,mvm,pancakes,pancakestf,perks,potato,tank,tita"
L 10/15/2020 - 11:00:31: server_cvar: "sv_tags" "alltalk,best,crazy,custom,discord,fast,friends,fun,funny,la,machine,meme,mvm,pancakes,pancakestf,perks,potato,tank,tt,us,usa"
L 10/15/2020 - 11:00:31: Connection to Steam servers successful.
L 10/15/2020 - 11:00:31:    Public IP is 104.192.224.18.
L 10/15/2020 - 11:00:31: Assigned persistent gameserver Steam ID [G:1:3464856].
L 10/15/2020 - 11:00:31: VAC secure mode is activated.
L 10/15/2020 - 12:21:05: "Tiny Box Jordan<2><[U:1:6213773]><>" connected, address "145.53.237.155:27005"
L 10/15/2020 - 12:21:05: "Tiny Box Jordan<2><[U:1:6213773]><>" STEAM USERID validated
L 10/15/2020 - 12:21:32: "Tiny Box Jordan<2><[U:1:6213773]><>" entered the game
L 10/15/2020 - 12:22:43: MVM assigned Tiny Box Jordan to defending team (5 more slots remaining after us)
L 10/15/2020 - 12:22:43: MVM assigned Tiny Box Jordan to defending team (5 more slots remaining after us)
L 10/15/2020 - 12:22:43: "Tiny Box Jordan<2><[U:1:6213773]><Unassigned>" joined team "Red"
L 10/15/2020 - 12:22:45: "Tiny Box Jordan<2><[U:1:6213773]><Red>" changed role to "heavyweapons"
L 10/15/2020 - 12:22:45: "TFBot<3><BOT><>" connected, address "none"
L 10/15/2020 - 12:22:45: "<3><BOT><>" entered the game
L 10/15/2020 - 12:22:45: "TFBot<3><BOT><Unassigned>" joined team "Spectator"
L 10/15/2020 - 12:22:45: "(1)TFBot<4><BOT><>" connected, address "none"
L 10/15/2020 - 12:22:45: "<4><BOT><>" entered the game
L 10/15/2020 - 12:22:45: "TFBot<4><BOT><Unassigned>" joined team "Spectator"
L 10/15/2020 - 12:22:45: "(2)TFBot<5><BOT><>" connected, address "none"
L 10/15/2020 - 12:22:45: "<5><BOT><>" entered the game
L 10/15/2020 - 12:22:45: "TFBot<5><BOT><Unassigned>" joined team "Spectator"
L 10/15/2020 - 12:22:45: "(3)TFBot<6><BOT><>" connected, address "none"
L 10/15/2020 - 12:22:45: "<6><BOT><>" entered the game
L 10/15/2020 - 12:22:45: "TFBot<6><BOT><Unassigned>" joined team "Spectator"
L 10/15/2020 - 12:22:45: "(4)TFBot<7><BOT><>" connected, address "none"
L 10/15/2020 - 12:22:45: "<7><BOT><>" entered the game
L 10/15/2020 - 12:22:45: "TFBot<7><BOT><Unassigned>" joined team "Spectator"
L 10/15/2020 - 12:22:45: "(5)TFBot<8><BOT><>" connected, address "none"
L 10/15/2020 - 12:22:45: "<8><BOT><>" entered the game
L 10/15/2020 - 12:22:45: "TFBot<8><BOT><Unassigned>" joined team "Spectator"
L 10/15/2020 - 12:22:45: "(6)TFBot<9><BOT><>" connected, address "none"
L 10/15/2020 - 12:22:45: "<9><BOT><>" entered the game
L 10/15/2020 - 12:22:45: "TFBot<9><BOT><Unassigned>" joined team "Spectator"
L 10/15/2020 - 12:22:45: "(7)TFBot<10><BOT><>" connected, address "none"
L 10/15/2020 - 12:22:45: "<10><BOT><>" entered the game
L 10/15/2020 - 12:22:45: "TFBot<10><BOT><Unassigned>" joined team "Spectator"
L 10/15/2020 - 12:22:45: "(8)TFBot<11><BOT><>" connected, address "none"
L 10/15/2020 - 12:22:45: "<11><BOT><>" entered the game
L 10/15/2020 - 12:22:45: "TFBot<11><BOT><Unassigned>" joined team "Spectator"
L 10/15/2020 - 12:22:45: "(9)TFBot<12><BOT><>" connected, address "none"
L 10/15/2020 - 12:22:45: "<12><BOT><>" entered the game
L 10/15/2020 - 12:22:45: "TFBot<12><BOT><Unassigned>" joined team "Spectator"
L 10/15/2020 - 12:22:45: "(10)TFBot<13><BOT><>" connected, address "none"
L 10/15/2020 - 12:22:45: "<13><BOT><>" entered the game
L 10/15/2020 - 12:22:45: "TFBot<13><BOT><Unassigned>" joined team "Spectator"
L 10/15/2020 - 12:22:45: "(11)TFBot<14><BOT><>" connected, address "none"
L 10/15/2020 - 12:22:45: "<14><BOT><>" entered the game
L 10/15/2020 - 12:22:45: "TFBot<14><BOT><Unassigned>" joined team "Spectator"
L 10/15/2020 - 12:22:45: "(12)TFBot<15><BOT><>" connected, address "none"
L 10/15/2020 - 12:22:45: "<15><BOT><>" entered the game
L 10/15/2020 - 12:22:45: "TFBot<15><BOT><Unassigned>" joined team "Spectator"
L 10/15/2020 - 12:22:45: "(13)TFBot<16><BOT><>" connected, address "none"
L 10/15/2020 - 12:22:45: "<16><BOT><>" entered the game
L 10/15/2020 - 12:22:45: "TFBot<16><BOT><Unassigned>" joined team "Spectator"
L 10/15/2020 - 12:22:45: "(14)TFBot<17><BOT><>" connected, address "none"
L 10/15/2020 - 12:22:45: "<17><BOT><>" entered the game
L 10/15/2020 - 12:22:45: "TFBot<17><BOT><Unassigned>" joined team "Spectator"
L 10/15/2020 - 12:22:45: "(15)TFBot<18><BOT><>" connected, address "none"
L 10/15/2020 - 12:22:45: "<18><BOT><>" entered the game
L 10/15/2020 - 12:22:45: "TFBot<18><BOT><Unassigned>" joined team "Spectator"
L 10/15/2020 - 12:22:45: "(16)TFBot<19><BOT><>" connected, address "none"
L 10/15/2020 - 12:22:45: "<19><BOT><>" entered the game
L 10/15/2020 - 12:22:45: "TFBot<19><BOT><Unassigned>" joined team "Spectator"
L 10/15/2020 - 12:22:45: "(17)TFBot<20><BOT><>" connected, address "none"
L 10/15/2020 - 12:22:45: "<20><BOT><>" entered the game
L 10/15/2020 - 12:22:45: "TFBot<20><BOT><Unassigned>" joined team "Spectator"
L 10/15/2020 - 12:22:45: "(18)TFBot<21><BOT><>" connected, address "none"
L 10/15/2020 - 12:22:45: "<21><BOT><>" entered the game
L 10/15/2020 - 12:22:45: "TFBot<21><BOT><Unassigned>" joined team "Spectator"
L 10/15/2020 - 12:22:45: "(19)TFBot<22><BOT><>" connected, address "none"
L 10/15/2020 - 12:22:45: "<22><BOT><>" entered the game
L 10/15/2020 - 12:22:45: "TFBot<22><BOT><Unassigned>" joined team "Spectator"
L 10/15/2020 - 12:22:45: "(20)TFBot<23><BOT><>" connected, address "none"
L 10/15/2020 - 12:22:45: "<23><BOT><>" entered the game
L 10/15/2020 - 12:22:45: "TFBot<23><BOT><Unassigned>" joined team "Spectator"
L 10/15/2020 - 12:22:45: "(21)TFBot<24><BOT><>" connected, address "none"
L 10/15/2020 - 12:22:45: "<24><BOT><>" entered the game
L 10/15/2020 - 12:22:45: "TFBot<24><BOT><Unassigned>" joined team "Spectator"
L 10/15/2020 - 12:22:45: server_cvar: "tf_bot_count" "22"
L 10/15/2020 - 12:22:45: server_cvar: "mp_tournament" "1"
L 10/15/2020 - 12:23:05: "Tiny Box Jordan<2><[U:1:6213773]><Red>" say "rtv"
L 10/15/2020 - 12:23:35: "Tiny Box Jordan<2><[U:1:6213773]><Red>" disconnected (reason "Disconnect by user.")
L 10/15/2020 - 12:23:35: MVM assigned Tiny Box Jordan to defending team (4 more slots remaining after us)
L 10/15/2020 - 12:53:13: "DR.dusk<25><[U:1:142438216]><>" connected, address "87.73.71.183:27005"
L 10/15/2020 - 12:53:13: "DR.dusk<25><[U:1:142438216]><>" STEAM USERID validated
L 10/15/2020 - 12:53:15: "DR.dusk<25><[U:1:142438216]><>" disconnected (reason "Disconnect by user.")
L 10/15/2020 - 12:55:44: "2ak<26><[U:1:174372962]><>" connected, address "216.252.1.82:27005"
L 10/15/2020 - 12:55:44: "2ak<26><[U:1:174372962]><>" STEAM USERID validated
L 10/15/2020 - 12:55:46: "2ak<26><[U:1:174372962]><>" disconnected (reason "Disconnect by user.")
L 10/15/2020 - 13:00:12: "jrrflores_3<27><[U:1:1021948386]><>" connected, address "70.255.135.242:27005"
L 10/15/2020 - 13:00:12: "jrrflores_3<27><[U:1:1021948386]><>" STEAM USERID validated
L 10/15/2020 - 13:00:17: "jrrflores_3<27><[U:1:1021948386]><>" disconnected (reason "Disconnect by user.")
L 10/15/2020 - 14:47:00: "LeoGioZ<28><[U:1:909606185]><>" connected, address "98.33.239.85:27005"
L 10/15/2020 - 14:47:00: "LeoGioZ<28><[U:1:909606185]><>" STEAM USERID validated
L 10/15/2020 - 14:47:06: "LeoGioZ<28><[U:1:909606185]><>" disconnected (reason "Connection closing")
L 10/15/2020 - 14:47:06: "LeoGioZ<29><[U:1:909606185]><>" connected, address "98.33.239.85:27005"
L 10/15/2020 - 14:47:06: "LeoGioZ<29><[U:1:909606185]><>" STEAM USERID validated
L 10/15/2020 - 14:47:42: "LeoGioZ<29><[U:1:909606185]><>" entered the game
L 10/15/2020 - 14:47:52: MVM assigned LeoGioZ to defending team (5 more slots remaining after us)
L 10/15/2020 - 14:47:52: MVM assigned LeoGioZ to defending team (5 more slots remaining after us)
L 10/15/2020 - 14:47:52: "LeoGioZ<29><[U:1:909606185]><Unassigned>" joined team "Red"
L 10/15/2020 - 14:47:56: "LeoGioZ<29><[U:1:909606185]><Red>" changed role to "sniper"
L 10/15/2020 - 14:48:05: "LeoGioZ<29><[U:1:909606185]><Red>" disconnected (reason "Disconnect by user.")
L 10/15/2020 - 14:48:05: MVM assigned LeoGioZ to defending team (4 more slots remaining after us)
L 10/16/2020 - 03:50:31: Connection to Steam servers lost.  (Result = 3)
L 10/16/2020 - 03:51:52: Connection to Steam servers successful.
L 10/16/2020 - 03:51:52:    Public IP is 104.192.224.18.
L 10/16/2020 - 03:51:52: Assigned persistent gameserver Steam ID [G:1:3464856].
L 10/16/2020 - 03:51:53: VAC secure mode is activated.
L 10/16/2020 - 06:30:11: server_cvar: "mp_tournament" "0"
L 10/16/2020 - 06:30:11: [META] Loaded 0 plugins (1 already loaded)
L 10/16/2020 - 06:30:11: "(21)TFBot<24><BOT><>" disconnected (reason "Server shutting down")
L 10/16/2020 - 06:30:11: "(20)TFBot<23><BOT><>" disconnected (reason "Server shutting down")
L 10/16/2020 - 06:30:11: "(19)TFBot<22><BOT><>" disconnected (reason "Server shutting down")
L 10/16/2020 - 06:30:11: "(18)TFBot<21><BOT><>" disconnected (reason "Server shutting down")
L 10/16/2020 - 06:30:11: "(17)TFBot<20><BOT><>" disconnected (reason "Server shutting down")
L 10/16/2020 - 06:30:11: "(16)TFBot<19><BOT><>" disconnected (reason "Server shutting down")
L 10/16/2020 - 06:30:11: "(15)TFBot<18><BOT><>" disconnected (reason "Server shutting down")
L 10/16/2020 - 06:30:11: "(14)TFBot<17><BOT><>" disconnected (reason "Server shutting down")
L 10/16/2020 - 06:30:11: "(13)TFBot<16><BOT><>" disconnected (reason "Server shutting down")
L 10/16/2020 - 06:30:11: "(12)TFBot<15><BOT><>" disconnected (reason "Server shutting down")
L 10/16/2020 - 06:30:11: "(11)TFBot<14><BOT><>" disconnected (reason "Server shutting down")
L 10/16/2020 - 06:30:11: "(10)TFBot<13><BOT><>" disconnected (reason "Server shutting down")
L 10/16/2020 - 06:30:11: "(9)TFBot<12><BOT><>" disconnected (reason "Server shutting down")
L 10/16/2020 - 06:30:11: "(8)TFBot<11><BOT><>" disconnected (reason "Server shutting down")
L 10/16/2020 - 06:30:11: "(7)TFBot<10><BOT><>" disconnected (reason "Server shutting down")
L 10/16/2020 - 06:30:11: "(6)TFBot<9><BOT><>" disconnected (reason "Server shutting down")
L 10/16/2020 - 06:30:11: "(5)TFBot<8><BOT><>" disconnected (reason "Server shutting down")
L 10/16/2020 - 06:30:11: "(4)TFBot<7><BOT><>" disconnected (reason "Server shutting down")
L 10/16/2020 - 06:30:11: "(3)TFBot<6><BOT><>" disconnected (reason "Server shutting down")
L 10/16/2020 - 06:30:11: "(2)TFBot<5><BOT><>" disconnected (reason "Server shutting down")
L 10/16/2020 - 06:30:11: "(1)TFBot<4><BOT><>" disconnected (reason "Server shutting down")
L 10/16/2020 - 06:30:11: "TFBot<3><BOT><>" disconnected (reason "Server shutting down")
L 10/16/2020 - 06:30:11: server_message: "quit"
L 10/16/2020 - 06:30:12: Log file closed.
