L 10/13/2020 - 12:33:08: Log file started (file "logs/L1013001.log") (game "/home/tf2server.titaniumtank/serverfiles/tf") (version "6135201")
L 10/13/2020 - 12:33:08: server_cvar: "sv_contact" "admin@pancakes.tf"
L 10/13/2020 - 12:33:08: server_cvar: "tfh_fullmoon" "1"
L 10/13/2020 - 12:33:08: server_cvar: "tfh_winter" "1"
L 10/13/2020 - 12:33:08: server_cvar: "tfh_birthday" "1"
L 10/13/2020 - 12:33:08: server_cvar: "tfh_endoftheline" "1"
L 10/13/2020 - 12:33:08: server_cvar: "tfh_normalhealth" "1"
L 10/13/2020 - 12:33:08: server_cvar: "mp_tournament_readymode" "1"
L 10/13/2020 - 12:33:08: server_cvar: "tf_mvm_min_players_to_start" "2"
L 10/13/2020 - 12:33:08: server_cvar: "sv_tags" "alltalk,best,crazy,custom,discord,fast,friends,fun,funny,la,mvm,pancakes,pancakestf,perks,potato,tank,tita"
L 10/13/2020 - 12:33:08: server_cvar: "sv_tags" "alltalk,best,crazy,custom,discord,fast,friends,fun,funny,la,mvm,pancakes,pancakestf,perks,potato,tank,tita"
L 10/13/2020 - 12:33:08: server_cvar: "sv_tags" "alltalk,best,crazy,custom,discord,fast,friends,fun,funny,la,machine,meme,mvm,pancakes,pancakestf,perks,potato,tank,tt,us,usa"
L 10/13/2020 - 12:33:09: Connection to Steam servers successful.
L 10/13/2020 - 12:33:09:    Public IP is 104.192.224.18.
L 10/13/2020 - 12:33:09: Assigned persistent gameserver Steam ID [G:1:3464856].
L 10/13/2020 - 12:33:09: VAC secure mode is activated.
L 10/13/2020 - 16:00:10: Connection to Steam servers lost.  (Result = 3)
L 10/13/2020 - 16:02:18: Connection to Steam servers successful.
L 10/13/2020 - 16:02:18:    Public IP is 104.192.224.18.
L 10/13/2020 - 16:02:18: Assigned persistent gameserver Steam ID [G:1:3464856].
L 10/13/2020 - 16:02:23: VAC secure mode is activated.
L 10/13/2020 - 18:19:27: "AAAAAAAAAAA!!<2><[U:1:1052448047]><>" connected, address "45.226.34.2:27005"
L 10/13/2020 - 18:19:27: "AAAAAAAAAAA!!<2><[U:1:1052448047]><>" STEAM USERID validated
L 10/13/2020 - 18:20:08: "AAAAAAAAAAA!!<2><[U:1:1052448047]><>" entered the game
L 10/13/2020 - 18:20:17: MVM assigned AAAAAAAAAAA!! to defending team (5 more slots remaining after us)
L 10/13/2020 - 18:20:17: MVM assigned AAAAAAAAAAA!! to defending team (5 more slots remaining after us)
L 10/13/2020 - 18:20:17: "AAAAAAAAAAA!!<2><[U:1:1052448047]><Unassigned>" joined team "Red"
L 10/13/2020 - 18:20:20: "AAAAAAAAAAA!!<2><[U:1:1052448047]><Red>" changed role to "pyro"
L 10/13/2020 - 18:20:20: "TFBot<3><BOT><>" connected, address "none"
L 10/13/2020 - 18:20:20: "<3><BOT><>" entered the game
L 10/13/2020 - 18:20:20: "TFBot<3><BOT><Unassigned>" joined team "Spectator"
L 10/13/2020 - 18:20:20: "(1)TFBot<4><BOT><>" connected, address "none"
L 10/13/2020 - 18:20:20: "<4><BOT><>" entered the game
L 10/13/2020 - 18:20:20: "TFBot<4><BOT><Unassigned>" joined team "Spectator"
L 10/13/2020 - 18:20:20: "(2)TFBot<5><BOT><>" connected, address "none"
L 10/13/2020 - 18:20:20: "<5><BOT><>" entered the game
L 10/13/2020 - 18:20:20: "TFBot<5><BOT><Unassigned>" joined team "Spectator"
L 10/13/2020 - 18:20:20: "(3)TFBot<6><BOT><>" connected, address "none"
L 10/13/2020 - 18:20:20: "<6><BOT><>" entered the game
L 10/13/2020 - 18:20:20: "TFBot<6><BOT><Unassigned>" joined team "Spectator"
L 10/13/2020 - 18:20:20: "(4)TFBot<7><BOT><>" connected, address "none"
L 10/13/2020 - 18:20:20: "<7><BOT><>" entered the game
L 10/13/2020 - 18:20:20: "TFBot<7><BOT><Unassigned>" joined team "Spectator"
L 10/13/2020 - 18:20:20: "(5)TFBot<8><BOT><>" connected, address "none"
L 10/13/2020 - 18:20:20: "<8><BOT><>" entered the game
L 10/13/2020 - 18:20:20: "TFBot<8><BOT><Unassigned>" joined team "Spectator"
L 10/13/2020 - 18:20:20: "(6)TFBot<9><BOT><>" connected, address "none"
L 10/13/2020 - 18:20:20: "<9><BOT><>" entered the game
L 10/13/2020 - 18:20:20: "TFBot<9><BOT><Unassigned>" joined team "Spectator"
L 10/13/2020 - 18:20:20: "(7)TFBot<10><BOT><>" connected, address "none"
L 10/13/2020 - 18:20:20: "<10><BOT><>" entered the game
L 10/13/2020 - 18:20:20: "TFBot<10><BOT><Unassigned>" joined team "Spectator"
L 10/13/2020 - 18:20:20: "(8)TFBot<11><BOT><>" connected, address "none"
L 10/13/2020 - 18:20:20: "<11><BOT><>" entered the game
L 10/13/2020 - 18:20:20: "TFBot<11><BOT><Unassigned>" joined team "Spectator"
L 10/13/2020 - 18:20:20: "(9)TFBot<12><BOT><>" connected, address "none"
L 10/13/2020 - 18:20:20: "<12><BOT><>" entered the game
L 10/13/2020 - 18:20:20: "TFBot<12><BOT><Unassigned>" joined team "Spectator"
L 10/13/2020 - 18:20:20: "(10)TFBot<13><BOT><>" connected, address "none"
L 10/13/2020 - 18:20:20: "<13><BOT><>" entered the game
L 10/13/2020 - 18:20:20: "TFBot<13><BOT><Unassigned>" joined team "Spectator"
L 10/13/2020 - 18:20:20: "(11)TFBot<14><BOT><>" connected, address "none"
L 10/13/2020 - 18:20:20: "<14><BOT><>" entered the game
L 10/13/2020 - 18:20:20: "TFBot<14><BOT><Unassigned>" joined team "Spectator"
L 10/13/2020 - 18:20:20: "(12)TFBot<15><BOT><>" connected, address "none"
L 10/13/2020 - 18:20:20: "<15><BOT><>" entered the game
L 10/13/2020 - 18:20:20: "TFBot<15><BOT><Unassigned>" joined team "Spectator"
L 10/13/2020 - 18:20:20: "(13)TFBot<16><BOT><>" connected, address "none"
L 10/13/2020 - 18:20:20: "<16><BOT><>" entered the game
L 10/13/2020 - 18:20:20: "TFBot<16><BOT><Unassigned>" joined team "Spectator"
L 10/13/2020 - 18:20:20: "(14)TFBot<17><BOT><>" connected, address "none"
L 10/13/2020 - 18:20:20: "<17><BOT><>" entered the game
L 10/13/2020 - 18:20:20: "TFBot<17><BOT><Unassigned>" joined team "Spectator"
L 10/13/2020 - 18:20:20: "(15)TFBot<18><BOT><>" connected, address "none"
L 10/13/2020 - 18:20:20: "<18><BOT><>" entered the game
L 10/13/2020 - 18:20:20: "TFBot<18><BOT><Unassigned>" joined team "Spectator"
L 10/13/2020 - 18:20:20: "(16)TFBot<19><BOT><>" connected, address "none"
L 10/13/2020 - 18:20:20: "<19><BOT><>" entered the game
L 10/13/2020 - 18:20:20: "TFBot<19><BOT><Unassigned>" joined team "Spectator"
L 10/13/2020 - 18:20:20: "(17)TFBot<20><BOT><>" connected, address "none"
L 10/13/2020 - 18:20:20: "<20><BOT><>" entered the game
L 10/13/2020 - 18:20:20: "TFBot<20><BOT><Unassigned>" joined team "Spectator"
L 10/13/2020 - 18:20:20: "(18)TFBot<21><BOT><>" connected, address "none"
L 10/13/2020 - 18:20:20: "<21><BOT><>" entered the game
L 10/13/2020 - 18:20:20: "TFBot<21><BOT><Unassigned>" joined team "Spectator"
L 10/13/2020 - 18:20:20: "(19)TFBot<22><BOT><>" connected, address "none"
L 10/13/2020 - 18:20:20: "<22><BOT><>" entered the game
L 10/13/2020 - 18:20:20: "TFBot<22><BOT><Unassigned>" joined team "Spectator"
L 10/13/2020 - 18:20:20: "(20)TFBot<23><BOT><>" connected, address "none"
L 10/13/2020 - 18:20:20: "<23><BOT><>" entered the game
L 10/13/2020 - 18:20:20: "TFBot<23><BOT><Unassigned>" joined team "Spectator"
L 10/13/2020 - 18:20:20: "(21)TFBot<24><BOT><>" connected, address "none"
L 10/13/2020 - 18:20:20: "<24><BOT><>" entered the game
L 10/13/2020 - 18:20:20: "TFBot<24><BOT><Unassigned>" joined team "Spectator"
L 10/13/2020 - 18:20:20: server_cvar: "mp_tournament" "1"
L 10/13/2020 - 18:20:22: server_cvar: "tf_bot_count" "22"
L 10/13/2020 - 18:22:31: "AAAAAAAAAAA!!<2><[U:1:1052448047]><Red>" disconnected (reason "Disconnect by user.")
L 10/13/2020 - 18:22:31: MVM assigned AAAAAAAAAAA!! to defending team (4 more slots remaining after us)
L 10/13/2020 - 20:43:07: "Leo Nekozuki<25><[U:1:138169829]><>" connected, address "76.65.3.103:27005"
L 10/13/2020 - 20:43:08: "Leo Nekozuki<25><[U:1:138169829]><>" STEAM USERID validated
L 10/13/2020 - 20:45:06: "Leo Nekozuki<25><[U:1:138169829]><>" entered the game
L 10/13/2020 - 20:45:16: "Leo Nekozuki<25><[U:1:138169829]><Unassigned>" disconnected (reason "Disconnect by user.")
L 10/13/2020 - 20:45:16: MVM assigned Leo Nekozuki to defending team (5 more slots remaining after us)
L 10/13/2020 - 20:48:11: "Totherlime27765<26><[U:1:1137876570]><>" connected, address "50.52.14.50:27005"
L 10/13/2020 - 20:48:11: "Totherlime27765<26><[U:1:1137876570]><>" STEAM USERID validated
L 10/13/2020 - 20:49:10: "Totherlime27765<26><[U:1:1137876570]><>" entered the game
L 10/13/2020 - 20:49:19: MVM assigned Totherlime27765 to defending team (5 more slots remaining after us)
L 10/13/2020 - 20:49:19: MVM assigned Totherlime27765 to defendi