L 10/17/2020 - 06:30:40: Log file started (file "logs/L1017000.log") (game "/home/tf2server.titaniumtank/serverfiles/tf") (version "6145689")
L 10/17/2020 - 06:30:40: server_cvar: "sv_contact" "admin@pancakes.tf"
L 10/17/2020 - 06:30:40: server_cvar: "tfh_fullmoon" "1"
L 10/17/2020 - 06:30:40: server_cvar: "tfh_winter" "1"
L 10/17/2020 - 06:30:40: server_cvar: "tfh_birthday" "1"
L 10/17/2020 - 06:30:40: server_cvar: "tfh_endoftheline" "1"
L 10/17/2020 - 06:30:40: server_cvar: "tfh_normalhealth" "1"
L 10/17/2020 - 06:30:40: server_cvar: "mp_tournament_readymode" "1"
L 10/17/2020 - 06:30:40: server_cvar: "tf_mvm_min_players_to_start" "2"
L 10/17/2020 - 06:30:40: server_cvar: "sv_tags" "alltalk,best,crazy,custom,discord,fast,friends,fun,funny,la,mvm,pancakes,pancakestf,perks,potato,tank,tita"
L 10/17/2020 - 06:30:40: server_cvar: "sv_tags" "alltalk,best,crazy,custom,discord,fast,friends,fun,funny,la,mvm,pancakes,pancakestf,perks,potato,tank,tita"
L 10/17/2020 - 06:30:40: server_cvar: "sv_tags" "alltalk,best,crazy,custom,discord,fast,friends,fun,funny,la,machine,meme,mvm,pancakes,pancakestf,perks,potato,tank,tt,us,usa"
L 10/17/2020 - 06:30:40: Connection to Steam servers successful.
L 10/17/2020 - 06:30:40:    Public IP is 104.192.224.18.
L 10/17/2020 - 06:30:40: Assigned persistent gameserver Steam ID [G:1:3464856].
L 10/17/2020 - 06:30:40: VAC secure mode is activated.
L 10/17/2020 - 08:08:06: "/fazy-play\<2><[U:1:1121998757]><>" connected, address "37.113.176.0:63667"
L 10/17/2020 - 08:08:06: "/fazy-play\<2><[U:1:1121998757]><>" STEAM USERID validated
L 10/17/2020 - 08:08:21: "/fazy-play\<2><[U:1:1121998757]><>" disconnected (reason "Disconnect by user.")
L 10/17/2020 - 11:49:37: "Mc Horge<3><[U:1:1094118353]><>" connected, address "50.99.144.111:27005"
L 10/17/2020 - 11:49:37: "Mc Horge<3><[U:1:1094118353]><>" STEAM USERID validated
L 10/17/2020 - 11:50:10: "Mc Horge<3><[U:1:1094118353]><>" entered the game
L 10/17/2020 - 11:50:25: MVM assigned Mc Horge to defending team (5 more slots remaining after us)
L 10/17/2020 - 11:50:25: MVM assigned Mc Horge to defending team (5 more slots remaining after us)
L 10/17/2020 - 11:50:25: "Mc Horge<3><[U:1:1094118353]><Unassigned>" joined team "Red"
L 10/17/2020 - 11:50:27: "Mc Horge<3><[U:1:1094118353]><Red>" changed role to "engineer"
L 10/17/2020 - 11:50:27: "TFBot<4><BOT><>" connected, address "none"
L 10/17/2020 - 11:50:27: "<4><BOT><>" entered the game
L 10/17/2020 - 11:50:27: "TFBot<4><BOT><Unassigned>" joined team "Spectator"
L 10/17/2020 - 11:50:27: "(1)TFBot<5><BOT><>" connected, address "none"
L 10/17/2020 - 11:50:27: "<5><BOT><>" entered the game
L 10/17/2020 - 11:50:27: "TFBot<5><BOT><Unassigned>" joined team "Spectator"
L 10/17/2020 - 11:50:27: "(2)TFBot<6><BOT><>" connected, address "none"
L 10/17/2020 - 11:50:27: "<6><BOT><>" entered the game
L 10/17/2020 - 11:50:27: "TFBot<6><BOT><Unassigned>" joined team "Spectator"
L 10/17/2020 - 11:50:27: "(3)TFBot<7><BOT><>" connected, address "none"
L 10/17/2020 - 11:50:27: "<7><BOT><>" entered the game
L 10/17/2020 - 11:50:27: "TFBot<7><BOT><Unassigned>" joined team "Spectator"
L 10/17/2020 - 11:50:27: "(4)TFBot<8><BOT><>" connected, address "none"
L 10/17/2020 - 11:50:27: "<8><BOT><>" entered the game
L 10/17/2020 - 11:50:27: "TFBot<8><BOT><Unassigned>" joined team "Spectator"
L 10/17/2020 - 11:50:27: "(5)TFBot<9><BOT><>" connected, address "none"
L 10/17/2020 - 11:50:27: "<9><BOT><>" entered the game
L 10/17/2020 - 11:50:27: "TFBot<9><BOT><Unassigned>" joined team "Spectator"
L 10/17/2020 - 11:50:27: "(6)TFBot<10><BOT><>" connected, address "none"
L 10/17/2020 - 11:50:27: "<10><BOT><>" entered the game
L 10/17/2020 - 11:50:27: "TFBot<10><BOT><Unassigned>" joined team "Spectator"
L 10/17/2020 - 11:50:27: "(7)TFBot<11><BOT><>" connected, address "none"
L 10/17/2020 - 11:50:27: "<11><BOT><>" entered the game
L 10/17/2020 - 11:50:27: "TFBot<11><BOT><Unassigned>" joined team "Spectator"
L 10/17/2020 - 11:50:27: "(8)TFBot<12><BOT><>" connected, address "none"
L 10/17/2020 - 11:50:27: "<12><BOT><>" entered the game
L 10/17/2020 - 11:50:27: "TFBot<12><BOT><Unassigned>" joined team "Spectator"
L 10/17/2020 - 11:50:27: "(9)TFBot<13><BOT><>" connected, address "none"
L 10/17/2020 - 11:50:27: "<13><BOT><>" entered the game
L 10/17/2020 - 11:50:27: "TFBot<13><BOT><Unassigned>" joined team "Spectator"
L 10/17/2020 - 11:50:27: "(10)TFBot<14><BOT><>" connected, address "none"
L 10/17/2020 - 11:50:27: "<14><BOT><>" entered the game
L 10/17/2020 - 11:50:27: "TFBot<14><BOT><Unassigned>" joined team "Spectator"
L 10/17/2020 - 11:50:27: "(11)TFBot<15><BOT><>" connected, address "none"
L 10/17/2020 - 11:50:27: "<15><BOT><>" entered the game
L 10/17/2020 - 11:50:27: "TFBot<15><BOT><Unassigned>" joined team "Spectator"
L 10/17/2020 - 11:50:27: "(12)TFBot<16><BOT><>" connected, address "none"
L 10/17/2020 - 11:50:27: "<16><BOT><>" entered the game
L 10/17/2020 - 11:50:27: "TFBot<16><BOT><Unassigned>" joined team "Spectator"
L 10/17/2020 - 11:50:27: "(13)TFBot<17><BOT><>" connected, address "none"
L 10/17/2020 - 11:50:27: "<17><BOT><>" entered the game
L 10/17/2020 - 11:50:27: "TFBot<17><BOT><Unassigned>" joined team "Spectator"
L 10/17/2020 - 11:50:27: "(14)TFBot<18><BOT><>" connected, address "none"
L 10/17/2020 - 11:50:27: "<18><BOT><>" entered the game
L 10/17/2020 - 11:50:27: "TFBot<18><BOT><Unassigned>" joined team "Spectator"
L 10/17/2020 - 11:50:27: "(15)TFBot<19><BOT><>" connected, address "none"
L 10/17/2020 - 11:50:27: "<19><BOT><>" entered the game
L 10/17/2020 - 11:50:27: "TFBot<19><BOT><Unassigned>" joined team "Spectator"
L 10/17/2020 - 11:50:27: "(16)TFBot<20><BOT><>" connected, address "none"
L 10/17/2020 - 11:50:27: "<20><BOT><>" entered the game
L 10/17/2020 - 11:50:27: "TFBot<20><BOT><Unassigned>" joined team "Spectator"
L 10/17/2020 - 11:50:27: "(17)TFBot<21><BOT><>" connected, address "none"
L 10/17/2020 - 11:50:27: "<21><BOT><>" entered the game
L 10/17/2020 - 11:50:27: "TFBot<21><BOT><Unassigned>" joined team "Spectator"
L 10/17/2020 - 11:50:27: "(18)TFBot<22><BOT><>" connected, address "none"
L 10/17/2020 - 11:50:27: "<22><BOT><>" entered the game
L 10/17/2020 - 11:50:27: "TFBot<22><BOT><Unassigned>" joined team "Spectator"
L 10/17/2020 - 11:50:27: "(19)TFBot<23><BOT><>" connected, address "none"
L 10/17/2020 - 11:50:27: "<23><BOT><>" entered the game
L 10/17/2020 - 11:50:27: "TFBot<23><BOT><Unassigned>" joined team "Spectator"
L 10/17/2020 - 11:50:27: "(20)TFBot<24><BOT><>" connected, address "none"
L 10/17/2020 - 11:50:27: "<24><BOT><>" entered the game
L 10/17/2020 - 11:50:27: "TFBot<24><BOT><Unassigned>" joined team "Spectator"
L 10/17/2020 - 11:50:27: "(21)TFBot<25><BOT><>" connected, address "none"
L 10/17/2020 - 11:50:27: "<25><BOT><>" entered the game
L 10/17/2020 - 11:50:27: "TFBot<25><BOT><Unassigned>" joined team "Spectator"
L 10/17/2020 - 11:50:27: server_cvar: "mp_tournament" "1"
L 10/17/2020 - 11:50:29: server_cvar: "tf_bot_count" "22"
L 10/17/2020 - 11:50:35: "Mc Horge<3><[U:1:1094118353]><Red>" disconnected (reason "Disconnect by user.")
L 10/17/2020 - 11:50:35: MVM assigned Mc Horge to defending team (4 more slots remaining after us)
L 10/17/2020 - 14:56:30: "Nonni<26><[U:1:995709420]><>" connected, address "98.188.184.90:27005"
L 10/17/2020 - 14:56:30: "Nonni<26><[U:1:995709420]><>" STEAM USERID validated
L 10/17/2020 - 14:57:27: "Nonni<26><[U:1:995709420]><>" entered the game
L 10/17/2020 - 14:57:33: MVM assigned Nonni to defending team (5 more slots remaining after us)
L 10/17/2020 - 14:57:33: MVM assigned Nonni to defending team (5 more slots remaining after us)
L 10/17/2020 - 14:57:33: "Nonni<26><[U:1:995709420]><Unassigned>" joined team "Red"
L 10/17/2020 - 14:57:34: "Nonni<26><[U:1:995709420]><Red>" changed role to "heavyweapons"
L 10/17/2020 - 14:57:57: "Nonni<26><[U:1:995709420]><Red>" disconnected (reason "Disconnect by user.")
L 10/17/2020 - 14:57:57: MVM assigned Nonni to defending team (4 more slots remaining after us)
L 10/17/2020 - 16:09:03: "the tube<27><[U:1:1014083688]><>" connected, address "199.117.230.40:27005"
L 10/17/2020 - 16:09:04: "the tube<27><[U:1:1014083688]><>" STEAM USERID validated
L 10/17/2020 - 16:10:48: "the tube<27><[U:1:1014083688]><>" entered the game
L 10/17/2020 - 16:11:04: MVM assigned the tube to defending team (5 more slots remaining after us)
L 10/17/2020 - 16:11:04: MVM assigned the tube to defending team (5 more slots remaining after us)
L 10/17/2020 - 16:11:04: "the tube<27><[U:1:1014083688]><Unassigned>" joined team "Red"
L 10/17/2020 - 16:11:24: "the tube<27><[U:1:1014083688]><Red>" changed role to "soldier"
L 10/17/2020 - 16:12:34: "the tube<27><[U:1:1014083688]><Red>" disconnected (reason "Disconnect by user.")
L 10/17/2020 - 16:12:34: MVM assigned the tube to defending team (4 more slots remaining after us)
L 10/17/2020 - 16:50:01: "Master of the Hellish Yard<28><[U:1:176586398]><>" connected, address "216.165.229.138:27005"
L 10/17/2020 - 16:50:01: "Master of the Hellish Yard<28><[U:1:176586398]><>" STEAM USERID validated
L 10/17/2020 - 16:50:30: "Master of the Hellish Yard<28><[U:1:176586398]><>" entered the game
L 10/17/2020 - 16:50:39: MVM assigned Master of the Hellish Yard to defending team (5 more slots remaining after us)
L 10/17/2020 - 16:50:39: MVM assigned Master of the Hellish Yard to defending team (5 more slots remaining after us)
L 10/17/2020 - 16:50:39: "Master of the Hellish Yard<28><[U:1:176586398]><Unassigned>" joined team "Red"
L 10/17/2020 - 16:50:40: "Master of the Hellish Yard<28><[U:1:176586398]><Red>" changed role to "engineer"
L 10/17/2020 - 16:51:21: "Master of the Hellish Yard<28><[U:1:176586398]><Red>" disconnected (reason "Disconnect by user.")
L 10/17/2020 - 16:51:21: MVM assigned Master of the Hellish Yard to defending team (4 more slots remaining after us)
L 10/18/2020 - 06:30:11: server_cvar: "mp_tournament" "0"
L 10/18/2020 - 06:30:11: [META] Loaded 0 plugins (1 already loaded)
L 10/18/2020 - 06:30:11: "(21)TFBot<25><BOT><>" disconnected (reason "Server shutting down")
L 10/18/2020 - 06:30:11: "(20)TFBot<24><BOT><>" disconnected (reason "Server shutting down")
L 10/18/2020 - 06:30:11: "(19)TFBot<23><BOT><>" disconnected (reason "Server shutting down")
L 10/18/2020 - 06:30:11: "(18)TFBot<22><BOT><>" disconnected (reason "Server shutting down")
L 10/18/2020 - 06:30:11: "(17)TFBot<21><BOT><>" disconnected (reason "Server shutting down")
L 10/18/2020 - 06:30:11: "(16)TFBot<20><BOT><>" disconnected (reason "Server shutting down")
L 10/18/2020 - 06:30:11: "(15)TFBot<19><BOT><>" disconnected (reason "Server shutting down")
L 10/18/2020 - 06:30:11: "(14)TFBot<18><BOT><>" disconnected (reason "Server shutting down")
L 10/18/2020 - 06:30:11: "(13)TFBot<17><BOT><>" disconnected (reason "Server shutting down")
L 10/18/2020 - 06:30:11: "(12)TFBot<16><BOT><>" disconnected (reason "Server shutting down")
L 10/18/2020 - 06:30:11: "(11)TFBot<15><BOT><>" disconnected (reason "Server shutting down")
L 10/18/2020 - 06:30:11: "(10)TFBot<14><BOT><>" disconnected (reason "Server shutting down")
L 10/18/2020 - 06:30:11: "(9)TFBot<13><BOT><>" disconnected (reason "Server shutting down")
L 10/18/2020 - 06:30:11: "(8)TFBot<12><BOT><>" disconnected (reason "Server shutting down")
L 10/18/2020 - 06:30:11: "(7)TFBot<11><BOT><>" disconnected (reason "Server shutting down")
L 10/18/2020 - 06:30:11: "(6)TFBot<10><BOT><>" disconnected (reason "Server shutting down")
L 10/18/2020 - 06:30:11: "(5)TFBot<9><BOT><>" disconnected (reason "Server shutting down")
L 10/18/2020 - 06:30:11: "(4)TFBot<8><BOT><>" disconnected (reason "Server shutting down")
L 10/18/2020 - 06:30:11: "(3)TFBot<7><BOT><>" disconnected (reason "Server shutting down")
L 10/18/2020 - 06:30:11: "(2)TFBot<6><BOT><>" disconnected (reason "Server shutting down")
L 10/18/2020 - 06:30:11: "(1)TFBot<5><BOT><>" disconnected (reason "Server shutting down")
L 10/18/2020 - 06:30:11: "TFBot<4><BOT><>" disconnected (reason "Server shutting down")
L 10/18/2020 - 06:30:11: server_message: "quit"
L 10/18/2020 - 06:30:12: Log file closed.
