L 10/16/2020 - 06:30:39: Log file started (file "logs/L1016000.log") (game "/home/tf2server.mememachines/serverfiles/tf") (version "6145689")
L 10/16/2020 - 06:30:39: server_cvar: "sv_contact" "admin@pancakes.tf"
L 10/16/2020 - 06:30:39: server_cvar: "tfh_birthday" "1"
L 10/16/2020 - 06:30:39: server_cvar: "tfh_endoftheline" "1"
L 10/16/2020 - 06:30:39: server_cvar: "tfh_fullmoon" "1"
L 10/16/2020 - 06:30:39: server_cvar: "tfh_normalhealth" "1"
L 10/16/2020 - 06:30:39: server_cvar: "tfh_winter" "1"
L 10/16/2020 - 06:30:39: server_cvar: "mp_tournament_readymode" "1"
L 10/16/2020 - 06:30:39: server_cvar: "tf_mvm_min_players_to_start" "2"
L 10/16/2020 - 06:30:39: server_cvar: "sv_tags" "alltalk,best,crazy,custom,discord,fast,friends,fun,funny,la,machine,meme,mvm,pancakes,pancakestf,perks,pot"
L 10/16/2020 - 06:30:39: server_cvar: "sv_tags" "alltalk,best,crazy,custom,discord,fast,friends,fun,funny,la,machine,meme,mvm,pancakes,pancakestf,perks,pot"
L 10/16/2020 - 06:30:40: Connection to Steam servers successful.
L 10/16/2020 - 06:30:40:    Public IP is 104.192.224.18.
L 10/16/2020 - 06:30:40: Assigned anonymous gameserver Steam ID [A:1:1246669827:15726].
L 10/16/2020 - 06:30:40: VAC secure mode is activated.
L 10/16/2020 - 18:23:52: "um idiota legal.3.<2><[U:1:857958323]><>" connected, address "45.6.162.12:27005"
L 10/16/2020 - 18:23:52: "um idiota legal.3.<2><[U:1:857958323]><>" STEAM USERID validated
L 10/16/2020 - 18:30:14: "um idiota legal.3.<2><[U:1:857958323]><>" entered the game
L 10/16/2020 - 18:30:47: MVM assigned um idiota legal.3. to defending team (5 more slots remaining after us)
L 10/16/2020 - 18:30:47: MVM assigned um idiota legal.3. to defending team (5 more slots remaining after us)
L 10/16/2020 - 18:30:47: "um idiota legal.3.<2><[U:1:857958323]><Unassigned>" joined team "Red"
L 10/16/2020 - 18:30:50: "um idiota legal.3.<2><[U:1:857958323]><Red>" changed role to "pyro"
L 10/16/2020 - 18:30:50: "TFBot<3><BOT><>" connected, address "none"
L 10/16/2020 - 18:30:50: "<3><BOT><>" entered the game
L 10/16/2020 - 18:30:50: "TFBot<3><BOT><Unassigned>" joined team "Spectator"
L 10/16/2020 - 18:30:50: "(1)TFBot<4><BOT><>" connected, address "none"
L 10/16/2020 - 18:30:50: "<4><BOT><>" entered the game
L 10/16/2020 - 18:30:50: "TFBot<4><BOT><Unassigned>" joined team "Spectator"
L 10/16/2020 - 18:30:50: "(2)TFBot<5><BOT><>" connected, address "none"
L 10/16/2020 - 18:30:50: "<5><BOT><>" entered the game
L 10/16/2020 - 18:30:50: "TFBot<5><BOT><Unassigned>" joined team "Spectator"
L 10/16/2020 - 18:30:50: "(3)TFBot<6><BOT><>" connected, address "none"
L 10/16/2020 - 18:30:50: "<6><BOT><>" entered the game
L 10/16/2020 - 18:30:50: "TFBot<6><BOT><Unassigned>" joined team "Spectator"
L 10/16/2020 - 18:30:50: "(4)TFBot<7><BOT><>" connected, address "none"
L 10/16/2020 - 18:30:50: "<7><BOT><>" entered the game
L 10/16/2020 - 18:30:50: "TFBot<7><BOT><Unassigned>" joined team "Spectator"
L 10/16/2020 - 18:30:50: "(5)TFBot<8><BOT><>" connected, address "none"
L 10/16/2020 - 18:30:50: "<8><BOT><>" entered the game
L 10/16/2020 - 18:30:50: "TFBot<8><BOT><Unassigned>" joined team "Spectator"
L 10/16/2020 - 18:30:50: "(6)TFBot<9><BOT><>" connected, address "none"
L 10/16/2020 - 18:30:50: "<9><BOT><>" entered the game
L 10/16/2020 - 18:30:50: "TFBot<9><BOT><Unassigned>" joined team "Spectator"
L 10/16/2020 - 18:30:50: "(7)TFBot<10><BOT><>" connected, address "none"
L 10/16/2020 - 18:30:50: "<10><BOT><>" entered the game
L 10/16/2020 - 18:30:50: "TFBot<10><BOT><Unassigned>" joined team "Spectator"
L 10/16/2020 - 18:30:50: "(8)TFBot<11><BOT><>" connected, address "none"
L 10/16/2020 - 18:30:50: "<11><BOT><>" entered the game
L 10/16/2020 - 18:30:50: "TFBot<11><BOT><Unassigned>" joined team "Spectator"
L 10/16/2020 - 18:30:50: "(9)TFBot<12><BOT><>" connected, address "none"
L 10/16/2020 - 18:30:50: "<12><BOT><>" entered the game
L 10/16/2020 - 18:30:50: "TFBot<12><BOT><Unassigned>" joined team "Spectator"
L 10/16/2020 - 18:30:50: "(10)TFBot<13><BOT><>" connected, address "none"
L 10/16/2020 - 18:30:50: "<13><BOT><>" entered the game
L 10/16/2020 - 18:30:50: "TFBot<13><BOT><Unassigned>" joined team "Spectator"
L 10/16/2020 - 18:30:50: "(11)TFBot<14><BOT><>" connected, address "none"
L 10/16/2020 - 18:30:50: "<14><BOT><>" entered the game
L 10/16/2020 - 18:30:50: "TFBot<14><BOT><Unassigned>" joined team "Spectator"
L 10/16/2020 - 18:30:50: "(12)TFBot<15><BOT><>" connected, address "none"
L 10/16/2020 - 18:30:50: "<15><BOT><>" entered the game
L 10/16/2020 - 18:30:50: "TFBot<15><BOT><Unassigned>" joined team "Spectator"
L 10/16/2020 - 18:30:50: "(13)TFBot<16><BOT><>" connected, address "none"
L 10/16/2020 - 18:30:50: "<16><BOT><>" entered the game
L 10/16/2020 - 18:30:50: "TFBot<16><BOT><Unassigned>" joined team "Spectator"
L 10/16/2020 - 18:30:50: "(14)TFBot<17><BOT><>" connected, address "none"
L 10/16/2020 - 18:30:50: "<17><BOT><>" entered the game
L 10/16/2020 - 18:30:50: "TFBot<17><BOT><Unassigned>" joined team "Spectator"
L 10/16/2020 - 18:30:50: "(15)TFBot<18><BOT><>" connected, address "none"
L 10/16/2020 - 18:30:50: "<18><BOT><>" entered the game
L 10/16/2020 - 18:30:50: "TFBot<18><BOT><Unassigned>" joined team "Spectator"
L 10/16/2020 - 18:30:50: "(16)TFBot<19><BOT><>" connected, address "none"
L 10/16/2020 - 18:30:50: "<19><BOT><>" entered the game
L 10/16/2020 - 18:30:50: "TFBot<19><BOT><Unassigned>" joined team "Spectator"
L 10/16/2020 - 18:30:50: "(17)TFBot<20><BOT><>" connected, address "none"
L 10/16/2020 - 18:30:50: "<20><BOT><>" entered the game
L 10/16/2020 - 18:30:50: "TFBot<20><BOT><Unassigned>" joined team "Spectator"
L 10/16/2020 - 18:30:50: "(18)TFBot<21><BOT><>" connected, address "none"
L 10/16/2020 - 18:30:50: "<21><BOT><>" entered the game
L 10/16/2020 - 18:30:50: "TFBot<21><BOT><Unassigned>" joined team "Spectator"
L 10/16/2020 - 18:30:50: "(19)TFBot<22><BOT><>" connected, address "none"
L 10/16/2020 - 18:30:50: "<22><BOT><>" entered the game
L 10/16/2020 - 18:30:50: "TFBot<22><BOT><Unassigned>" joined team "Spectator"
L 10/16/2020 - 18:30:50: "(20)TFBot<23><BOT><>" connected, address "none"
L 10/16/2020 - 18:30:50: "<23><BOT><>" entered the game
L 10/16/2020 - 18:30:50: "TFBot<23><BOT><Unassigned>" joined team "Spectator"
L 10/16/2020 - 18:30:50: "(21)TFBot<24><BOT><>" connected, address "none"
L 10/16/2020 - 18:30:50: "<24><BOT><>" entered the game
L 10/16/2020 - 18:30:50: "TFBot<24><BOT><Unassigned>" joined team "Spectator"
L 10/16/2020 - 18:30:50: server_cvar: "mp_tournament" "1"
L 10/16/2020 - 18:30:50: server_cvar: "tf_bot_count" "22"
L 10/16/2020 - 18:31:10: "um idiota legal.3.<2><[U:1:857958323]><Red>" say "!jj"
L 10/16/2020 - 18:31:15: "um idiota legal.3.<2><[U:1:857958323]><Red>" say "!dd"
L 10/16/2020 - 18:31:32: "um idiota legal.3.<2><[U:1:857958323]><Red>" say "!taunt"
L 10/16/2020 - 18:31:46: "um idiota legal.3.<2><[U:1:857958323]><Red>" say "!fk"
L 10/16/2020 - 18:31:56: "um idiota legal.3.<2><[U:1:857958323]><Red>" say "!bhop"
L 10/16/2020 - 18:31:59: "um idiota legal.3.<2><[U:1:857958323]><Red>" say "!robot"
L 10/16/2020 - 18:32:21: "um idiota legal.3.<2><[U:1:857958323]><Red>" say "!skiss"
L 10/16/2020 - 18:32:33: "um idiota legal.3.<2><[U:1:857958323]><Red>" say "!eskis"
L 10/16/2020 - 18:33:13: "um idiota legal.3.<2><[U:1:857958323]><Red>" say "!jumpi"
L 10/16/2020 - 18:34:16: "um idiota legal.3.<2><[U:1:857958323]><Red>" say_team "!grup"
L 10/16/2020 - 18:35:31: "um idiota legal.3.<2><[U:1:857958323]><Red>" say "!kill"
L 10/16/2020 - 18:35:41: "um idiota legal.3.<2><[U:1:857958323]><Red>" say "!comands"
L 10/16/2020 - 18:36:30: "um idiota legal.3.<2><[U:1:857958323]><Red>" say "!joinblu"
L 10/16/2020 - 18:36:34: "um idiota legal.3.<2><[U:1:857958323]><Red>" disconnected (reason "Disconnect by user.")
L 10/16/2020 - 18:36:34: MVM assigned um idiota legal.3. to defending team (4 more slots remaining after us)
L 10/17/2020 - 06:30:11: server_cvar: "mp_tournament" "0"
L 10/17/2020 - 06:30:11: [META] Loaded 0 plugins (1 already loaded)
L 10/17/2020 - 06:30:11: "(21)TFBot<24><BOT><>" disconnected (reason "Server shutting down")
L 10/17/2020 - 06:30:11: "(20)TFBot<23><BOT><>" disconnected (reason "Server shutting down")
L 10/17/2020 - 06:30:11: "(19)TFBot<22><BOT><>" disconnected (reason "Server shutting down")
L 10/17/2020 - 06:30:11: "(18)TFBot<21><BOT><>" disconnected (reason "Server shutting down")
L 10/17/2020 - 06:30:11: "(17)TFBot<20><BOT><>" disconnected (reason "Server shutting down")
L 10/17/2020 - 06:30:11: "(16)TFBot<19><BOT><>" disconnected (reason "Server shutting down")
L 10/17/2020 - 06:30:11: "(15)TFBot<18><BOT><>" disconnected (reason "Server shutting down")
L 10/17/2020 - 06:30:11: "(14)TFBot<17><BOT><>" disconnected (reason "Server shutting down")
L 10/17/2020 - 06:30:11: "(13)TFBot<16><BOT><>" disconnected (reason "Server shutting down")
L 10/17/2020 - 06:30:11: "(12)TFBot<15><BOT><>" disconnected (reason "Server shutting down")
L 10/17/2020 - 06:30:11: "(11)TFBot<14><BOT><>" disconnected (reason "Server shutting down")
L 10/17/2020 - 06:30:11: "(10)TFBot<13><BOT><>" disconnected (reason "Server shutting down")
L 10/17/2020 - 06:30:11: "(9)TFBot<12><BOT><>" disconnected (reason "Server shutting down")
L 10/17/2020 - 06:30:11: "(8)TFBot<11><BOT><>" disconnected (reason "Server shutting down")
L 10/17/2020 - 06:30:11: "(7)TFBot<10><BOT><>" disconnected (reason "Server shutting down")
L 10/17/2020 - 06:30:11: "(6)TFBot<9><BOT><>" disconnected (reason "Server shutting down")
L 10/17/2020 - 06:30:11: "(5)TFBot<8><BOT><>" disconnected (reason "Server shutting down")
L 10/17/2020 - 06:30:11: "(4)TFBot<7><BOT><>" disconnected (reason "Server shutting down")
L 10/17/2020 - 06:30:11: "(3)TFBot<6><BOT><>" disconnected (reason "Server shutting down")
L 10/17/2020 - 06:30:11: "(2)TFBot<5><BOT><>" disconnected (reason "Server shutting down")
L 10/17/2020 - 06:30:11: "(1)TFBot<4><BOT><>" disconnected (reason "Server shutting down")
L 10/17/2020 - 06:30:11: "TFBot<3><BOT><>" disconnected (reason "Server shutting down")
L 10/17/2020 - 06:30:11: server_message: "quit"
L 10/17/2020 - 06:30:11: Log file closed.
