L 10/18/2020 - 06:30:40: Log file started (file "logs/L1018000.log") (game "/home/tf2server.mememachines/serverfiles/tf") (version "6145689")
L 10/18/2020 - 06:30:40: server_cvar: "sv_contact" "admin@pancakes.tf"
L 10/18/2020 - 06:30:40: server_cvar: "tfh_birthday" "1"
L 10/18/2020 - 06:30:40: server_cvar: "tfh_endoftheline" "1"
L 10/18/2020 - 06:30:40: server_cvar: "tfh_fullmoon" "1"
L 10/18/2020 - 06:30:40: server_cvar: "tfh_normalhealth" "1"
L 10/18/2020 - 06:30:40: server_cvar: "tfh_winter" "1"
L 10/18/2020 - 06:30:40: server_cvar: "mp_tournament_readymode" "1"
L 10/18/2020 - 06:30:40: server_cvar: "tf_mvm_min_players_to_start" "2"
L 10/18/2020 - 06:30:40: server_cvar: "sv_tags" "alltalk,best,crazy,custom,discord,fast,friends,fun,funny,la,machine,meme,mvm,pancakes,pancakestf,perks,pot"
L 10/18/2020 - 06:30:40: server_cvar: "sv_tags" "alltalk,best,crazy,custom,discord,fast,friends,fun,funny,la,machine,meme,mvm,pancakes,pancakestf,perks,pot"
L 10/18/2020 - 06:30:40: Connection to Steam servers successful.
L 10/18/2020 - 06:30:40:    Public IP is 104.192.224.18.
L 10/18/2020 - 06:30:40: Assigned anonymous gameserver Steam ID [A:1:3698737155:15737].
L 10/18/2020 - 06:30:40: VAC secure mode is activated.
L 10/18/2020 - 07:27:21: "That One Dude<2><[U:1:339723396]><>" connected, address "83.251.82.175:27005"
L 10/18/2020 - 07:27:21: "That One Dude<2><[U:1:339723396]><>" STEAM USERID validated
L 10/18/2020 - 07:32:27: "That One Dude<2><[U:1:339723396]><>" entered the game
L 10/18/2020 - 07:32:43: MVM assigned That One Dude to defending team (5 more slots remaining after us)
L 10/18/2020 - 07:32:43: MVM assigned That One Dude to defending team (5 more slots remaining after us)
L 10/18/2020 - 07:32:43: "That One Dude<2><[U:1:339723396]><Unassigned>" joined team "Red"
L 10/18/2020 - 07:32:47: "That One Dude<2><[U:1:339723396]><Red>" changed role to "pyro"
L 10/18/2020 - 07:32:47: "TFBot<3><BOT><>" connected, address "none"
L 10/18/2020 - 07:32:47: "<3><BOT><>" entered the game
L 10/18/2020 - 07:32:47: "TFBot<3><BOT><Unassigned>" joined team "Spectator"
L 10/18/2020 - 07:32:47: "(1)TFBot<4><BOT><>" connected, address "none"
L 10/18/2020 - 07:32:47: "<4><BOT><>" entered the game
L 10/18/2020 - 07:32:47: "TFBot<4><BOT><Unassigned>" joined team "Spectator"
L 10/18/2020 - 07:32:47: "(2)TFBot<5><BOT><>" connected, address "none"
L 10/18/2020 - 07:32:47: "<5><BOT><>" entered the game
L 10/18/2020 - 07:32:47: "TFBot<5><BOT><Unassigned>" joined team "Spectator"
L 10/18/2020 - 07:32:47: "(3)TFBot<6><BOT><>" connected, address "none"
L 10/18/2020 - 07:32:47: "<6><BOT><>" entered the game
L 10/18/2020 - 07:32:47: "TFBot<6><BOT><Unassigned>" joined team "Spectator"
L 10/18/2020 - 07:32:47: "(4)TFBot<7><BOT><>" connected, address "none"
L 10/18/2020 - 07:32:47: "<7><BOT><>" entered the game
L 10/18/2020 - 07:32:47: "TFBot<7><BOT><Unassigned>" joined team "Spectator"
L 10/18/2020 - 07:32:47: "(5)TFBot<8><BOT><>" connected, address "none"
L 10/18/2020 - 07:32:47: "<8><BOT><>" entered the game
L 10/18/2020 - 07:32:47: "TFBot<8><BOT><Unassigned>" joined team "Spectator"
L 10/18/2020 - 07:32:47: "(6)TFBot<9><BOT><>" connected, address "none"
L 10/18/2020 - 07:32:47: "<9><BOT><>" entered the game
L 10/18/2020 - 07:32:47: "TFBot<9><BOT><Unassigned>" joined team "Spectator"
L 10/18/2020 - 07:32:47: "(7)TFBot<10><BOT><>" connected, address "none"
L 10/18/2020 - 07:32:47: "<10><BOT><>" entered the game
L 10/18/2020 - 07:32:47: "TFBot<10><BOT><Unassigned>" joined team "Spectator"
L 10/18/2020 - 07:32:47: "(8)TFBot<11><BOT><>" connected, address "none"
L 10/18/2020 - 07:32:47: "<11><BOT><>" entered the game
L 10/18/2020 - 07:32:47: "TFBot<11><BOT><Unassigned>" joined team "Spectator"
L 10/18/2020 - 07:32:47: "(9)TFBot<12><BOT><>" connected, address "none"
L 10/18/2020 - 07:32:47: "<12><BOT><>" entered the game
L 10/18/2020 - 07:32:47: "TFBot<12><BOT><Unassigned>" joined team "Spectator"
L 10/18/2020 - 07:32:47: "(10)TFBot<13><BOT><>" connected, address "none"
L 10/18/2020 - 07:32:47: "<13><BOT><>" entered the game
L 10/18/2020 - 07:32:47: "TFBot<13><BOT><Unassigned>" joined team "Spectator"
L 10/18/2020 - 07:32:47: "(11)TFBot<14><BOT><>" connected, address "none"
L 10/18/2020 - 07:32:47: "<14><BOT><>" entered the game
L 10/18/2020 - 07:32:47: "TFBot<14><BOT><Unassigned>" joined team "Spectator"
L 10/18/2020 - 07:32:47: "(12)TFBot<15><BOT><>" connected, address "none"
L 10/18/2020 - 07:32:47: "<15><BOT><>" entered the game
L 10/18/2020 - 07:32:47: "TFBot<15><BOT><Unassigned>" joined team "Spectator"
L 10/18/2020 - 07:32:47: "(13)TFBot<16><BOT><>" connected, address "none"
L 10/18/2020 - 07:32:47: "<16><BOT><>" entered the game
L 10/18/2020 - 07:32:47: "TFBot<16><BOT><Unassigned>" joined team "Spectator"
L 10/18/2020 - 07:32:47: "(14)TFBot<17><BOT><>" connected, address "none"
L 10/18/2020 - 07:32:47: "<17><BOT><>" entered the game
L 10/18/2020 - 07:32:47: "TFBot<17><BOT><Unassigned>" joined team "Spectator"
L 10/18/2020 - 07:32:47: "(15)TFBot<18><BOT><>" connected, address "none"
L 10/18/2020 - 07:32:47: "<18><BOT><>" entered the game
L 10/18/2020 - 07:32:47: "TFBot<18><BOT><Unassigned>" joined team "Spectator"
L 10/18/2020 - 07:32:47: "(16)TFBot<19><BOT><>" connected, address "none"
L 10/18/2020 - 07:32:47: "<19><BOT><>" entered the game
L 10/18/2020 - 07:32:47: "TFBot<19><BOT><Unassigned>" joined team "Spectator"
L 10/18/2020 - 07:32:47: "(17)TFBot<20><BOT><>" connected, address "none"
L 10/18/2020 - 07:32:47: "<20><BOT><>" entered the game
L 10/18/2020 - 07:32:47: "TFBot<20><BOT><Unassigned>" joined team "Spectator"
L 10/18/2020 - 07:32:47: "(18)TFBot<21><BOT><>" connected, address "none"
L 10/18/2020 - 07:32:47: "<21><BOT><>" entered the game
L 10/18/2020 - 07:32:47: "TFBot<21><BOT><Unassigned>" joined team "Spectator"
L 10/18/2020 - 07:32:47: "(19)TFBot<22><BOT><>" connected, address "none"
L 10/18/2020 - 07:32:47: "<22><BOT><>" entered the game
L 10/18/2020 - 07:32:47: "TFBot<22><BOT><Unassigned>" joined team "Spectator"
L 10/18/2020 - 07:32:47: "(20)TFBot<23><BOT><>" connected, address "none"
L 10/18/2020 - 07:32:47: "<23><BOT><>" entered the game
L 10/18/2020 - 07:32:47: "TFBot<23><BOT><Unassigned>" joined team "Spectator"
L 10/18/2020 - 07:32:47: "(21)TFBot<24><BOT><>" connected, address "none"
L 10/18/2020 - 07:32:47: "<24><BOT><>" entered the game
L 10/18/2020 - 07:32:47: "TFBot<24><BOT><Unassigned>" joined team "Spectator"
L 10/18/2020 - 07:32:47: server_cvar: "mp_tournament" "1"
L 10/18/2020 - 07:32:48: server_cvar: "tf_bot_count" "22"
L 10/18/2020 - 07:33:07: "That One Dude<2><[U:1:339723396]><Red>" say "!taunts"
L 10/18/2020 - 07:33:59: "creeperface941<25><[U:1:1135568273]><>" connected, address "37.189.122.230:63798"
L 10/18/2020 - 07:33:59: "creeperface941<25><[U:1:1135568273]><>" STEAM USERID validated
L 10/18/2020 - 07:34:17: "That One Dude<2><[U:1:339723396]><Red>" say "!taunts"
L 10/18/2020 - 07:34:19: STEAMAUTH: Client creeperface941 received failure code 5
L 10/18/2020 - 07:34:19: "creeperface941<25><[U:1:1135568273]><>" disconnected (reason "An issue with your computer is blocking the VAC system. You ...")
L 10/18/2020 - 07:35:13: "That One Dude<2><[U:1:339723396]><Red>" disconnected (reason "Disconnect by user.")
L 10/18/2020 - 07:35:13: MVM assigned That One Dude to defending team (4 more slots remaining after us)
L 10/18/2020 - 07:36:17: "creeperface941<26><[U:1:1135568273]><>" connected, address "37.189.122.230:63798"
L 10/18/2020 - 07:36:17: STEAMAUTH: Client creeperface941 received failure code 5
L 10/18/2020 - 07:36:17: "creeperface941<26><[U:1:1135568273]><>" disconnected (reason "An issue with your computer is blocking the VAC system. You ...")
L 10/19/2020 - 01:53:43: "[TEYLA] FF Foxi Cena<27><[U:1:1006545903]><>" connected, address "46.211.32.62:23545"
L 10/19/2020 - 01:53:43: "[TEYLA] FF Foxi Cena<27><[U:1:1006545903]><>" STEAM USERID validated
L 10/19/2020 - 01:54:39: "[TEYLA] FF Foxi Cena<27><[U:1:1006545903]><>" entered the game
L 10/19/2020 - 01:54:42: "[TEYLA] FF Foxi Cena<27><[U:1:1006545903]><Unassigned>" disconnected (reason "Your interp is too high (0.125 / 0.100 Max)")
L 10/19/2020 - 01:54:42: MVM assigned [TEYLA] FF Foxi Cena to defending team (5 more slots remaining after us)
L 10/19/2020 - 03:15:21: "Nepsi<28><[U:1:1133361551]><>" connected, address "115.132.217.90:27005"
L 10/19/2020 - 03:15:21: "Nepsi<28><[U:1:1133361551]><>" STEAM USERID validated
L 10/19/2020 - 03:16:42: "Nepsi<28><[U:1:1133361551]><>" disconnected (reason "Disconnect by user.")
L 10/19/2020 - 06:30:11: server_cvar: "mp_tournament" "0"
L 10/19/2020 - 06:30:11: [META] Loaded 0 plugins (1 already loaded)
L 10/19/2020 - 06:30:11: "(21)TFBot<24><BOT><>" disconnected (reason "Server shutting down")
L 10/19/2020 - 06:30:11: "(20)TFBot<23><BOT><>" disconnected (reason "Server shutting down")
L 10/19/2020 - 06:30:11: "(19)TFBot<22><BOT><>" disconnected (reason "Server shutting down")
L 10/19/2020 - 06:30:11: "(18)TFBot<21><BOT><>" disconnected (reason "Server shutting down")
L 10/19/2020 - 06:30:11: "(17)TFBot<20><BOT><>" disconnected (reason "Server shutting down")
L 10/19/2020 - 06:30:11: "(16)TFBot<19><BOT><>" disconnected (reason "Server shutting down")
L 10/19/2020 - 06:30:11: "(15)TFBot<18><BOT><>" disconnected (reason "Server shutting down")
L 10/19/2020 - 06:30:11: "(14)TFBot<17><BOT><>" disconnected (reason "Server shutting down")
L 10/19/2020 - 06:30:11: "(13)TFBot<16><BOT><>" disconnected (reason "Server shutting down")
L 10/19/2020 - 06:30:11: "(12)TFBot<15><BOT><>" disconnected (reason "Server shutting down")
L 10/19/2020 - 06:30:11: "(11)TFBot<14><BOT><>" disconnected (reason "Server shutting down")
L 10/19/2020 - 06:30:11: "(10)TFBot<13><BOT><>" disconnected (reason "Server shutting down")
L 10/19/2020 - 06:30:11: "(9)TFBot<12><BOT><>" disconnected (reason "Server shutting down")
L 10/19/2020 - 06:30:11: "(8)TFBot<11><BOT><>" disconnected (reason "Server shutting down")
L 10/19/2020 - 06:30:11: "(7)TFBot<10><BOT><>" disconnected (reason "Server shutting down")
L 10/19/2020 - 06:30:11: "(6)TFBot<9><BOT><>" disconnected (reason "Server shutting down")
L 10/19/2020 - 06:30:11: "(5)TFBot<8><BOT><>" disconnected (reason "Server shutting down")
L 10/19/2020 - 06:30:11: "(4)TFBot<7><BOT><>" disconnected (reason "Server shutting down")
L 10/19/2020 - 06:30:11: "(3)TFBot<6><BOT><>" disconnected (reason "Server shutting down")
L 10/19/2020 - 06:30:11: "(2)TFBot<5><BOT><>" disconnected (reason "Server shutting down")
L 10/19/2020 - 06:30:11: "(1)TFBot<4><BOT><>" disconnected (reason "Server shutting down")
L 10/19/2020 - 06:30:11: "TFBot<3><BOT><>" disconnected (reason "Server shutting down")
L 10/19/2020 - 06:30:11: server_message: "quit"
L 10/19/2020 - 06:30:11: Log file closed.
