L 10/12/2020 - 06:30:37: Log file started (file "logs/L1012000.log") (game "/home/tf2server.mememachines/serverfiles/tf") (version "6135201")
L 10/12/2020 - 06:30:37: server_cvar: "sv_contact" "admin@pancakes.tf"
L 10/12/2020 - 06:30:37: server_cvar: "tfh_birthday" "1"
L 10/12/2020 - 06:30:37: server_cvar: "tfh_endoftheline" "1"
L 10/12/2020 - 06:30:37: server_cvar: "tfh_fullmoon" "1"
L 10/12/2020 - 06:30:37: server_cvar: "tfh_normalhealth" "1"
L 10/12/2020 - 06:30:37: server_cvar: "tfh_winter" "1"
L 10/12/2020 - 06:30:37: server_cvar: "mp_tournament_readymode" "1"
L 10/12/2020 - 06:30:37: server_cvar: "tf_mvm_min_players_to_start" "2"
L 10/12/2020 - 06:30:37: server_cvar: "sv_tags" "alltalk,best,crazy,custom,discord,fast,friends,fun,funny,la,machine,meme,mvm,pancakes,pancakestf,perks,pot"
L 10/12/2020 - 06:30:37: server_cvar: "sv_tags" "alltalk,best,crazy,custom,discord,fast,friends,fun,funny,la,machine,meme,mvm,pancakes,pancakestf,perks,pot"
L 10/12/2020 - 06:30:38: Connection to Steam servers successful.
L 10/12/2020 - 06:30:38:    Public IP is 104.192.224.18.
L 10/12/2020 - 06:30:38: Assigned anonymous gameserver Steam ID [A:1:2437617675:15705].
L 10/12/2020 - 06:30:38: VAC secure mode is activated.
L 10/12/2020 - 14:41:44: "gibus :3<2><[U:1:1058073376]><>" connected, address "97.90.147.89:27005"
L 10/12/2020 - 14:41:44: "gibus :3<2><[U:1:1058073376]><>" STEAM USERID validated
L 10/12/2020 - 14:43:07: "gibus :3<2><[U:1:1058073376]><>" disconnected (reason "Map is missing")
L 10/13/2020 - 06:30:11: [META] Loaded 0 plugins (1 already loaded)
L 10/13/2020 - 06:30:11: server_message: "quit"
L 10/13/2020 - 06:30:11: Log file closed.
