L 10/14/2020 - 22:32:12: Log file started (file "logs/L1014001.log") (game "/home/tf2server.mememachines/serverfiles/tf") (version "6135201")
L 10/14/2020 - 22:32:12: server_cvar: "sv_contact" "admin@pancakes.tf"
L 10/14/2020 - 22:32:12: server_cvar: "tfh_birthday" "1"
L 10/14/2020 - 22:32:12: server_cvar: "tfh_endoftheline" "1"
L 10/14/2020 - 22:32:12: server_cvar: "tfh_fullmoon" "1"
L 10/14/2020 - 22:32:12: server_cvar: "tfh_normalhealth" "1"
L 10/14/2020 - 22:32:12: server_cvar: "tfh_winter" "1"
L 10/14/2020 - 22:32:12: server_cvar: "mp_tournament_readymode" "1"
L 10/14/2020 - 22:32:12: server_cvar: "tf_mvm_min_players_to_start" "2"
L 10/14/2020 - 22:32:12: server_cvar: "sv_tags" "alltalk,best,crazy,custom,discord,fast,friends,fun,funny,la,machine,meme,mvm,pancakes,pancakestf,perks,pot"
L 10/14/2020 - 22:32:12: server_cvar: "sv_tags" "alltalk,best,crazy,custom,discord,fast,friends,fun,funny,la,machine,meme,mvm,pancakes,pancakestf,perks,pot"
L 10/14/2020 - 22:32:13: Connection to Steam servers successful.
L 10/14/2020 - 22:32:13:    Public IP is 104.192.224.18.
L 10/14/2020 - 22:32:13: Assigned anonymous gameserver Steam ID [A:1:3556042755:15718].
L 10/14/2020 - 22:32:13: VAC secure mode is activated.
L 10/15/2020 - 06:07:58: Connection to Steam servers lost.  (Result = 3)
L 10/15/2020 - 06:08:59: Connection to Steam servers successful.
L 10/15/2020 - 06:08:59:    Public IP is 104.192.224.18.
L 10/15/2020 - 06:08:59: Assigned anonymous gameserver Steam ID [A:1:3556042755:15718].
L 10/15/2020 - 06:08:59: VAC secure mode is activated.
L 10/15/2020 - 06:30:11: [META] Loaded 0 plugins (1 already loaded)
L 10/15/2020 - 06:30:11: server_message: "quit"
L 10/15/2020 - 06:30:11: Log file closed.
