L 10/16/2020 - 03:03:30: SourceMod error session started
L 10/16/2020 - 03:03:30: Info (map "mge_training_v8_beta4b") (file "/home/tf2server.mge/serverfiles/tf/addons/sourcemod/logs/errors_20201016.log")
L 10/16/2020 - 03:03:30: [hive365.smx] [Hive365] socket error 3 (errno 1)
L 10/16/2020 - 04:39:30: [hive365.smx] [Hive365] socket error 3 (errno 1)
L 10/16/2020 - 06:30:12: Error log file session closed.
L 10/16/2020 - 06:30:30: SourceMod error session started
L 10/16/2020 - 06:30:30: Info (map "mge_training_v8_beta4b") (file "/home/tf2server.mge/serverfiles/tf/addons/sourcemod/logs/errors_20201016.log")
L 10/16/2020 - 06:30:30: [mgemod.smx] Cant use database config <mgemod> <Error: >, trying SQLite <storage-local>...
L 10/16/2020 - 06:30:30: [mgemod.smx] Success, using SQLite <storage-local>
L 10/16/2020 - 06:30:39: [ngs_backpacktf.smx] backpack.tf API failed: We are being rate-limited by backpack.tf, next request allowed in 29 seconds, making a timer for it!
L 10/16/2020 - 06:31:09: [ngs_backpacktf.smx] backpack.tf API failed: We are being rate-limited by backpack.tf, next request allowed in 30 seconds, making a timer for it!
L 10/16/2020 - 06:31:41: [ngs_backpacktf.smx] backpack.tf API failed: We are being rate-limited by backpack.tf, next request allowed in 29 seconds, making a timer for it!
L 10/16/2020 - 06:32:11: [ngs_backpacktf.smx] backpack.tf API failed: We are being rate-limited by backpack.tf, next request allowed in 30 seconds, making a timer for it!
L 10/16/2020 - 07:32:45: [ngs_backpacktf.smx] backpack.tf API failed: We are being rate-limited by backpack.tf, next request allowed in 3 seconds, making a timer for it!
L 10/16/2020 - 09:32:56: [ngs_backpacktf.smx] backpack.tf API failed: We are being rate-limited by backpack.tf, next request allowed in 11 seconds, making a timer for it!
L 10/16/2020 - 10:33:13: [ngs_backpacktf.smx] backpack.tf API failed: We are being rate-limited by backpack.tf, next request allowed in 10 seconds, making a timer for it!
L 10/16/2020 - 13:33:32: [ngs_backpacktf.smx] backpack.tf API failed: We are being rate-limited by backpack.tf, next request allowed in 7 seconds, making a timer for it!
L 10/16/2020 - 14:33:42: [ngs_backpacktf.smx] backpack.tf API failed: We are being rate-limited by backpack.tf, next request allowed in 2 seconds, making a timer for it!
L 10/16/2020 - 16:33:49: [ngs_backpacktf.smx] backpack.tf API failed: We are being rate-limited by backpack.tf, next request allowed in 5 seconds, making a timer for it!
L 10/16/2020 - 18:33:59: [ngs_backpacktf.smx] backpack.tf API failed: We are being rate-limited by backpack.tf, next request allowed in 9 seconds, making a timer for it!
L 10/16/2020 - 19:34:13: [ngs_backpacktf.smx] backpack.tf API failed: We are being rate-limited by backpack.tf, next request allowed in 21 seconds, making a timer for it!
L 10/17/2020 - 00:00:00: Error log file session closed.
