L 10/18/2020 - 00:23:22: SourceMod error session started
L 10/18/2020 - 00:23:22: Info (map "mge_training_v8_beta4b") (file "/home/tf2server.mge/serverfiles/tf/addons/sourcemod/logs/errors_20201018.log")
L 10/18/2020 - 00:23:22: [SM] Exception reported: Entity -1 (-1) is invalid
L 10/18/2020 - 00:23:22: [SM] Blaming: mgemod.smx
L 10/18/2020 - 00:23:22: [SM] Call stack trace:
L 10/18/2020 - 00:23:22: [SM]   [0] SetEntPropFloat
L 10/18/2020 - 00:23:22: [SM]   [1] Line 5493, mgemod.sp::ResetArena
L 10/18/2020 - 00:23:22: [SM]   [2] Line 4629, mgemod.sp::Timer_StartDuel
L 10/18/2020 - 06:30:12: Error log file session closed.
L 10/18/2020 - 06:30:33: SourceMod error session started
L 10/18/2020 - 06:30:33: Info (map "mge_training_v8_beta4b") (file "/home/tf2server.mge/serverfiles/tf/addons/sourcemod/logs/errors_20201018.log")
L 10/18/2020 - 06:30:33: [mgemod.smx] Cant use database config <mgemod> <Error: >, trying SQLite <storage-local>...
L 10/18/2020 - 06:30:33: [mgemod.smx] Success, using SQLite <storage-local>
L 10/18/2020 - 06:30:43: [ngs_backpacktf.smx] backpack.tf API failed: We are being rate-limited by backpack.tf, next request allowed in 30 seconds, making a timer for it!
L 10/18/2020 - 07:31:16: [ngs_backpacktf.smx] backpack.tf API failed: We are being rate-limited by backpack.tf, next request allowed in 3 seconds, making a timer for it!
L 10/18/2020 - 08:31:22: [ngs_backpacktf.smx] backpack.tf API failed: We are being rate-limited by backpack.tf, next request allowed in 2 seconds, making a timer for it!
L 10/18/2020 - 09:31:28: [ngs_backpacktf.smx] backpack.tf API failed: We are being rate-limited by backpack.tf, next request allowed in 5 seconds, making a timer for it!
L 10/18/2020 - 10:31:36: [ngs_backpacktf.smx] backpack.tf API failed: We are being rate-limited by backpack.tf, next request allowed in 4 seconds, making a timer for it!
L 10/18/2020 - 11:31:43: [ngs_backpacktf.smx] backpack.tf API failed: We are being rate-limited by backpack.tf, next request allowed in 1 seconds, making a timer for it!
L 10/18/2020 - 12:31:47: [ngs_backpacktf.smx] backpack.tf API failed: We are being rate-limited by backpack.tf, next request allowed in 4 seconds, making a timer for it!
L 10/18/2020 - 13:31:54: [ngs_backpacktf.smx] backpack.tf API failed: We are being rate-limited by backpack.tf, next request allowed in 1 seconds, making a timer for it!
L 10/19/2020 - 00:00:00: Error log file session closed.
