L 10/20/2020 - 06:30:55: Log file started (file "logs/L1020000.log") (game "/home/tf2server.jumpclassic/serverfiles/tf") (version "6145689")
L 10/20/2020 - 06:30:55: server_cvar: "sv_contact" "admin@pancakes.tf"
L 10/20/2020 - 06:30:55: server_cvar: "tfh_fullmoon" "1"
L 10/20/2020 - 06:30:55: server_cvar: "tfh_winter" "1"
L 10/20/2020 - 06:30:55: server_cvar: "tfh_birthday" "1"
L 10/20/2020 - 06:30:55: server_cvar: "tfh_endoftheline" "1"
L 10/20/2020 - 06:30:55: server_cvar: "tfh_normalhealth" "1"
L 10/20/2020 - 06:30:55: server_cvar: "mp_forceautoteam" "1"
L 10/20/2020 - 06:30:55: Connection to Steam servers successful.
L 10/20/2020 - 06:30:55:    Public IP is 104.192.224.18.
L 10/20/2020 - 06:30:55: Assigned persistent gameserver Steam ID [G:1:3462939].
L 10/20/2020 - 06:30:55: VAC secure mode is activated.
L 10/20/2020 - 06:30:55: server_cvar: "mp_respawnwavetime" "0"
L 10/20/2020 - 06:30:55: server_cvar: "sv_noclipspeed" "2.500000"
L 10/20/2020 - 06:30:55: server_cvar: "tf_weapon_criticals" "0"
L 10/20/2020 - 06:30:55: server_cvar: "sv_tags" "academy,alltalk,cp,fast,fun,increased_maxplayers,jump,la,learning,nocrits,norespawntime,pancakes,respawntimes,soldier,trai"
L 10/20/2020 - 06:30:55: server_cvar: "sv_tags" "academy,alltalk,cp,fast,fun,increased_maxplayers,jump,la,learning,nocrits,norespawntime,pancakes,respawntimes,soldier,trai"
L 10/20/2020 - 06:56:09: "BenisMunch<2><[U:1:923994577]><>" connected, address "75.141.103.251:27005"
L 10/20/2020 - 06:56:09: "BenisMunch<2><[U:1:923994577]><>" STEAM USERID validated
L 10/20/2020 - 06:56:21: "JumpBOT<3><BOT><>" connected, address "none"
L 10/20/2020 - 06:56:21: "JumpBOT<3><BOT><>" entered the game
L 10/20/2020 - 06:56:21: "BenisMunch<2><[U:1:923994577]><>" entered the game
L 10/20/2020 - 06:56:24: server_cvar: "tf_bot_count" "1"
L 10/20/2020 - 06:56:24: server_cvar: "sv_tags" "academy,alltalk,bots,cp,fast,fun,increased_maxplayers,jump,la,learning,nocrits,norespawntime,pancakes,respawntimes,soldier,trai"
L 10/20/2020 - 06:56:24: server_cvar: "sv_tags" "academy,alltalk,bots,cp,fast,fun,increased_maxplayers,jump,la,learning,nocrits,norespawntime,pancakes,respawntimes,soldier,trai"
L 10/20/2020 - 06:56:25: "BenisMunch<2><[U:1:923994577]><Unassigned>" joined team "Blue"
L 10/20/2020 - 06:56:27: "BenisMunch<2><[U:1:923994577]><Blue>" changed role to "soldier"
L 10/20/2020 - 06:56:27: "JumpBOT<3><BOT><Unassigned>" joined team "Blue"
L 10/20/2020 - 06:56:39: "BenisMunch<2><[U:1:923994577]><Blue>" joined team "Red"
L 10/20/2020 - 06:56:39: "BenisMunch<2><[U:1:923994577]><Red>" committed suicide with "world" (attacker_position "-3356 216 -1023")
L 10/20/2020 - 06:57:29: "JumpBOT<3><BOT><Blue>" joined team "Red"
L 10/20/2020 - 06:57:29: "BenisMunch<2><[U:1:923994577]><Red>" joined team "Spectator"
L 10/20/2020 - 06:57:34: "BenisMunch<2><[U:1:923994577]><Spectator>" joined team "Red"
L 10/20/2020 - 07:01:29: "BenisMunch<2><[U:1:923994577]><Red>" joined team "Spectator"
L 10/20/2020 - 07:01:34: "BenisMunch<2><[U:1:923994577]><Spectator>" joined team "Red"
L 10/20/2020 - 07:04:45: "TheChatero<4><[U:1:1061106401]><>" connected, address "190.164.199.20:27005"
L 10/20/2020 - 07:04:45: "TheChatero<4><[U:1:1061106401]><>" STEAM USERID validated
L 10/20/2020 - 07:05:27: "TheChatero<4><[U:1:1061106401]><>" entered the game
L 10/20/2020 - 07:05:34: "TheChatero<4><[U:1:1061106401]><Unassigned>" joined team "Blue"
L 10/20/2020 - 07:05:36: "TheChatero<4><[U:1:1061106401]><Blue>" changed role to "soldier"
L 10/20/2020 - 07:05:42: "TheChatero<4><[U:1:1061106401]><Blue>" joined team "Red"
L 10/20/2020 - 07:05:42: "TheChatero<4><[U:1:1061106401]><Red>" committed suicide with "world" (attacker_position "-3363 216 -1023")
L 10/20/2020 - 07:06:04: "BenisMunch<2><[U:1:923994577]><Red>" joined team "Spectator"
L 10/20/2020 - 07:06:10: "BenisMunch<2><[U:1:923994577]><Spectator>" joined team "Red"
L 10/20/2020 - 07:06:23: "BenisMunch<2><[U:1:923994577]><Red>" joined team "Spectator"
L 10/20/2020 - 07:06:29: "BenisMunch<2><[U:1:923994577]><Spectator>" joined team "Red"
L 10/20/2020 - 07:06:43: Team "Red" triggered "pointcaptured" (cp "0") (cpname "[0*] ABC Course") (numcappers "1") (player1 "TheChatero<4><[U:1:1061106401]><Red>") (position1 "-342 4743 1948") 
L 10/20/2020 - 07:10:01: "TheChatero<4><[U:1:1061106401]><Red>" changed role to "demoman"
L 10/20/2020 - 07:11:17: "TheChatero<4><[U:1:1061106401]><Red>" changed role to "scout"
L 10/20/2020 - 07:11:43: "BenisMunch<2><[U:1:923994577]><Red>" joined team "Spectator"
L 10/20/2020 - 07:11:49: "TheChatero<4><[U:1:1061106401]><Red>" changed role to "soldier"
L 10/20/2020 - 07:11:50: "BenisMunch<2><[U:1:923994577]><Spectator>" joined team "Red"
L 10/20/2020 - 07:13:01: "TheChatero<4><[U:1:1061106401]><Red>" disconnected (reason "Disconnect by user.")
L 10/20/2020 - 07:13:59: "BenisMunch<2><[U:1:923994577]><Red>" joined team "Spectator"
L 10/20/2020 - 07:14:05: "BenisMunch<2><[U:1:923994577]><Spectator>" joined team "Red"
L 10/20/2020 - 07:16:36: "BenisMunch<2><[U:1:923994577]><Red>" joined team "Spectator"
L 10/20/2020 - 07:16:42: "BenisMunch<2><[U:1:923994577]><Spectator>" joined team "Red"
L 10/20/2020 - 07:20:38: "Invisible Man<5><[U:1:448550882]><>" connected, address "174.57.149.235:27005"
L 10/20/2020 - 07:20:38: "Invisible Man<5><[U:1:448550882]><>" STEAM USERID validated
L 10/20/2020 - 07:20:48: "Invisible Man<5><[U:1:448550882]><>" entered the game
L 10/20/2020 - 07:20:52: "Invisible Man<5><[U:1:448550882]><Unassigned>" joined team "Blue"
L 10/20/2020 - 07:20:54: "Invisible Man<5><[U:1:448550882]><Blue>" changed role to "soldier"
L 10/20/2020 - 07:21:05: "Invisible Man<5><[U:1:448550882]><Blue>" joined team "Red"
L 10/20/2020 - 07:21:05: "Invisible Man<5><[U:1:448550882]><Red>" committed suicide with "world" (attacker_position "-3363 217 -1023")
L 10/20/2020 - 07:21:21: "Invisible Man<5><[U:1:448550882]><Red>" joined team "Spectator"
L 10/20/2020 - 07:21:24: "Invisible Man<5><[U:1:448550882]><Spectator>" joined team "Red"
L 10/20/2020 - 07:22:22: "Ziggy<6><[U:1:844327081]><>" connected, address "24.207.51.53:27005"
L 10/20/2020 - 07:22:22: "Ziggy<6><[U:1:844327081]><>" STEAM USERID validated
L 10/20/2020 - 07:22:43: "Ziggy<6><[U:1:844327081]><>" entered the game
L 10/20/2020 - 07:22:51: "Invisible Man<5><[U:1:448550882]><Red>" joined team "Spectator"
L 10/20/2020 - 07:22:56: "Invisible Man<5><[U:1:448550882]><Spectator>" joined team "Red"
L 10/20/2020 - 07:23:03: "Ziggy<6><[U:1:844327081]><Unassigned>" joined team "Blue"
L 10/20/2020 - 07:23:05: "Ziggy<6><[U:1:844327081]><Blue>" changed role to "soldier"
L 10/20/2020 - 07:23:09: "Ziggy<6><[U:1:844327081]><Blue>" joined team "Red"
L 10/20/2020 - 07:23:09: "Ziggy<6><[U:1:844327081]><Red>" committed suicide with "world" (attacker_position "-3356 216 -1023")
L 10/20/2020 - 07:23:21: "Invisible Man<5><[U:1:448550882]><Red>" joined team "Spectator"
L 10/20/2020 - 07:23:24: "Sans<7><[U:1:1115757072]><>" connected, address "77.243.25.144:31590"
L 10/20/2020 - 07:23:24: "Sans<7><[U:1:1115757072]><>" STEAM USERID validated
L 10/20/2020 - 07:23:24: "Invisible Man<5><[U:1:448550882]><Spectator>" joined team "Red"
L 10/20/2020 - 07:23:47: "Sans<7><[U:1:1115757072]><>" entered the game
L 10/20/2020 - 07:23:53: "Sans<7><[U:1:1115757072]><Unassigned>" joined team "Blue"
L 10/20/2020 - 07:23:58: "Sans<7><[U:1:1115757072]><Blue>" changed role to "soldier"
L 10/20/2020 - 07:24:37: Team "Red" triggered "pointcaptured" (cp "0") (cpname "[0*] ABC Course") (numcappers "1") (player1 "Ziggy<6><[U:1:844327081]><Red>") (position1 "-226 4717 1994") 
L 10/20/2020 - 07:24:41: "Sans<7><[U:1:1115757072]><Blue>" joined team "Red"
L 10/20/2020 - 07:24:41: "Sans<7><[U:1:1115757072]><Red>" committed suicide with "world" (attacker_position "-3365 221 -1023")
L 10/20/2020 - 07:25:31: Team "Red" triggered "pointcaptured" (cp "0") (cpname "[0*] ABC Course") (numcappers "1") (player1 "Sans<7><[U:1:1115757072]><Red>") (position1 "-205 4753 1996") 
L 10/20/2020 - 07:25:51: "Ziggy<6><[U:1:844327081]><Red>" disconnected (reason "Disconnect by user.")
L 10/20/2020 - 07:26:11: "BenisMunch<2><[U:1:923994577]><Red>" disconnected (reason "Disconnect by user.")
L 