L 10/13/2020 - 06:30:35: Log file started (file "logs/L1013000.log") (game "/home/tf2server.jumpcomp/serverfiles/tf") (version "6135201")
L 10/13/2020 - 06:30:35: server_cvar: "sv_contact" "admin@pancakes.tf"
L 10/13/2020 - 06:30:35: server_cvar: "tfh_fullmoon" "1"
L 10/13/2020 - 06:30:35: server_cvar: "tfh_winter" "1"
L 10/13/2020 - 06:30:35: server_cvar: "tfh_birthday" "1"
L 10/13/2020 - 06:30:35: server_cvar: "tfh_endoftheline" "1"
L 10/13/2020 - 06:30:35: server_cvar: "tfh_normalhealth" "1"
L 10/13/2020 - 06:30:35: server_cvar: "mp_forceautoteam" "1"
L 10/13/2020 - 06:30:35: Connection to Steam servers successful.
L 10/13/2020 - 06:30:35:    Public IP is 104.192.224.18.
L 10/13/2020 - 06:30:35: Assigned persistent gameserver Steam ID [G:1:3463046].
L 10/13/2020 - 06:30:35: VAC secure mode is activated.
L 10/13/2020 - 06:30:35: server_cvar: "mp_respawnwavetime" "0"
L 10/13/2020 - 06:30:35: server_cvar: "sv_noclipspeed" "2.500000"
L 10/13/2020 - 06:30:35: server_cvar: "tf_weapon_criticals" "0"
L 10/13/2020 - 06:30:35: server_cvar: "sv_tags" "academy,alltalk,cp,fast,fun,increased_maxplayers,jump,la,learning,nocrits,norespawntime,pancakes,respawntimes,soldier,trai"
L 10/13/2020 - 06:30:35: server_cvar: "sv_tags" "academy,alltalk,cp,fast,fun,increased_maxplayers,jump,la,learning,nocrits,norespawntime,pancakes,respawntimes,soldier,trai"
L 10/13/2020 - 07:52:02: "spookther<2><[U:1:909074220]><>" connected, address "72.140.137.112:27005"
L 10/13/2020 - 07:52:03: "spookther<2><[U:1:909074220]><>" STEAM USERID validated
L 10/13/2020 - 07:52:58: "JumpBOT<3><BOT><>" connected, address "none"
L 10/13/2020 - 07:52:58: "JumpBOT<3><BOT><>" entered the game
L 10/13/2020 - 07:52:58: "spookther<2><[U:1:909074220]><>" entered the game
L 10/13/2020 - 07:53:03: server_cvar: "tf_bot_count" "1"
L 10/13/2020 - 07:53:03: server_cvar: "sv_tags" "academy,alltalk,bots,cp,fast,fun,increased_maxplayers,jump,la,learning,nocrits,norespawntime,pancakes,respawntimes,soldier,trai"
L 10/13/2020 - 07:53:03: server_cvar: "sv_tags" "academy,alltalk,bots,cp,fast,fun,increased_maxplayers,jump,la,learning,nocrits,norespawntime,pancakes,respawntimes,soldier,trai"
L 10/13/2020 - 07:53:58: "spookther<2><[U:1:909074220]><Unassigned>" joined team "Red"
L 10/13/2020 - 07:54:03: "spookther<2><[U:1:909074220]><Red>" changed role to "demoman"
L 10/13/2020 - 07:54:03: "JumpBOT<3><BOT><Unassigned>" joined team "Red"
L 10/13/2020 - 07:54:42: "spookther<2><[U:1:909074220]><Red>" committed suicide with "world" (attacker_position "6758 -3616 208")
L 10/13/2020 - 07:55:09: "spookther<2><[U:1:909074220]><Red>" say "!menu"
L 10/13/2020 - 07:55:39: "spookther<2><[U:1:909074220]><Red>" joined team "Blue"
L 10/13/2020 - 07:58:26: "spookther<2><[U:1:909074220]><Blue>" disconnected (reason "Disconnect by user.")
L 10/13/2020 - 08:17:19: "kazarak1000<4><[U:1:382067666]><>" connected, address "70.95.117.57:27005"
L 10/13/2020 - 08:17:19: "kazarak1000<4><[U:1:382067666]><>" STEAM USERID validated
L 10/13/2020 - 08:17:47: "kazarak1000<4><[U:1:382067666]><>" entered the game
L 10/13/2020 - 08:17:51: "kazarak1000<4><[U:1:382067666]><Unassigned>" joined team "Blue"
L 10/13/2020 - 08:17:54: "kazarak1000<4><[U:1:382067666]><Blue>" changed role to "soldier"
L 10/13/2020 - 08:24:11: "JumpBOT<3><BOT><Red>" joined team "Blue"
L 10/13/2020 - 08:24:11: "kazarak1000<4><[U:1:382067666]><Blue>" joined team "Spectator"
L 10/13/2020 - 08:24:17: "kazarak1000<4><[U:1:382067666]><Spectator>" joined team "Blue"
L 10/13/2020 - 08:25:01: "kazarak1000<4><[U:1:382067666]><Blue>" joined team "Spectator"
L 10/13/2020 - 08:25:07: "kazarak1000<4><[U:1:382067666]><Spectator>" joined team "Blue"
L 10/13/2020 - 08:25:39: "kazarak1000<4><[U:1:382067666]><Blue>" disconnected (reason "Disconnect by user.")
L 10/13/2020 - 14:11:07: "AimLoqR / Body Bot.<5><[U:1:924535010]><>" connected, address "107.80.137.72:61971"
L 10/13/2020 - 14:11:08: "AimLoqR / Body Bot.<5><[U:1:924535010]><>" STEAM USERID validated
L 10/13/2020 - 14:12:24: "AimLoqR / Body Bot.<5><[U:1:924535010]><>" entered the game
L 10/13/2020 - 14:12:47: "AimLoqR / Body Bot.<5><[U:1:924535010]><Unassigned>" joined team "Red"
L 10/13/2020 - 14:12:51: "AimLoqR / Body Bot.<5><[U:1:924535010]><Red>" changed role to "soldier"
L 10/13/2020 - 14:13:31: "AimLoqR / Body Bot.<5><[U:1:924535010]><Red>" joined team "Blue"
L 10/13/2020 - 14:15:34: "AimLoqR / Body Bot.<5><[U:1:924535010]><Blue>" joined team "Spectator"
L 10/13/2020 - 14:15:42: "AimLoqR / Body Bot.<5><[U:1:924535010]><Spectator>" joined team "Blue"
L 10/13/2020 - 14:16:42: "AimLoqR / Body Bot.<5><[U:1:924535010]><Blue>" joined team "Spectator"
L 10/13/2020 - 14:16:48: "AimLoqR / Body Bot.<5><[U:1:924535010]><Spectator>" joined team "Blue"
L 10/13/2020 - 14:17:34: "AimLoqR / Body Bot.<5><[U:1:924535010]><Blue>" joined team "Spectator"
L 10/13/2020 - 14:17:41: "AimLoqR / Body Bot.<5><[U:1:924535010]><Spectator>" joined team "Blue"
L 10/13/2020 - 14:18:58: "AimLoqR / Body Bot.<5><[U:1:924535010]><Blue>" joined team "Spectator"
L 10/13/2020 - 14:19:05: "AimLoqR / Body Bot.<5><[U:1:924535010]><Spectator>" joined team "Blue"
L 10/13/2020 - 14:20:31: "AimLoqR / Body Bot.<5><[U:1:924535010]><Blue>" disconnected (reason "Disconnect by user.")
L 10/13/2020 - 14:42:27: "Manchesteros<6><[U:1:1067465446]><>" connected, address "96.40.133.243:27005"
L 10/13/2020 - 14:42:27: "Manchesteros<6><[U:1:1067465446]><>" STEAM USERID validated
L 10/13/2020 - 14:42:39: "Manchesteros<6><[U:1:1067465446]><>" entered the game
L 10/13/2020 - 14:42:44: "Manchesteros<6><[U:1:1067465446]><Unassigned>" joined team "Red"
L 10/13/2020 - 14:42:46: "Manchesteros<6><[U:1:1067465446]><Red>" changed role to "soldier"
L 10/13/2020 - 14:43:09: "Manchesteros<6><[U:1:1067465446]><Red>" joined team "Blue"
L 10/13/2020 - 14:43:50: "uwu<7><[U:1:1074375096]><>" connected, address "45.51.197.90:27005"
L 10/13/2020 - 14:43:50: "uwu<7><[U:1:1074375096]><>" STEAM USERID validated
L 10/13/2020 - 14:44:06: "uwu<7><[U:1:1074375096]><>" entered the game
L 10/13/2020 - 14:44:11: "uwu<7><[U:1:1074375096]><Unassigned>" joined team "Red"
L 10/13/2020 - 14:44:13: "uwu<7><[U:1:1074375096]><Red>" changed role to "soldier"
L 10/13/2020 - 14:44:18: "uwu<7><[U:1:1074375096]><Red>" joined team "Blue"
L 10/13/2020 - 14:44:24: "Manchesteros<6><[U:1:1067465446]><Blue>" committed suicide with "taunt_soldier" (attacker_position "5124 4869 64")
L 10/13/2020 - 14:46:15: "uwu<7><[U:1:1074375096]><Blue>" joined team "Spectator"
L 10/13/2020 - 14:46:24: "uwu<7><[U:1:1074375096]><Spectator>" joined team "Blue"
L 10/13/2020 - 14:48:35: "Manchesteros<6><[U:1:1067465446]><Blue>" say "!showme"
L 10/13/2020 - 14:48:36: "Manchesteros<6><[U:1:1067465446]><Blue>" joined team "Spectator"
L 10/13/2020 - 14:48:42: "Manchesteros<6><[U:1:1067465446]><Spectator>" joined team "Blue"
L 10/13/2020 - 14:50:05: "Manchesteros<6><[U:1:1067465446]><Blue>" say "!showme"
L 10/13/2020 - 14:50:05: "Manchesteros<6><[U:1:1067465446]><Blue>" joined team "Spectator"
L 10/13/2020 - 14:50:12: "Manchesteros<6><[U:1:1067465446]><Spectator>" joined team "Blue"
L 10/13/2020 - 14:52:11: "Manchesteros<6><[U:1:1067465446]><Blue>" say "!showme"
L 10/13/2020 - 14:52:11: "Manchesteros<6><[U:1:1067465446]><Blue>" joined team "Spectator"
L 10/13/2020 - 14:52:18: "Manchesteros<6><[U:1:1067465446]><Spectator>" joined team "Blue"
L 10/13/2020 - 14:52:23: "uwu<7><[U:1:1074375096]><Blue>" say "!showkeys"
L 10/13/2020 - 14:53:54: "Manchesteros<6><[U:1:1067465446]><Blue>" say "!noclipme"
L 10/13/2020 - 14:54:19: "Manchesteros<6><[U:1:1067465446]><Blue>" say "!noclipme"
L 10/13/2020 - 14:54:36: "Manchesteros<6><[U:1:1067465446]><Blue>" say "!noclipme"
L 10/13/2020 - 14:54:56: "uwu<7><[U:1:1074375096]><Blue>" say "!noclipme"
L 10/13/2020 - 14:55:05: Team "Blue" triggered "pointcaptured" (cp "0") (cpname "Beginner Course") (numcappers "1") (player1 "Manchesteros<6><[U:1:1067465446]><Blue>") (position1 "8133 1769 222") 
L 10/13/2020 - 14:55:10: "Manchesteros<6><[U:1:1067465446]><Blue>" say "!noclipme"
L 10/13/2020 - 14:55:17: "uwu<7><[U:1:1074375096]><Blue>" disconnected (reason "Disconnect by user.")
L 10/13/2020 - 14:55:24: "Manchesteros<6><[U:1:1067465446]><Blue>" disconnected (reason "Disconnect by user.")
L 10/13/2020 - 16:00:09: Connection to Steam servers lost.  (Result = 3)
L 10/13/2020 - 16:05:55: Connection to Steam servers successful.
L 10/13/2020 - 16:05:55:    Public IP is 104.192.224.18.
L 10/13/2020 - 16:05:55: Assigned persistent gameserver Steam ID [G:1:3463046].
L 10/13/2020 - 16:05:55: VAC secure mode is activated.
L 10/13/2020 - 16:36:30: "andrewbrewington<8><[U:1:1115254289]><>" connected, address "216.251.207.24:27005"
L 10/13/2020 - 16:36:31: "andrewbrewington<8><[U:1:1115254289]><>" STEAM USERID validated
L 10/13/2020 - 16:36:44: "andrewbrewington<8><[U:1:1115254289]><>" entered the game
L 10/13/2020 - 16:36:51: "andrewbrewington<8><[U:1:1115254289]><Unassigned>" joined team "Red"
L 10/13/2020 - 16:36:53: "andrewbrewington<8><[U:1:1115254289]><Red>" changed role to "soldier"
L 10/13/2020 - 16:38:09: "andrewbrewington<8><[U:1:1115254289]><Red>" say "!menu"
L 10/13/2020 - 16:38:33: "andrewbrewington<8><[U:1:1115254289]><Red>" say "!noclipme"
L 10/13/2020 - 16:38:56: "andrewbrewington<8><[U:1:1115254289]><Red>" say "!menu"
L 10/13/2020 - 16:39:02: "andrewbrewington<8><[U:1:1115254289]><Red>" say "!noclipme"
L 10/13/2020 - 16:39:39: Team "Red" triggered "pointcaptured" (cp "1") (cpname "Beginner Course Bonus") (numcappers "1") (player1 "andrewbrewington<8><[U:1:1115254289]><Red>") (position1 "6149 -2675 635") 
L 10/13/2020 - 16:40:44: "andrewbrewington<8><[U:1:1115254289]><Red>" joined team "Spectator"
L 10/13/2020 - 16:40:51: "andrewbrewington<8><[U:1:1115254289]><Spectator>" joined team "Red"
L 10/13/2020 - 16:41:01: "andrewbrewington<8><[U:1:1115254289]><Red>" joined team "Spectator"
L 10/13/2020 - 16:41:08: "andrewbrewington<8><[U:1:1115254289]><Spectator>" joined team "Red"
L 10/13/2020 - 16:41:59: "andrewbrewington<8><[U:1:1115254289]><Red>" say "!menu"
L 10/13/2020 - 16:42:04: "andrewbrewington<8><[U:1:1115254289]><Red>" say "!noclipme"
L 10/13/2020 - 16:43:44: Team "Red" triggered "pointcaptured" (cp "2") (cpname "Advanced Course") (numcappers "1") (player1 "andrewbrewington<8><[U:1:1115254289]><Red>") (position1 "5810 -8664 -4138") 
L 10/13/2020 - 16:44:23: "andrewbrewington<8><[U:1:1115254289]><Red>" say "!menu"
L 10/13/2020 - 16:44:27: "andrewbrewington<8><[U:1:1115254289]><Red>" say "!noclipme"
L 10/13/2020 - 16:44:34: "andrewbrewington<8><[U:1:1115254289]><Red>" joined team "Spectator"
L 10/13/2020 - 16:44:40: "andrewbrewington<8><[U:1:1115254289]><Spectator>" joined team "Red"
L 10/13/2020 - 16:44:50: "andrewbrewington<8><[U:1:1115254289]><Red>" joined team "Spectator"
L 10/13/2020 - 16:44:56: "andrewbrewington<8><[U:1:1115254289]><Spectator>" joined team "Red"
L 10/13/2020 - 16:45:32: "andrewbrewington<8><[U:1:1115254289]><Red>" disconnected (reason "Disconnect by user.")
L 10/13/2020 - 16:45:55: "xXx_pu$$y$l4y3r_xXx<9><[U:1:164215425]><>" connected, address "189.237.132.51:27005"
L 10/13/2020 - 16:45:56: "xXx_pu$$y$l4y3r_xXx<9><[U:1:164215425]><>" STEAM USERID validated
L 10/13/2020 - 16:48:00: "xXx_pu$$y$l4y3r_xXx<9><[U:1:164215425]><>" entered the game
L 10/13/2020 - 16:48:42: "xXx_pu$$y$l4y3r_xXx<9><[U:1:164215425]><Unassigned>" joined team "Red"
L 10/13/2020 - 16:48:43: "xXx_pu$$y$l4y3r_xXx<9><[U:1:164215425]><Red>" changed role to "soldier"
L 10/13/2020 - 16:48:46: "xXx_pu$$y$l4y3r_xXx<9><[U:1:164215425]><Red>" joined team "Blue"
L 10/13/2020 - 16:51:01: "xXx_pu$$y$l4y3r_xXx<9><[U:1:164215425]><Blue>" say "rtv"
L 10/13/2020 - 16:51:54: "xXx_pu$$y$l4y3r_xXx<9><[U:1:164215425]><Blue>" disconnected (reason "Disconnect by user.")
L 10/13/2020 - 20:05:27: "chucknormas<10><[U:1:175106802]><>" connected, address "76.20.44.113:27005"
L 10/13/2020 - 20:05:27: "chucknormas<10><[U:1:175106802]><>" STEAM USERID validated
L 10/13/2020 - 20:05:53: "chucknormas<10><[U:1:175106802]><>" entered the game
L 10/13/2020 - 20:05:57: "chucknormas<10><[U:1:175106802]><Unassigned>" joined team "Red"
L 10/13/2020 - 20:06:01: "chucknormas<10><[U:1:175106802]><Red>" changed role to "soldier"
L 10/13/2020 - 20:07:31: "chucknormas<10><[U:1:175106802]><Red>" j