L 10/15/2020 - 10:30:54: Log file started (file "logs/L1015001.log") (game "/home/tf2server.jumpcomp/serverfiles/tf") (version "6145689")
L 10/15/2020 - 10:30:54: server_cvar: "sv_contact" "admin@pancakes.tf"
L 10/15/2020 - 10:30:54: server_cvar: "tfh_fullmoon" "1"
L 10/15/2020 - 10:30:54: server_cvar: "tfh_winter" "1"
L 10/15/2020 - 10:30:54: server_cvar: "tfh_birthday" "1"
L 10/15/2020 - 10:30:54: server_cvar: "tfh_endoftheline" "1"
L 10/15/2020 - 10:30:54: server_cvar: "tfh_normalhealth" "1"
L 10/15/2020 - 10:30:54: server_cvar: "mp_forceautoteam" "1"
L 10/15/2020 - 10:30:54: Connection to Steam servers successful.
L 10/15/2020 - 10:30:54:    Public IP is 104.192.224.18.
L 10/15/2020 - 10:30:54: Assigned persistent gameserver Steam ID [G:1:3463046].
L 10/15/2020 - 10:30:54: VAC secure mode is activated.
L 10/15/2020 - 10:30:54: server_cvar: "mp_respawnwavetime" "0"
L 10/15/2020 - 10:30:54: server_cvar: "sv_noclipspeed" "2.500000"
L 10/15/2020 - 10:30:54: server_cvar: "tf_weapon_criticals" "0"
L 10/15/2020 - 10:30:54: server_cvar: "sv_tags" "academy,alltalk,cp,fast,fun,increased_maxplayers,jump,la,learning,nocrits,norespawntime,pancakes,respawntimes,soldier,trai"
L 10/15/2020 - 10:30:54: server_cvar: "sv_tags" "academy,alltalk,cp,fast,fun,increased_maxplayers,jump,la,learning,nocrits,norespawntime,pancakes,respawntimes,soldier,trai"
L 10/15/2020 - 11:00:05: [META] Loaded 0 plugins (1 already loaded)
L 10/15/2020 - 11:00:05: server_message: "quit"
L 10/15/2020 - 11:00:05: Log file closed.
