L 10/15/2020 - 00:33:50: SourceMod error session started
L 10/15/2020 - 00:33:50: Info (map "jump_oats_b3") (file "/home/tf2server.jumpcomp/serverfiles/tf/addons/sourcemod/logs/errors_20201015.log")
L 10/15/2020 - 00:33:50: [ngs_backpacktf.smx] backpack.tf API failed: We are being rate-limited by backpack.tf, next request allowed in 3 seconds, making a timer for it!
L 10/15/2020 - 01:33:56: [ngs_backpacktf.smx] backpack.tf API failed: We are being rate-limited by backpack.tf, next request allowed in 2 seconds, making a timer for it!
L 10/15/2020 - 02:34:01: [ngs_backpacktf.smx] backpack.tf API failed: We are being rate-limited by backpack.tf, next request allowed in 3 seconds, making a timer for it!
L 10/15/2020 - 04:34:09: [ngs_backpacktf.smx] backpack.tf API failed: We are being rate-limited by backpack.tf, next request allowed in 4 seconds, making a timer for it!
L 10/15/2020 - 04:39:15: [hive365.smx] [Hive365] socket error 3 (errno 1)
L 10/15/2020 - 06:30:12: Error log file session closed.
L 10/15/2020 - 06:30:43: SourceMod error session started
L 10/15/2020 - 06:30:43: Info (map "jump_oats_b3") (file "/home/tf2server.jumpcomp/serverfiles/tf/addons/sourcemod/logs/errors_20201015.log")
L 10/15/2020 - 06:30:43: [ngs_backpacktf.smx] backpack.tf API failed: We are being rate-limited by backpack.tf, next request allowed in 23 seconds, making a timer for it!
L 10/15/2020 - 06:31:07: [ngs_backpacktf.smx] backpack.tf API failed: We are being rate-limited by backpack.tf, next request allowed in 30 seconds, making a timer for it!
L 10/15/2020 - 06:31:38: [ngs_backpacktf.smx] backpack.tf API failed: We are being rate-limited by backpack.tf, next request allowed in 30 seconds, making a timer for it!
L 10/15/2020 - 06:32:10: [ngs_backpacktf.smx] backpack.tf API failed: We are being rate-limited by backpack.tf, next request allowed in 29 seconds, making a timer for it!
L 10/15/2020 - 06:32:40: [ngs_backpacktf.smx] backpack.tf API failed: We are being rate-limited by backpack.tf, next request allowed in 30 seconds, making a timer for it!
L 10/15/2020 - 07:33:13: [ngs_backpacktf.smx] backpack.tf API failed: We are being rate-limited by backpack.tf, next request allowed in 2 seconds, making a timer for it!
L 10/15/2020 - 09:33:20: [ngs_backpacktf.smx] backpack.tf API failed: We are being rate-limited by backpack.tf, next request allowed in 7 seconds, making a timer for it!
L 10/15/2020 - 10:24:23: [hive365.smx] [Hive365] socket error 3 (errno 110)
L 10/15/2020 - 10:30:20: Error log file session closed.
L 10/15/2020 - 10:30:55: SourceMod error session started
L 10/15/2020 - 10:30:55: Info (map "jump_oats_b3") (file "/home/tf2server.jumpcomp/serverfiles/tf/addons/sourcemod/logs/errors_20201015.log")
L 10/15/2020 - 10:30:55: [ngs_backpacktf.smx] backpack.tf API failed: We are being rate-limited by backpack.tf, next request allowed in 27 seconds, making a timer for it!
L 10/15/2020 - 10:31:24: [ngs_backpacktf.smx] backpack.tf API failed: We are being rate-limited by backpack.tf, next request allowed in 29 seconds, making a timer for it!
L 10/15/2020 - 11:00:06: Error log file session closed.
L 10/15/2020 - 11:00:30: SourceMod error session started
L 10/15/2020 - 11:00:30: Info (map "jump_oats_b3") (file "/home/tf2server.jumpcomp/serverfiles/tf/addons/sourcemod/logs/errors_20201015.log")
L 10/15/2020 - 11:00:30: [ngs_backpacktf.smx] backpack.tf API failed: We are being rate-limited by backpack.tf, next request allowed in 28 seconds, making a timer for it!
L 10/15/2020 - 11:01:00: [ngs_backpacktf.smx] backpack.tf API failed: We are being rate-limited by backpack.tf, next request allowed in 29 seconds, making a timer for it!
L 10/15/2020 - 12:01:32: [ngs_backpacktf.smx] backpack.tf API failed: We are being rate-limited by backpack.tf, next request allowed in 1 seconds, making a timer for it!
L 10/15/2020 - 13:01:36: [ngs_backpacktf.smx] backpack.tf API failed: We are being rate-limited by backpack.tf, next request allowed in 6 seconds, making a timer for it!
L 10/15/2020 - 14:01:46: [ngs_backpacktf.smx] backpack.tf API failed: We are being rate-limited by backpack.tf, next request allowed in 6 seconds, making a timer for it!
L 10/15/2020 - 15:01:55: [ngs_backpacktf.smx] backpack.tf API failed: We are being rate-limited by backpack.tf, next request allowed in 1 seconds, making a timer for it!
L 10/15/2020 - 16:01:59: [ngs_backpacktf.smx] backpack.tf API failed: We are being rate-limited by backpack.tf, next request allowed in 23 seconds, making a timer for it!
L 10/15/2020 - 17:02:25: [ngs_backpacktf.smx] backpack.tf API failed: We are being rate-limited by backpack.tf, next request allowed in 1 seconds, making a timer for it!
L 10/15/2020 - 18:02:31: [ngs_backpacktf.smx] backpack.tf API failed: We are being rate-limited by backpack.tf, next request allowed in 6 seconds, making a timer for it!
L 10/15/2020 - 19:02:40: [ngs_backpacktf.smx] backpack.tf API failed: We are being rate-limited by backpack.tf, next request allowed in 2 seconds, making a timer for it!
L 10/16/2020 - 00:00:00: Error log file session closed.
