L 10/20/2020 - 00:00:00: SourceMod log file session started (file "/home/tf2server.jumpcomp/serverfiles/tf/addons/sourcemod/logs/L20201020.log") (Version "1.10.0.6492")
L 10/20/2020 - 00:00:00: [basecommands.smx] "Console<0><Console><Console>" refreshed the admin cache.
L 10/20/2020 - 00:01:00: [basecommands.smx] "Console<0><Console><Console>" refreshed the admin cache.
L 10/20/2020 - 00:02:00: [basecommands.smx] "Console<0><Console><Console>" refreshed the admin cache.
L 10/20/2020 - 00:03:00: [basecommands.smx] "Console<0><Console><Console>" refreshed the admin cache.
L 10/20/2020 - 00:04:00: [basecommands.smx] "Console<0><Console><Console>" refreshed the admin cache.
L 10/20/2020 - 00:05:00: [basecommands.smx] "Console<0><Console><Console>" refreshed the admin cache.
L 10/20/2020 - 00:06:00: [basecommands.smx] "Console<0><Console><Console>" refreshed the admin cache.
L 10/20/2020 - 00:07:00: [basecommands.smx] "Console<0><Console><Console>" refreshed the admin cache.
L 10/20/2020 - 00:08:00: [basecommands.smx] "Console<0><Console><Console>" refreshed the admin cache.
L 10/20/2020 - 00:09:00: [basecommands.smx] "Console<0><Console><Console>" refreshed the admin cache.
L 10/20/2020 - 00:10:00: [basecommands.smx] "Console<0><Console><Console>" refreshed the admin cache.
L 10/20/2020 - 00:11:00: [basecommands.smx] "Console<0><Console><Console>" refreshed the admin cache.
L 10/20/2020 - 00:12:00: [basecommands.smx] "Console<0><Console><Console>" refreshed the admin cache.
L 10/20/2020 - 00:13:00: [basecommands.smx] "Console<0><Console><Console>" refreshed the admin cache.
L 10/20/2020 - 00:14:00: [basecommands.smx] "Console<0><Console><Console>" refreshed the admin cache.
L 10/20/2020 - 00:15:00: [basecommands.smx] "Console<0><Console><Console>" refreshed the admin cache.
L 10/20/2020 - 00:16:00: [basecommands.smx] "Console<0><Console><Console>" refreshed the admin cache.
L 10/20/2020 - 00:17:00: [basecommands.smx] "Console<0><Console><Console>" refreshed the admin cache.
L 10/20/2020 - 00:18:00: [basecommands.smx] "Console<0><Console><Console>" refreshed the admin cache.
L 10/20/2020 - 00:19:00: [basecommands.smx] "Console<0><Console><Console>" refreshed the admin cache.
L 10/20/2020 - 00:20:00: [basecommands.smx] "Console<0><Console><Console>" refreshed the admin cache.
L 10/20/2020 - 00:21:00: [basecommands.smx] "Console<0><Console><Console>" refreshed the admin cache.
L 10/20/2020 - 00:22:00: [basecommands.smx] "Console<0><Console><Console>" refreshed the admin cache.
L 10/20/2020 - 00:23:00: [basecommands.smx] "Console<0><Console><Console>" refreshed the admin cache.
L 10/20/2020 - 00:24:00: [basecommands.smx] "Console<0><Console><Console>" refreshed the admin cache.
L 10/20/2020 - 00:25:00: [basecommands.smx] "Console<0><Console><Console>" refreshed the admin cache.
L 10/20/2020 - 00:26:00: [basecommands.smx] "Console<0><Console><Console>" refreshed the admin cache.
L 10/20/2020 - 00:27:00: [basecommands.smx] "Console<0><Console><Console>" refreshed the admin cache.
L 10/20/2020 - 00:28:00: [basecommands.smx] "Console<0><Console><Console>" refreshed the admin cache.
L 10/20/2020 - 00:29:00: [basecommands.smx] "Console<0><Console><Console>" refreshed the admin cache.
L 10/20/2020 - 00:30:00: [basecommands.smx] "Console<0><Console><Console>" refreshed the admin cache.
L 10/20/2020 - 00:31:00: [basecommands.smx] "Console<0><Console><Console>" refreshed the admin cache.
L 10/20/2020 - 00:31:30: [ngs_backpacktf.smx] backpack.tf price list successfully downloaded!
L 10/20/2020 - 00:32:00: [basecommands.smx] "Console<0><Console><Console>" refreshed the admin cache.
L 10/20/2020 - 00:33:00: [basecommands.smx] "Console<0><Console><Console>" refreshed the admin cache.
L 10/20/2020 - 00:34:00: [basecommands.smx] "Console<0><Console><Console>" refreshed the admin cache.
L 10/20/2020 - 00:35:00: [basecommands.smx] "Console<0><Console><Console>" refreshed the admin cache.
L 10/20/2020 - 00:36:00: [basecommands.smx] "Console<0><Console><Console>" refreshed the admin cache.
L 10/20/2020 - 00:37:00: [basecommands.smx] "Console<0><Console><Console>" refreshed the admin cache.
L 10/20/2020 - 00:38:00: [basecommands.smx] "Console<0><Console><Console>" refreshed the admin cache.
L 10/20/2020 - 00:39:00: [basecommands.smx] "Console<0><Console><Console>" refreshed the admin cache.
L 10/20/2020 - 00:40:00: [basecommands.smx] "Console<0><Console><Console>" refreshed the admin cache.
L 10/20/2020 - 00:41:00: [basecommands.smx] "Console<0><Console><Console>" refreshed the admin cache.
L 10/20/2020 - 00:42:00: [basecommands.smx] "Console<0><Console><Console>" refreshed the admin cache.
L 10/20/2020 - 00:43:00: [basecommands.smx] "Console<0><Console><Console>" refreshed the admin cache.
L 10/20/2020 - 00:44:00: [basecommands.smx] "Console<0><Console><Console>" refreshed the admin cache.
L 10/20/2020 - 00:45:00: [basecommands.smx] "Console<0><Console><Console>" refreshed the admin cache.
L 10/20/2020 - 00:46:00: [basecommands.smx] "Console<0><Console><Console>" refreshed the admin cache.
L 10/20/2020 - 00:47:00: [basecommands.smx] "Console<0><Console><Console>" refreshed the admin cache.
L 10/20/2020 - 00:48:00: [basecommands.smx] "Console<0><Console><Console>" refreshed the admin cache.
L 10/20/2020 - 00:49:00: [basecommands.smx] "Console<0><Console><Console>" refreshed the admin cache.
L 10/20/2020 - 00:50:00: [basecommands.smx] "Console<0><Console><Console>" refreshed the admin cache.
L 10/20/2020 - 00:51:00: [basecommands.smx] "Console<0><Console><Console>" refreshed the admin cache.
L 10/20/2020 - 00:52:00: [basecommands.smx] "Console<0><Console><Console>" refreshed the admin cache.
L 10/20/2020 - 00:53:00: [basecommands.smx] "Console<0><Console><Console>" refreshed the admin cache.
L 10/20/2020 - 00:54:00: [basecommands.smx] "Console<0><Console><Console>" refreshed the admin cache.
L 10/20/2020 - 00:55:00: [basecommands.smx] "Console<0><Console><Console>" refreshed the admin cache.
L 10/20/2020 - 00:56:00: [basecommands.smx] "Console<0><Console><Console>" refreshed the admin cache.
L 10/20/2020 - 00:57:00: [basecommands.smx] "Console<0><Console><Console>" refreshed the admin cache.
L 10/20/2020 - 00:58:00: [basecommands.smx] "Console<0><Console><Console>" refreshed the admin cache.
L 10/20/2020 - 00:59:00: [basecommands.smx] "Console<0><Console><Console>" refreshed the admin cache.
L 10/20/2020 - 01:00:00: [basecommands.smx] "Console<0><Console><Console>" refreshed the admin cache.
L 10/20/2020 - 01:01:00: [basecommands.smx] "Console<0><Console><Console>" refreshed the admin cache.
L 10/20/2020 - 01:02:00: [basecommands.smx] "Console<0><Console><Console>" refreshed the admin cache.
L 10/20/2020 - 01:03:00: [basecommands.smx] "Console<0><Console><Console>" refreshed the admin cache.
L 10/20/2020 - 01:04:00: [basecommands.smx] "Console<0><Console><Console>" refreshed the admin cache.
L 10/20/2020 - 01:05:00: [basecommands.smx] "Console<0><Console><Console>" refreshed the admin cache.
L 10/20/2020 - 01:06:00: [basecommands.smx] "Console<0><Console><Console>" refreshed the admin cache.
L 10/20/2020 - 01:07:00: [basecommands.smx] "Console<0><Console><Console>" refreshed the admin cache.
L 10/20/2020 - 01:08:00: [basecommands.smx] "Console<0><Console><Console>" refreshed the admin cache.
L 10/20/2020 - 01:09:00: [basecommands.smx] "Console<0><Console><Console>" refreshed the admin cache.
L 10/20/2020 - 01:10:00: [basecommands.smx] "Console<0><Console><Console>" refreshed the admin cache.
L 10/20/2020 - 01:11:00: [basecommands.smx] "Console<0><Console><Console>" refreshed the admin cache.
L 10/20/2020 - 01:12:00: [basecommands.smx] "Console<0><Console><Console>" refreshed the admin cache.
L 10/20/2020 - 01:13:00: [basecommands.smx] "Console<0><Console><Console>" refreshed the admin cache.
L 10/20/2020 - 01:14:00: [basecommands.smx] "Console<0><Console><Console>" refreshed the admin cache.
L 10/20/2020 - 01:15:00: [basecommands.smx] "Console<0><Console><Console>" refreshed the admin cache.
L 10/20/2020 - 01:16:00: [basecommands.smx] "Console<0><Console><Console>" refreshed the admin cache.
L 10/20/2020 - 01:17:00: [basecommands.smx] "Console<0><Console><Console>" refreshed the admin cache.
L 10/20/2020 - 01:18:00: [basecommands.smx] "Console<0><Console><Console>" refreshed the admin cache.
L 10/20/2020 - 01:19:00: [basecommands.smx] "Console<0><Console><Console>" refreshed the admin cache.
L 10/20/2020 - 01:20:00: [basecommands.smx] "Console<0><Console><Console>" refreshed the admin cache.
L 10/20/2020 - 01:21:00: [basecommands.smx] "Console<0><Console><Console>" refreshed the admin cache.
L 10/20/2020 - 01:22:00: [basecommands.smx] "Console<0><Console><Console>" refreshed the admin cache.
L 10/20/2020 - 01:23:00: [basecommands.smx] "Console<0><Console><Console>" refreshed the admin cache.
L 10/20/2020 - 01:24:00: [basecommands.smx] "Console<0><Console><Console>" refreshed the admin cache.
L 10/20/2020 - 01:25:00: [basecommands.smx] "Console<0><Console><Console>" refreshed the admin cache.
L 10/20/2020 - 01:26:00: [basecommands.smx] "Console<0><Console><Console>" refreshed the admin cache.
L 10/20/2020 - 01:27:00: [basecommands.smx] "Console<0><Console><Console>" refreshed the admin cache.
L 10/20/2020 - 01:28:00: [basecommands.smx] "Console<0><Console><Console>" refreshed the admin cache.
L 10/20/2020 - 01:29:00: [basecommands.smx] "Console<0><Console><Console>" refreshed the admin cache.
L 10/20/2020 - 01:30:00: [basecommands.smx] "Console<0><Console><Console>" refreshed the admin cache.
L 10/20/2020 - 01:31:00: [basecommands.smx] "Console<0><Console><Console>" refreshed the admin cache.
L 10/20/2020 - 01:31:32: [ngs_backpacktf.smx] backpack.tf price list successfully downloaded!
L 10/20/2020 - 01:32:00: [basecommands.smx] "Console<0><Console><Console>" refreshed the admin cache.
L 10/20/2020 - 01:33:00: [basecommands.smx] "Console<0><Console><Console>" refreshed the admin cache.
L 10/20/2020 - 01:34:00: [basecommands.smx] "Console<0><Console><Console>" refreshed the admin cache.
L 10/20/2020 - 01:35:00: [basecommands.smx] "Console<0><Console><Console>" refreshed the admin cache.
L 10/20/2020 - 01:36:00: [basecommands.smx] "Console<0><Console><Console>" refreshed the admin cache.
L 10/20/2020 - 01:37:00: [basecommands.smx] "Console<0><Console><Console>" refreshed the admin cache.
L 10/20/2020 - 01:38:00: [basecommands.smx] "Console<0><Console><Console>" refreshed the admin cache.
L 10/20/2020 - 01:39:00: [basecommands.smx] "Console<0><Console><Console>" refreshed the admin cache.
L 10/20/2020 - 01:40:00: [basecommands.smx] "Console<0><Console><Console>" refreshed the admin cache.
L 10/20/2020 - 01:41:00: [basecommands.smx] "Console<0><Console><Console>" refreshed the admin cache.
L 10/20/2020 - 01:42:00: [basecommands.smx] "Console<0><Console><Console>" refreshed the admin cache.
L 10/20/2020 - 01:43:00: [basecommands.smx] "Console<0><Console><Console>" refreshed the admin cache.
L 10/20/2020 - 01:44:00: [basecommands.smx] "Console<0><Console><Console>" refreshed the admin cache.
L 10/20/2020 - 01:45:00: [basecommands.smx] "Console<0><Console><Console>" refreshed the admin cache.
L 10/20/2020 - 01:46:00: [basecommands.smx] "Console<0><Console><Console>" refreshed the admin cache.
L 10/20/2020 - 01:47:00: [basecommands.smx] "Console<0><Console><Console>" refreshed the admin cache.
L 10/20/2020 - 01:48:00: [basecommands.smx] "Console<0><Console><Console>" refreshed the admin cache.
L 10/20/2020 - 01:49:00: [basecommands.smx] "Console<0><Console><Console>" refreshed the admin cache.
L 10/20/2020 - 01:50:00: [basecommands.smx] "Console<0><Console><Console>" refreshed the admin cache.
L 10/20/2020 - 01:51:00: [basecommands.smx] "Console<0><Console><Console>" refreshed the admin cache.
L 10/20/2020 - 01:52:00: [basecommands.smx] "Console<0><Console><Console>" refreshed the admin cache.
L 10/20/2020 - 01:53:00: [basecommands.smx] "Console<0><Console><Console>" refreshed the admin cache.
L 10/20/2020 - 01:54:00: [basecommands.smx] "Console<0><Console><Console>" refreshed the admin cache.
L 10/20/2020 - 01:55:00: [basecommands.smx] "Console<0><Console><Console>" refreshed the admin cache.
L 10/20/2020 - 01:56:00: [basecommands.smx] "Console<0><Console><Console>" refreshed the admin cache.
L 10/20/2020 - 01:57:00: [basecommands.smx] "Console<0><Console><Console>" refreshed the admin cache.
L 10/20/2020 - 01:58:00: [basecommands.smx] "Console<0><Console><Console>" refreshed the admin cache.
L 10/20/2020 - 01:59:00: [basecommands.smx] "Console<0><Console><Console>" refreshed the admin cache.
L 10/20/2020 - 02:00:00: [basecommands.smx] "Console<0><Console><Console>" refreshed the admin cache.
L 10/20/2020 - 02:01:00: [basecommands.smx] "Console<0><Console><Console>" refreshed the admin cache.
L 10/20/2020 - 02:02:00: [basecommands.smx] "Console<0><Console><Console>" refreshed the admin cache.
L 10/20/2020 - 02:03:00: [basecommands.smx] "Console<0><Console><Console>" refreshed the admin cache.
L 10/20/2020 - 02:04:00: [basecommands.smx] "Console<0><Console><Console>" refreshed the admin cache.
L 10/20/2020 - 02:05:00: [basecommands.smx] "Console<0><Console><Console>" refreshed the admin cache.
L 10/20/2020 - 02:06:00: [basecommands.smx] "Console<0><Console><Console>" refreshed the admin cache.
L 10/20/2020 - 02:07:00: [basecommands.smx] "Console<0><Console><Console>" refreshed the admin cache.
L 10/20/2020 - 02:08:00: [basecommands.smx] "Console<0><Console><Console>" refreshed the admin cache.
L 10/20/2020 - 02:09:00: [basecommands.smx] "Console<0><Console><Console>" refreshed the admin cache.
L 10/20/2020 - 02:10:00: [basecommands.smx] "Console<0><Console><Console>" refreshed the admin cache.
L 10/20/2020 - 02:11:00: [basecommands.smx] "Console<0><Console><Console>" refreshed the admin cache.
L 10/20/2020 - 02:12:00: [basecommands.smx] "Console<0><Console><Console>" refreshed the admin cache.
L 10/20/2020 - 02:13:00: [basecommands.smx] "Console<0><Console><Console>" refreshed the admin cache.
L 10/20/2020 - 02:14:00: [basecommands.smx] "Console<0><Console><Console>" refreshed the admin cache.
L 10/20/2020 - 02:15:00: [basecommands.smx] "Console<0><Console><Console>" refreshed the admin cache.
L 10/20/2020 - 02:16:00: [basecommands.smx] "Console<0><Console><Console>" refreshed the admin cache.
L 10/20/2020 - 02:17:00: [basecommands.smx] "Console<0><Console><Console>" refreshed the admin cache.
L 10/20/2020 - 02:18:00: [basecommands.smx] "Console<0><Console><Console>" refreshed the admin cache.
L 10/20/2020 - 02:19:00: [basecommands.smx] "Console<0><Console><Console>" refreshed the admin cache.
L 10/20/2020 - 02:20:00: [basecommands.smx] "Console<0><Console><Console>" refreshed the admin cache.
L 10/20/2020 - 02:21:00: [basecommands.smx] "Console<0><Console><Console>" refreshed the admin cache.
L 10/20/2020 - 02:22:00: [basecommands.smx] "Console<0><Console><Console>" refreshed the admin cache.
L 10/20/2020 - 02:23:00: [basecommands.smx] "Console<0><Console><Console>" refreshed the admin cache.
L 10/20/2020 - 02:24:00: [basecommands.smx] "Console<0><Console><Console>" refreshed the admin cache.
L 10/20/2020 - 02:25:00: [basecommands.smx] "Console<0><Console><Console>" refreshed the admin cache.
L 10/20/2020 - 02:26:00: [basecommands.smx] "Console<0><Console><Console>" refreshed the admin cache.
L 10/20/2020 - 02:27:00: [basecommands.smx] "Console<0><Console><Console>" refreshed the admin cache.
L 10/20/2020 - 02:28:00: [basecommands.smx] "Console<0><Console><Console>" refreshed the admin cache.
L 10/20/2020 - 02:29:00: [basecommands.smx] "Console<0><Console><Console>" refreshed the admin cache.
L 10/20/2020 - 02:30:00: [basecommands.smx] "Console<0><Console><Console>" refreshed the admin cache.
L 10/20/2020 - 02:31:00: [basecommands.smx] "Console<0><Console><Console>" refreshed the admin cache.
L 10/20/2020 - 02:31:35: [ngs_backpacktf.smx] backpack.tf price list successfully downloaded!
L 10/20/2020 - 02:32:00: [basecommands.smx] "Console<0><Console><Console>" refreshed the admin cache.
L 10/20/2020 - 02:33:00: [basecommands.smx] "Console<0><Console><Console>" refreshed the admin cache.
L 10/20/2020 - 02:34:00: [basecommands.smx] "Console<0><Console><Console>" refreshed the admin cache.
L 10/20/2020 - 02:35:00: [basecommands.smx] "Console<0><Console><Console>" refreshed the admin cache.
L 10/20/2020 - 02:36:00: [basecommands.smx] "Console<0><Console><Console>" refreshed the admin cache.
L 10/20/2020 - 02:37:00: [basecommands.smx] "Console<0><Console><Console>" refreshed the admin cache.
L 10/20/2020 - 02:38:00: [basecommands.smx] "Console<0><Console><Console>" refreshed the admin cache.
L 10/20/2020 - 02:39:00: [basecommands.smx] "Console<0><Console><Console>" refreshed the admin cache.
L 10/20/2020 - 02:40:00: [basecommands.smx] "Console<0><Console><Console>" refreshed the admin cache.
L 10/20/2020 - 02:41:00: [basecommands.smx] "Console<0><Console><Console>" refreshed the admin cache.
L 10/20/2020 - 02:42:00: [basecommands.smx] "Console<0><Console><Console>" refreshed the admin cache.
L 10/20/2020 - 02:43:00: [basecommands.smx] "Console<0><Console><Console>" refreshed the admin cache.
L 10/20/2020 - 02:44:00: [basecommands.smx] "Console<0><Console><Console>" refreshed the admin cache.
L 10/20/2020 - 02:45:00: [basecommands.smx] "Console<0><Console><Console>" refreshed the admin cache.
L 10/20/2020 - 02:46:00: [basecommands.smx] "Console<0><Console><Console>" refreshed the admin cache.
L 10/20/2020 - 02:47:00: [basecommands.smx] "Console<0><Console><Console>" refreshed the admin cache.
L 10/20/2020 - 02:48:00: [basecommands.smx] "Console<0><Console><Console>" refreshed the admin cache.
L 10/20/2020 - 02:49:00: [basecommands.smx] "Console<0><Console><Console>" refreshed the admin cache.
L 10/20/2020 - 02:50:00: [basecommands.smx] "Console<0><Console><Console>" refreshed the admin cache.
L 10/20/2020 - 02:51:00: [basecommands.smx] "Console<0><Console><Console>" refreshed the admin cache.
L 10/20/2020 - 02:52:00: [basecommands.smx] "Console<0><Console><Console>" refreshed the admin cache.
L 10/20/2020 - 02:53:00: [basecommands.smx] "Console<0><Console><Console>" refreshed the admin cache.
L 10/20/2020 - 02:54:00: [basecommands.smx] "Console<0><Console><Console>" refreshed the admin cache.
L 10/20/2020 - 02:55:00: [basecommands.smx] "Console<0><Console><Console>" refreshed the admin cache.
L 10/20/2020 - 02:56:00: [basecommands.smx] "Console<0><Console><Console>" refreshed the admin cache.
L 10/20/2020 - 02:57:00: [basecommands.smx] "Console<0><Console><Console>" refreshed the admin cache.
L 10/20/2020 - 02:58:00: [basecommands.smx] "Console<0><Console><Console>" refreshed the admin cache.
L 10/20/2020 - 02:59:00: [basecommands.smx] "Console<0><Console><Console>" refreshed the admin cache.
L 10/20/2020 - 03:00:00: [basecommands.smx] "Console<0><Console><Console>" refreshed the admin cache.
L 10/20/2020 - 03:01:00: [basecommands.smx] "Console<0><Console><Console>" refreshed the admin cache.
L 10/20/2020 - 03:02:00: [basecommands.smx] "Console<0><Console><Console>" refreshed the admin cache.
L 10/20/2020 - 03:03:00: [basecommands.smx] "Console<0><Console><Console>" refreshed the admin cache.
L 10/20/2020 - 03:04:00: [basecommands.smx] "Console<0><Console><Console>" refreshed the admin cache.
L 10/20/2020 - 03:05:00: [basecommands.smx] "Console<0><Console><Console>" refreshed the admin cache.
L 10/20/2020 - 03:06:00: [basecommands.smx] "Console<0><Console><Console>" refreshed the admin cache.
L 10/20/2020 - 03:07:00: [basecommands.smx] "Console<0><Console><Console>" refreshed the admin cache.
L 10/20/2020 - 03:08:00: [basecommands.smx] "Console<0><Console><Console>" refreshed the admin cache.
L 10/20/2020 - 03:09:00: [basecommands.smx] "Console<0><Console><Console>" refreshed the admin cache.
L 10/20/2020 - 03:10:00: [basecommands.smx] "Console<0><Console><Console>" refreshed the admin cache.
L 10/20/2020 - 03:11:00: [basecommands.smx] "Console<0><Console><Console>" refreshed the admin cache.
L 10/20/2020 - 03:12:00: [basecommands.smx] "Console<0><Console><Console>" refreshed the admin cache.
L 10/20/2020 - 03:13:00: [basecommands.smx] "Console<0><Console><Console>" refreshed the admin cache.
L 10/20/2020 - 03:14:00: [basecommands.smx] "Console<0><Console><Console>" refreshed the admin cache.
L 10/20/2020 - 03:15:00: [basecommands.smx] "Console<0><Console><Console>" refreshed the admin cache.
L 10/20/2020 - 03:16:00: [basecommands.smx] "Console<0><Console><Console>" refreshed the admin cache.
L 10/20/2020 - 03:17:00: [basecommands.smx] "Console<0><Console><Console>" refreshed the admin cache.
L 10/20/2020 - 03:18:00: [basecommands.smx] "Console<0><Console><Console>" refreshed the admin cache.
L 10/20/2020 - 03:19:00: [basecommands.smx] "Console<0><Console><Console>" refreshed the admin cache.
L 10/20/2020 - 03:20:00: [basecommands.smx] "Console<0><Console><Console>" refreshed the admin cache.
L 10/20/2020 - 03:21:00: [basecommands.smx] "Console<0><Console><Console>" refreshed the admin cache.
L 10/20/2020 - 03:22:00: [basecommands.smx] "Console<0><Console><Console>" refreshed the admin cache.
L 10/20/2020 - 03:23:00: [basecommands.smx] "Console<0><Console><Console>" refreshed the admin cache.
L 10/20/2020 - 03:24:00: [basecommands.smx] "Console<0><Console><Console>" refreshed the admin cache.
L 10/20/2020 - 03:25:00: [basecommands.smx] "Console<0><Console><Console>" refreshed the admin cache.
L 10/20/2020 - 03:26:00: [basecommands.smx] "Console<0><Console><Console>" refreshed the admin cache.
L 10/20/2020 - 03:27:00: [basecommands.smx] "Console<0><Console><Console>" refreshed the admin cache.
L 10/20/2020 - 03:28:00: [basecommands.smx] "Console<0><Console><Console>" refreshed the admin cache.
L 10/20/2020 - 03:29:00: [basecommands.smx] "Console<0><Console><Console>" refreshed the admin cache.
L 10/20/2020 - 03:30:00: [basecommands.smx] "Console<0><Console><Console>" refreshed the admin cache.
L 10/20/2020 - 03:31:00: [basecommands.smx] "Console<0><Console><Console>" refreshed the admin cache.
L 10/20/2020 - 03:31:38: [ngs_backpacktf.smx] backpack.tf price list successfully downloaded!
L 10/20/2020 - 03:32:00: [basecommands.smx] "Console<0><Console><Console>" refreshed the admin cache.
L 10/20/2020 - 03:33:00: [basecommands.smx] "Console<0><Console><Console>" refreshed the admin cache.
L 10/20/2020 - 03:34:00: [basecommands.smx] "Console<0><Console><Console>" refreshed the admin cache.
L 10/20/2020 - 03:35:00: [basecommands.smx] "Console<0><Console><Console>" refreshed the admin cache.
L 10/20/2020 - 03:36:00: [basecommands.smx] "Console<0><Console><Console>" refreshed the admin cache.
L 10/20/2020 - 03:37:00: [basecommands.smx] "Console<0><Console><Console>" refreshed the admin cache.
L 10/20/2020 - 03:38:00: [basecommands.smx] "Console<0><Console><Console>" refreshed the admin cache.
L 10/20/2020 - 03:39:00: [basecommands.smx] "Console<0><Console><Console>" refreshed the admin cache.
L 10/20/2020 - 03:40:00: [basecommands.smx] "Console<0><Console><Console>" refreshed the admin cache.
L 10/20/2020 - 03:41:00: [basecommands.smx] "Console<0><Console><Console>" refreshed the admin cache.
L 10/20/2020 - 03:42:00: [basecommands.smx] "Console<0><Console><Console>" refreshed the admin cache.
L 10/20/2020 - 03:43:00: [basecommands.smx] "Console<0><Console><Console>" refreshed the admin cache.
L 10/20/2020 - 03:44:00: [basecommands.smx] "Console<0><Console><Console>" refreshed the admin cache.
L 10/20/2020 - 03:45:00: [basecommands.smx] "Console<0><Console><Console>" refreshed the admin cache.
L 10/20/2020 - 03:46:00: [basecommands.smx] "Console<0><Console><Console>" refreshed the admin cache.
L 10/20/2020 - 03:47:00: [basecommands.smx] "Console<0><Console><Console>" refreshed the admin cache.
L 10/20/2020 - 03:48:00: [basecommands.smx] "Console<0><Console><Console>" refreshed the admin cache.
L 10/20/2020 - 03:49:00: [basecommands.smx] "Console<0><Console><Console>" refreshed the admin cache.
L 10/20/2020 - 03:50:00: [basecommands.smx] "Console<0><Console><Console>" refreshed the admin cache.
L 10/20/2020 - 03:51:00: [basecommands.smx] "Console<0><Console><Console>" refreshed the admin cache.
L 10/20/2020 - 03:52:00: [basecommands.smx] "Console<0><Console><Console>" refreshed the admin cache.
L 10/20/2020 - 03:53:00: [basecommands.smx] "Console<0><Console><Console>" refreshed the admin cache.
L 10/20/2020 - 03:54:00: [basecommands.smx] "Console<0><Console><Console>" refreshed the admin cache.
L 10/20/2020 - 03:55:00: [basecommands.smx] "Console<0><Console><Console>" refreshed the admin cache.
L 10/20/2020 - 03:56:00: [basecommands.smx] "Console<0><Console><Console>" refreshed the admin cache.
L 10/20/2020 - 03:57:00: [basecommands.smx] "Console<0><Console><Console>" refreshed the admin cache.
L 10/20/2020 - 03:58:00: [basecommands.smx] "Console<0><Console><Console>" refreshed the admin cache.
L 10/20/2020 - 03:59:00: [basecommands.smx] "Console<0><Console><Console>" refreshed the admin cache.
L 10/20/2020 - 04:00:00: [basecommands.smx] "Console<0><Console><Console>" refreshed the admin cache.
L 10/20/2020 - 04:00:00: [basechat.smx] "Console<0><Console><Console>" triggered sm_csay (text This server will restart in 30 minutes.)
L 10/20/2020 - 04:01:00: [basecommands.smx] "Console<0><Console><Console>" refreshed the admin cache.
L 10/20/2020 - 04:02:00: [basecommands.smx] "Console<0><Console><Console>" refreshed the admin cache.
L 10/20/2020 - 04:03:00: [basecommands.smx] "Console<0><Console><Console>" refreshed the admin cache.
L 10/20/2020 - 04:04:00: [basecommands.smx] "Console<0><Console><Console>" refreshed the admin cache.
L 10/20/2020 - 04:05:00: [basecommands.smx] "Console<0><Console><Console>" refreshed the admin cache.
L 10/20/2020 - 04:06:00: [basecommands.smx] "Console<0><Console><Console>" refreshed the admin cache.
L 10/20/2020 - 04:07:00: [basecommands.smx] "Console<0><Console><Console>" refreshed the admin cache.
L 10/20/2020 - 04:08:00: [basecommands.smx] "Console<0><Console><Console>" refreshed the admin cache.
L 10/20/2020 - 04:09:00: [basecommands.smx] "Console<0><Console><Console>" refreshed the admin cache.
L 10/20/2020 - 04:10:00: [basecommands.smx] "Console<0><Console><Console>" refreshed the admin cache.
L 10/20/2020 - 04:11:00: [basecommands.smx] "Console<0><Console><Console>" refreshed the admin cache.
L 10/20/2020 - 04:12:00: [basecommands.smx] "Console<0><Console><Console>" refreshed the admin cache.
L 10/20/2020 - 04:13:00: [basecommands.smx] "Console<0><Console><Console>" refreshed the admin cache.
L 10/20/2020 - 04:14:00: [basecommands.smx] "Console<0><Console><Console>" refreshed the admin cache.
L 10/20/2020 - 04:15:00: [basecommands.smx] "Console<0><Console><Console>" refreshed the admin cache.
L 10/20/2020 - 04:16:00: [basecommands.smx] "Console<0><Console><Console>" refreshed the admin cache.
L 10/20/2020 - 04:17:00: [basecommands.smx] "Console<0><Console><Console>" refreshed the admin cache.
L 10/20/2020 - 04:18:00: [basecommands.smx] "Console<0><Console><Console>" refreshed the admin cache.
L 10/20/2020 - 04:19:00: [basecommands.smx] "Console<0><Console><Console>" refreshed the admin cache.
L 10/20/2020 - 04:20:00: [basecommands.smx] "Console<0><Console><Console>" refreshed the admin cache.
L 10/20/2020 - 04:21:00: [basecommands.smx] "Console<0><Console><Console>" refreshed the admin cache.
L 10/20/2020 - 04:22:00: [basecommands.smx] "Console<0><Console><Console>" refreshed the admin cache.
L 10/20/2020 - 04:23:00: [basecommands.smx] "Console<0><Console><Console>" refreshed the admin cache.
L 10/20/2020 - 04:24:00: [basecommands.smx] "Console<0><Console><Console>" refreshed the admin cache.
L 10/20/2020 - 04:25:00: [basecommands.smx] "Console<0><Console><Console>" refreshed the admin cache.
L 10/20/2020 - 04:26:00: [basecommands.smx] "Console<0><Console><Console>" refreshed the admin cache.
L 10/20/2020 - 04:27:00: [basecommands.smx] "Console<0><Console><Console>" refreshed the admin cache.
L 10/20/2020 - 04:28:00: [basecommands.smx] "Console<0><Console><Console>" refreshed the admin cache.
L 10/20/2020 - 04:29:00: [basecommands.smx] "Console<0><Console><Console>" refreshed the admin cache.
L 10/20/2020 - 04:30:00: [basecommands.smx] "Console<0><Console><Console>" refreshed the admin cache.
L 10/20/2020 - 04:31:00: [basecommands.smx] "Console<0><Console><Console>" refreshed the admin cache.
L 10/20/2020 - 04:31:40: [ngs_backpacktf.smx] backpack.tf price list successfully downloaded!
L 10/20/2020 - 04:32:00: [basecommands.smx] "Console<0><Console><Console>" refreshed the admin cache.
L 10/20/2020 - 04:33:00: [basecommands.smx] "Console<0><Console><Console>" refreshed the admin cache.
L 10/20/2020 - 04:34:00: [basecommands.smx] "Console<0><Console><Console>" refreshed the admin cache.
L 10/20/2020 - 04:35:00: [basecommands.smx] "Console<0><Console><Console>" refreshed the admin cache.
L 10/20/2020 - 04:36:00: [basecommands.smx] "Console<0><Console><Console>" refreshed the admin cache.
L 10/20/2020 - 04:37:00: [basecommands.smx] "Console<0><Console><Console>" refreshed the admin cache.
L 10/20/2020 - 04:38:00: [basecommands.smx] "Console<0><Console><Console>" refreshed the admin cache.
L 10/20/2020 - 04:39:00: [basecommands.smx] "Console<0><Console><Console>" refreshed the admin cache.
L 10/20/2020 - 04:40:00: [basecommands.smx] "Console<0><Console><Console>" refreshed the admin cache.
L 10/20/2020 - 04:40:00: [basechat.smx] "Console<0><Console><Console>" triggered sm_csay (text This server will restart in 20 minutes.)
L 10/20/2020 - 04:41:00: [basecommands.smx] "Console<0><Console><Console>" refreshed the admin cache.
L 10/20/2020 - 04:42:00: [basecommands.smx] "Console<0><Console><Console>" refreshed the admin cache.
L 10/20/2020 - 04:43:00: [basecommands.smx] "Console<0><Console><Console>" refreshed the admin cache.
L 10/20/2020 - 04:44:00: [basecommands.smx] "Console<0><Console><Console>" refreshed the admin cache.
L 10/20/2020 - 04:45:00: [basecommands.smx] "Console<0><Console><Console>" refreshed the admin cache.
L 10/20/2020 - 04:46:00: [basecommands.smx] "Console<0><Console><Console>" refreshed the admin cache.
L 10/20/2020 - 04:47:00: [basecommands.smx] "Console<0><Console><Console>" refreshed the admin cache.
L 10/20/2020 - 04:48:00: [basecommands.smx] "Console<0><Console><Console>" refreshed the admin cache.
L 10/20/2020 - 04:49:00: [basecommands.smx] "Console<0><Console><Console>" refreshed the admin cache.
L 10/20/2020 - 04:50:00: [basecommands.smx] "Console<0><Console><Console>" refreshed the admin cache.
L 10/20/2020 - 04:50:00: [basechat.smx] "Console<0><Console><Console>" triggered sm_csay (text This server will restart in 10 minutes.)
L 10/20/2020 - 04:51:00: [basecommands.smx] "Console<0><Console><Console>" refreshed the admin cache.
L 10/20/2020 - 04:52:00: [basecommands.smx] "Console<0><Console><Console>" refreshed the admin cache.
L 10/20/2020 - 04:53:00: [basecommands.smx] "Console<0><Console><Console>" refreshed the admin cache.
L 10/20/2020 - 04:54:00: [basecommands.smx] "Console<0><Console><Console>" refreshed the admin cache.
L 10/20/2020 - 04:55:00: [basecommands.smx] "Console<0><Console><Console>" refreshed the admin cache.
L 10/20/2020 - 04:55:00: [basechat.smx] "Console<0><Console><Console>" triggered sm_csay (text This server will restart in 5 minutes.)
L 10/20/2020 - 04:56:00: [basecommands.smx] "Console<0><Console><Console>" refreshed the admin cache.
L 10/20/2020 - 04:56:00: [basechat.smx] "Console<0><Console><Console>" triggered sm_csay (text This server will restart in 4 minutes.)
L 10/20/2020 - 04:57:00: [basecommands.smx] "Console<0><Console><Console>" refreshed the admin cache.
L 10/20/2020 - 04:57:00: [basechat.smx] "Console<0><Console><Console>" triggered sm_csay (text This server will restart in 3 minutes.)
L 10/20/2020 - 04:58:00: [basecommands.smx] "Console<0><Console><Console>" refreshed the admin cache.
L 10/20/2020 - 04:58:00: [basechat.smx] "Console<0><Console><Console>" triggered sm_csay (text This server will restart in 2 minutes.)
L 10/20/2020 - 04:59:00: [basecommands.smx] "Console<0><Console><Console>" refreshed the admin cache.
L 10/20/2020 - 04:59:00: [basechat.smx] "Console<0><Console><Console>" triggered sm_csay (text This server will restart in 60 seconds.)
L 10/20/2020 - 05:00:00: [basecommands.smx] "Console<0><Console><Console>" refreshed the admin cache.
L 10/20/2020 - 05:00:00: [basechat.smx] "Console<0><Console><Console>" triggered sm_csay (text This server is now restarting.  Please rejoin.)
L 10/20/2020 - 05:01:00: [basecommands.smx] "Console<0><Console><Console>" refreshed the admin cache.
L 10/20/2020 - 05:02:00: [basecommands.smx] "Console<0><Console><Console>" refreshed the admin cache.
L 10/20/2020 - 05:03:00: [basecommands.smx] "Console<0><Console><Console>" refreshed the admin cache.
L 10/20/2020 - 05:04:00: [basecommands.smx] "Console<0><Console><Console>" refreshed the admin cache.
L 10/20/2020 - 05:05:00: [basecommands.smx] "Console<0><Console><Console>" refreshed the admin cache.
L 10/20/2020 - 05:06:00: [basecommands.smx] "Console<0><Console><Console>" refreshed the admin cache.
L 10/20/2020 - 05:07:00: [basecommands.smx] "Console<0><Console><Console>" refreshed the admin cache.
L 10/20/2020 - 05:08:00: [basecommands.smx] "Console<0><Console><Console>" refreshed the admin cache.
L 10/20/2020 - 05:09:00: [basecommands.smx] "Console<0><Console><Console>" refreshed the admin cache.
L 10/20/2020 - 05:10:00: [basecommands.smx] "Console<0><Console><Console>" refreshed the admin cache.
L 10/20/2020 - 05:11:00: [basecommands.smx] "Console<0><Console><Console>" refreshed the admin cache.
L 10/20/2020 - 05:12:00: [basecommands.smx] "Console<0><Console><Console>" refreshed the admin cache.
L 10/20/2020 - 05:13:00: [basecommands.smx] "Console<0><Console><Console>" refreshed the admin cache.
L 10/20/2020 - 05:14:00: [basecommands.smx] "Console<0><Console><Console>" refreshed the admin cache.
L 10/20/2020 - 05:15:00: [basecommands.smx] "Console<0><Console><Console>" refreshed the admin cache.
L 10/20/2020 - 05:16:00: [basecommands.smx] "Console<0><Console><Console>" refreshed the admin cache.
L 10/20/2020 - 05:17:00: [basecommands.smx] "Console<0><Console><Console>" refreshed the admin cache.
L 10/20/2020 - 05:18:00: [basecommands.smx] "Console<0><Console><Console>" refreshed the admin cache.
L 10/20/2020 - 05:19:00: [basecommands.smx] "Console<0><Console><Console>" refreshed the admin cache.
L 10/20/2020 - 05:20:00: [basecommands.smx] "Console<0><Console><Console>" refreshed the admin cache.
L 10/20/2020 - 05:21:00: [basecommands.smx] "Console<0><Console><Console>" refreshed the admin cache.
L 10/20/2020 - 05:22:00: [basecommands.smx] "Console<0><Console><Console>" refreshed the admin cache.
L 10/20/2020 - 05:23:00: [basecommands.smx] "Console<0><Console><Console>" refreshed the admin cache.
L 10/20/2020 - 05:24:00: [basecommands.smx] "Console<0><Console><Console>" refreshed the admin cache.
L 10/20/2020 - 05:25:00: [basecommands.smx] "Console<0><Console><Console>" refreshed the admin cache.
L 10/20/2020 - 05:26:00: [basecommands.smx] "Console<0><Console><Console>" refreshed the admin cache.
L 10/20/2020 - 05:27:00: [basecommands.smx] "Console<0><Console><Console>" refreshed the admin cache.
L 10/20/2020 - 05:28:00: [basecommands.smx] "Console<0><Console><Console>" refreshed the admin cache.
L 10/20/2020 - 05:29:00: [basecommands.smx] "Console<0><Console><Console>" refreshed the admin cache.
L 10/20/2020 - 05:30:00: [basecommands.smx] "Console<0><Console><Console>" refreshed the admin cache.
L 10/20/2020 - 05:31:00: [basecommands.smx] "Console<0><Console><Console>" refreshed the admin cache.
L 10/20/2020 - 05:31:42: [ngs_backpacktf.smx] backpack.tf price list successfully downloaded!
L 10/20/2020 - 05:32:00: [basecommands.smx] "Console<0><Console><Console>" refreshed the admin cache.
L 10/20/2020 - 05:33:00: [basecommands.smx] "Console<0><Console><Console>" refreshed the admin cache.
L 10/20/2020 - 05:34:00: [basecommands.smx] "Console<0><Console><Console>" refreshed the admin cache.
L 10/20/2020 - 05:35:00: [basecommands.smx] "Console<0><Console><Console>" refreshed the admin cache.
L 10/20/2020 - 05:36:00: [basecommands.smx] "Console<0><Console><Console>" refreshed the admin cache.
L 10/20/2020 - 05:37:00: [basecommands.smx] "Console<0><Console><Console>" refreshed the admin cache.
L 10/20/2020 - 05:38:00: [basecommands.smx] "Console<0><Console><Console>" refreshed the admin cache.
L 10/20/2020 - 05:39:00: [basecommands.smx] "Console<0><Console><Console>" refreshed the admin cache.
L 10/20/2020 - 05:40:00: [basecommands.smx] "Console<0><Console><Console>" refreshed the admin cache.
L 10/20/2020 - 05:41:00: [basecommands.smx] "Console<0><Console><Console>" refreshed the admin cache.
L 10/20/2020 - 05:42:00: [basecommands.smx] "Console<0><Console><Console>" refreshed the admin cache.
L 10/20/2020 - 05:43:00: [basecommands.smx] "Console<0><Console><Console>" refreshed the admin cache.
L 10/20/2020 - 05:44:00: [basecommands.smx] "Console<0><Console><Console>" refreshed the admin cache.
L 10/20/2020 - 05:45:00: [basecommands.smx] "Console<0><Console><Console>" refreshed the admin cache.
L 10/20/2020 - 05:46:00: [basecommands.smx] "Console<0><Console><Console>" refreshed the admin cache.
L 10/20/2020 - 05:47:00: [basecommands.smx] "Console<0><Console><Console>" refreshed the admin cache.
L 10/20/2020 - 05:48:00: [basecommands.smx] "Console<0><Console><Console>" refreshed the admin cache.
L 10/20/2020 - 05:49:00: [basecommands.smx] "Console<0><Console><Console>" refreshed the admin cache.
L 10/20/2020 - 05:50:00: [basecommands.smx] "Console<0><Console><Console>" refreshed the admin cache.
L 10/20/2020 - 05:51:00: [basecommands.smx] "Console<0><Console><Console>" refreshed the admin cache.
L 10/20/2020 - 05:52:00: [basecommands.smx] "Console<0><Console><Console>" refreshed the admin cache.
L 10/20/2020 - 05:53:00: [basecommands.smx] "Console<0><Console><Console>" refreshed the admin cache.
L 10/20/2020 - 05:54:00: [basecommands.smx] "Console<0><Console><Console>" refreshed the admin cache.
L 10/20/2020 - 05:55:00: [basecommands.smx] "Console<0><Console><Console>" refreshed the admin cache.
L 10/20/2020 - 05:56:00: [basecommands.smx] "Console<0><Console><Console>" refreshed the admin cache.
L 10/20/2020 - 05:57:00: [basecommands.smx] "Console<0><Console><Console>" refreshed the admin cache.
L 10/20/2020 - 05:58:00: [basecommands.smx] "Console<0><Console><Console>" refreshed the admin cache.
L 10/20/2020 - 05:59:00: [basecommands.smx] "Console<0><Console><Console>" refreshed the admin cache.
L 10/20/2020 - 06:00:00: [basecommands.smx] "Console<0><Console><Console>" refreshed the admin cache.
L 10/20/2020 - 06:01:00: [basecommands.smx] "Console<0><Console><Console>" refreshed the admin cache.
L 10/20/2020 - 06:02:00: [basecommands.smx] "Console<0><Console><Console>" refreshed the admin cache.
L 10/20/2020 - 06:03:00: [basecommands.smx] "Console<0><Console><Console>" refreshed the admin cache.
L 10/20/2020 - 06:04:00: [basecommands.smx] "Console<0><Console><Console>" refreshed the admin cache.
L 10/20/2020 - 06:05:00: [basecommands.smx] "Console<0><Console><Console>" refreshed the admin cache.
L 10/20/2020 - 06:06:00: [basecommands.smx] "Console<0><Console><Console>" refreshed the admin cache.
L 10/20/2020 - 06:07:00: [basecommands.smx] "Console<0><Console><Console>" refreshed the admin cache.
L 10/20/2020 - 06:08:00: [basecommands.smx] "Console<0><Console><Console>" refreshed the admin cache.
L 10/20/2020 - 06:09:00: [basecommands.smx] "Console<0><Console><Console>" refreshed the admin cache.
L 10/20/2020 - 06:10:00: [basecommands.smx] "Console<0><Console><Console>" refreshed the admin cache.
L 10/20/2020 - 06:11:00: [basecommands.smx] "Console<0><Console><Console>" refreshed the admin cache.
L 10/20/2020 - 06:12:00: [basecommands.smx] "Console<0><Console><Console>" refreshed the admin cache.
L 10/20/2020 - 06:13:00: [basecommands.smx] "Console<0><Console><Console>" refreshed the admin cache.
L 10/20/2020 - 06:14:00: [basecommands.smx] "Console<0><Console><Console>" refreshed the admin cache.
L 10/20/2020 - 06:15:00: [basecommands.smx] "Console<0><Console><Console>" refreshed the admin cache.
L 10/20/2020 - 06:16:00: [basecommands.smx] "Console<0><Console><Console>" refreshed the admin cache.
L 10/20/2020 - 06:17:00: [basecommands.smx] "Console<0><Console><Console>" refreshed the admin cache.
L 10/20/2020 - 06:18:00: [basecommands.smx] "Console<0><Console><Console>" refreshed the admin cache.
L 10/20/2020 - 06:19:00: [basecommands.smx] "Console<0><Console><Console>" refreshed the admin cache.
L 10/20/2020 - 06:20:00: [basecommands.smx] "Console<0><Console><Console>" refreshed the admin cache.
L 10/20/2020 - 06:21:00: [basecommands.smx] "Console<0><Console><Console>" refreshed the admin cache.
L 10/20/2020 - 06:22:00: [basecommands.smx] "Console<0><Console><Console>" refreshed the admin cache.
L 10/20/2020 - 06:23:00: [basecommands.smx] "Console<0><Console><Console>" refreshed the admin cache.
L 10/20/2020 - 06:24:00: [basecommands.smx] "Console<0><Console><Console>" refreshed the admin cache.
L 10/20/2020 - 06:25:00: [basecommands.smx] "Console<0><Console><Console>" refreshed the admin cache.
L 10/20/2020 - 06:26:00: [basecommands.smx] "Console<0><Console><Console>" refreshed the admin cache.
L 10/20/2020 - 06:27:00: [basecommands.smx] "Console<0><Console><Console>" refreshed the admin cache.
L 10/20/2020 - 06:28:00: [basecommands.smx] "Console<0><Console><Console>" refreshed the admin cache.
L 10/20/2020 - 06:29:00: [basecommands.smx] "Console<0><Console><Console>" refreshed the admin cache.
L 10/20/2020 - 06:30:00: [basecommands.smx] "Console<0><Console><Console>" refreshed the admin cache.
L 10/20/2020 - 06:30:11: [retryonrestart.smx] The server was restarted, attempted to reconnect all players.
L 10/20/2020 - 06:30:12: Log file closed.
L 10/20/2020 - 06:30:29: SourceMod log file session started (file "/home/tf2server.jumpcomp/serverfiles/tf/addons/sourcemod/logs/L20201020.log") (Version "1.10.0.6492")
L 10/20/2020 - 06:30:29: [TF2ITEMS] "GiveNamedItem" offset = 484
L 10/20/2020 - 06:30:29: [GEOIP2] GeoIP2 database loaded: GeoLite2-Country (2020-08-04 17:03:09 UTC)
L 10/20/2020 - 06:30:29: [GEOIP2] GeoIP2 supported languages: de en es fr ja pt-BR ru zh-CN
L 10/20/2020 - 06:30:29: [GEOIPCITY] GeoIPCity database info: GEO-106FREE 20181108 Build
L 10/20/2020 - 06:30:29: [simple-chatprocessor.smx] [SCP] Recognized mod [Team Fortress 2].
L 10/20/2020 - 06:30:29: [simple-chatprocessor.smx] [SCP] Loading translation file [scp.tf.phrases].
L 10/20/2020 - 06:30:29: [simple-plugins.smx] [SSM] Hooking events for [Team Fortress 2].
L 10/20/2020 - 06:30:29: [simple-plugins.smx] [SSM] Required extension is loaded.
L 10/20/2020 - 06:30:29: [simple-spectate.smx] [SSPEC] Hooking events for [Team Fortress 2].
L 10/20/2020 - 06:30:36: [basecommands.smx] "Console<0><Console><Console>" changed cvar (cvar "tf_avoidteammates") (value "0")
L 10/20/2020 - 06:30:36: [UPDATER] Successfully updated gamedata file "sdktools.games/game.zpanic.txt"
L 10/20/2020 - 06:30:36: [UPDATER] Successfully updated gamedata file "sdkhooks.games/game.zpanic.txt"
L 10/20/2020 - 06:30:36: [UPDATER] SourceMod has been updated, please reload it or restart your server.
L 10/20/2020 - 06:30:36: [buildinghats.smx] [Building Hats] Executing configuration file addons/sourcemod/configs/buildinghats.cfg
L 10/20/2020 - 06:30:37: [jse_jumpbot.smx] Loaded 62 recordings from repository index
L 10/20/2020 - 06:31:00: [basecommands.smx] "Console<0><Console><Console>" refreshed the admin cache.
L 10/20/2020 - 06:32:00: [basecommands.smx] "Console<0><Console><Console>" refreshed the admin cache.
L 10/20/2020 - 06:32:11: [ngs_backpacktf.smx] backpack.tf price list successfully downloaded!
L 10/20/2020 - 06:33:00: [basecommands.smx] "Console<0><Console><Console>" refreshed the admin cache.
L 10/20/2020 - 06:34:00: [basecommands.smx] "Console<0><Console><Console>" refreshed the admin cache.
L 10/20/2020 - 06:35:00: [basecommands.smx] "Console<0><Console><Console>" refreshed the admin cache.
L 10/20/2020 - 06:36:00: [basecommands.smx] "Console<0><Console><Console>" refreshed the admin cache.
L 10/20/2020 - 06:37:00: [basecommands.smx] "Console<0><Console><Console>" refreshed the admin cache.
L 10/20/2020 - 06:38:00: [basecommands.smx] "Console<0><Console><Console>" refreshed the admin cache.
L 10/20/2020 - 06:39:00: [basecommands.smx] "Console<0><Console><Console>" refreshed the admin cache.
L 10/20/2020 - 06:40:00: [basecommands.smx] "Console<0><Console><Console>" refreshed the admin cache.
L 10/20/2020 - 06:41:00: [basecommands.smx] "Console<0><Console><Console>" refreshed the admin cache.
L 10/20/2020 - 06:42:00: [basecommands.smx] "Console<0><Console><Console>" refreshed the admin cache.
L 10/20/2020 - 06:43:00: [basecommands.smx] "Console<0><Console><Console>" refreshed the admin cache.
L 10/20/2020 - 06:44:00: [basecommands.smx] "Console<0><Console><Console>" refreshed the admin cache.
L 10/20/2020 - 06:45:00: [basecommands.smx] "Console<0><Console><Console>" refreshed the admin cache.
L 10/20/2020 - 06:46:00: [basecommands.smx] "Console<0><Console><Console>" refreshed the admin cache.
L 10/20/2020 - 06:47:00: [basecommands.smx] "Console<0><Console><Console>" refreshed the admin cache.
L 10/20/2020 - 06:48:00: [basecommands.smx] "Console<0><Console><Console>" refreshed the admin cache.
L 10/20/2020 - 06:49:00: [basecommands.smx] "Console<0><Console><Console>" refreshed the admin cache.
L 10/20/2020 - 06:50:00: [basecommands.smx] "Console<0><Console><Console>" refreshed the admin cache.
L 10/20/2020 - 06:51:00: [basecommands.smx] "Console<0><Console><Console>" refreshed the admin cache.
L 10/20/2020 - 06:52:00: [basecommands.smx] "Console<0><Console><Console>" refreshed the admin cache.
L 10/20/2020 - 06:53:00: [basecommands.smx] "Console<0><Console><Console>" refreshed the admin cache.
L 10/20/2020 - 06:54:00: [basecommands.smx] "Console<0><Console><Console>" refreshed the admin cache.
L 10/20/2020 - 06:55:00: [basecommands.smx] "Console<0><Console><Console>" refreshed the admin cache.
L 10/20/2020 - 06:56:00: [basecommands.smx] "Console<0><Console><Console>" refreshed the admin cache.
L 10/20/2020 - 06:57:00: [basecommands.smx] "Console<0><Console><Console>" refreshed the admin cache.
L 10/20/2020 - 06:58:00: [basecommands.smx] "Console<0><Console><Console>" refreshed the admin cache.
L 10/20/2020 - 06:59:00: [basecommands.smx] "Console<0><Console><Console>" refreshed the admin cache.
L 10/20/2020 - 07:00:00: [basecommands.smx] "Console<0><Console><Console>" refreshed the admin cache.
L 10/20/2020 - 07:01:00: [basecommands.smx] "Console<0><Console><Console>" refreshed the admin cache.
L 10/20/2020 - 07:02:00: [basecommands.smx] "Console<0><Console><Console>" refreshed the admin cache.
L 10/20/2020 - 07:03:00: [basecommands.smx] "Console<0><Console><Console>" refreshed the admin cache.
L 10/20/2020 - 07:04:00: [basecommands.smx] "Console<0><Console><Console>" refreshed the admin cache.
L 10/20/2020 - 07:05:00: [basecommands.smx] "Console<0><Console><Console>" refreshed the admin cache.
L 10/20/2020 - 07:06:00: [basecommands.smx] "Console<0><Console><Console>" refreshed the admin cache.
L 10/20/2020 - 07:07:00: [basecommands.smx] "Console<0><Console><Console>" refreshed the admin cache.
L 10/20/2020 - 07:08:00: [basecommands.smx] "Console<0><Console><Console>" refreshed the admin cache.
L 10/20/2020 - 07:09:00: [basecommands.smx] "Console<0><Console><Console>" refreshed the admin cache.
L 10/20/2020 - 07:10:00: [basecommands.smx] "Console<0><Console><Console>" refreshed the admin cache.
L 10/20/2020 - 07:11:00: [basecommands.smx] "Console<0><Console><Console>" refreshed the admin cache.
L 10/20/2020 - 07:12:00: [basecommands.smx] "Console<0><Console><Console>" refreshed the admin cache.
L 10/20/2020 - 07:13:00: [basecommands.smx] "Console<0><Console><Console>" refreshed the admin cache.
L 10/20/2020 - 07:14:00: [basecommands.smx] "Console<0><Console><Console>" refreshed the admin cache.
L 10/20/2020 - 07:15:00: [basecommands.smx] "Console<0><Console><Console>" refreshed the admin cache.
L 10/20/2020 - 07:16:00: [basecommands.smx] "Console<0><Console><Console>" refreshed the admin cache.
L 10/20/2020 - 07:17:00: [basecommands.smx] "Console<0><Console><Console>" refreshed the admin cache.
L 10/20/2020 - 07:18:00: [basecommands.smx] "Console<0><Console><Console>" refreshed the admin cache.
L 10/20/2020 - 07:19:00: [basecommands.smx] "Console<0><Console><Console>" refreshed the admin cache.
L 10/20/2020 - 07:20:00: [basecommands.smx] "Console<0><Console><Console>" refreshed the admin cache.
L 10/20/2020 - 07:21:00: [basecommands.smx] "Console<0><Console><Console>" refreshed the admin cache.
L 10/20/2020 - 07:22:00: [basecommands.smx] "Console<0><Console><Console>" refreshed the admin cache.
L 10/20/2020 - 07:23:00: [basecommands.smx] "Console<0><Console><Console>" refreshed the admin cache.
L 10/20/2020 - 07:24:00: [basecommands.smx] "Console<0><Console><Console>" refreshed the admin cache.
L 10/20/2020 - 07:25:00: [basecommands.smx] "Console<0><Console><Console>" refreshed the admin cache.
L 10/20/2020 - 07:26:00: [basecommands.smx] "Console<0><Console><Console>" refreshed the admin cache.
L 10/20/2020 - 07:27:00: [basecommands.smx] "Console<0><Console><Console>" refreshed the admin cache.
L 10/20/2020 - 07:28:00: [basecommands.smx] "Console<0><Console><Console>" refreshed the admin cache.
L 10/20/2020 - 07:29:00: [basecommands.smx] "Console<0><Console><Console>" refreshed the admin cache.
L 10/20/2020 - 07:30:00: [basecommands.smx] "Console<0><Console><Console>" refreshed the admin cache.
L 10/20/2020 - 07:31:00: [basecommands.smx] "Console<0><Console><Console>" refreshed the admin cache.
L 10/20/2020 - 07:32:00: [basecommands.smx] "Console<0><Console><Console>" refreshed the admin cache.
L 10/20/2020 - 07:32:13: [ngs_backpacktf.smx] backpack.tf price list successfully downloaded!
L 10/20/2020 - 07:33:00: [basecommands.smx] "Console<0><Console><Console>" refreshed the admin cache.
L 10/20/2020 - 07:34:00: [basecommands.smx] "Console<0><Console><Console>" refreshed the admin cache.
L 10/20/2020 - 07:35:00: [basecommands.smx] "Console<0><Console><Console>" refreshed the admin cache.
L 10/20/2020 - 07:36:00: [basecommands.smx] "Console<0><Console><Console>" refreshed the admin cache.
L 10/20/2020 - 07:37:00: [basecommands.smx] "Console<0><Console><Console>" refreshed the admin cache.
L 10/20/2020 - 07:38:00: [basecommands.smx] "Console<0><Console><Console>" refreshed the admin cache.
L 10/20/2020 - 07:39:00: [basecommands.smx] "Console<0><Console><Console>" refreshed the admin cache.
L 10/20/2020 - 07:40:00: [basecommands.smx] "Console<0><Console><Console>" refreshed the admin cache.
L 10/20/2020 - 07:41:00: [basecommands.smx] "Console<0><Console><Console>" refreshed the admin cache.
L 10/20/2020 - 07:42:00: [basecommands.smx] "Console<0><Console><Console>" refreshed the admin cache.
L 10/20/2020 - 07:43:00: [basecommands.smx] "Console<0><Console><Console>" refreshed the admin cache.
L 10/20/2020 - 07:44:00: [basecommands.smx] "Console<0><Console><Console>" refreshed the admin cache.
L 10/20/2020 - 07:45:00: [basecommands.smx] "Console<0><Console><Console>" refreshed the admin cache.
L 10/20/2020 - 07:46:00: [basecommands.smx] "Console<0><Console><Console>" refreshed the admin cache.
L 10/20/2020 - 07:47:00: [basecommands.smx] "Console<0><Console><Console>" refreshed the admin cache.
L 10/20/2020 - 07:48:00: [basecommands.smx] "Console<0><Console><Console>" refreshed the admin cache.
L 10/20/2020 - 07:49:00: [basecommands.smx] "Console<0><Console><Console>" refreshed the admin cache.
L 10/20/2020 - 07:50:00: [basecommands.smx] "Console<0><Console><Console>" refreshed the admin cache.
L 10/20/2020 - 07:51:00: [basecommands.smx] "Console<0><Console><Console>" refreshed the admin cache.
L 10/20/2020 - 07:52:00: [basecommands.smx] "Console<0><Console><Console>" refreshed the admin cache.
L 10/20/2020 - 07:53:00: [basecommands.smx] "Console<0><Console><Console>" refreshed the admin cache.
L 10/20/2020 - 07:54:00: [basecommands.smx] "Console<0><Console><Console>" refreshed the admin cache.
L 10/20/2020 - 07:55:00: [basecommands.smx] "Console<0><Console><Console>" refreshed the admin cache.
L 10/20/2020 - 07:56:00: [basecommands.smx] "Console<0><Console><Console>" refreshed the admin cache.
L 10/20/2020 - 07:57:00: [basecommands.smx] "Console<0><Console><Console>" refreshed the admin cache.
L 10/20/2020 - 07:58:00: [basecommands.smx] "Console<0><Console><Console>" refreshed the admin cache.
L 10/20/2020 - 07:59:00: [basecommands.smx] "Console<0><Console><Console>" refreshed the admin cache.
L 10/20/2020 - 08:00:00: [basecommands.smx] "Console<0><Console><Console>" refreshed the admin cache.
L 10/20/2020 - 08:01:00: [basecommands.smx] "Console<0><Console><Console>" refreshed the admin cache.
L 10/20/2020 - 08:02:00: [basecommands.smx] "Console<0><Console><Console>" refreshed the admin cache.
L 10/20/2020 - 08:03:00: [basecommands.smx] "Console<0><Console><Console>" refreshed the admin cache.
L 10/20/2020 - 08:04:00: [basecommands.smx] "Console<0><Console><Console>" refreshed the admin cache.
L 10/20/2020 - 08:05:00: [basecommands.smx] "Console<0><Console><Console>" refreshed the admin cache.
L 10/20/2020 - 08:06:00: [basecommands.smx] "Console<0><Console><Console>" refreshed the admin cache.
L 10/20/2020 - 08:07:00: [basecommands.smx] "Console<0><Console><Console>" refreshed the admin cache.
L 10/20/2020 - 08:08:00: [basecommands.smx] "Console<0><Console><Console>" refreshed the admin cache.
L 10/20/2020 - 08:09:00: [basecommands.smx] "Console<0><Console><Console>" refreshed the admin cache.
L 10/20/2020 - 08:10:00: [basecommands.smx] "Console<0><Console><Console>" refreshed the admin cache.
L 10/20/2020 - 08:11:00: [basecommands.smx] "Console<0><Console><Console>" refreshed the admin cache.
L 10/20/2020 - 08:12:00: [basecommands.smx] "Console<0><Console><Console>" refreshed the admin cache.
L 10/20/2020 - 08:13:00: [basecommands.smx] "Console<0><Console><Console>" refreshed the admin cache.
L 10/20/2020 - 08:14:00: [basecommands.smx] "Console<0><Console><Console>" refreshed the admin cache.
L 10/20/2020 - 08:15:00: [basecommands.smx] "Console<0><Console><Console>" refreshed the admin cache.
L 10/20/2020 - 08:16:00: [basecommands.smx] "Console<0><Console><Console>" refreshed the admin cache.
L 10/20/2020 - 08:17:00: [basecommands.smx] "Console<0><Console><Console>" refreshed the admin cache.
L 10/20/2020 - 08:18:00: [basecommands.smx] "Console<0><Console><Console>" refreshed the admin cache.
L 10/20/2020 - 08:19:00: [basecommands.smx] "Console<0><Console><Console>" refreshed the admin cache.
L 10/20/2020 - 08:20:00: [basecommands.smx] "Console<0><Console><Console>" refreshed the admin cache.
L 10/20/2020 - 08:21:00: [basecommands.smx] "Console<0><Console><Console>" refreshed the admin cache.
L 10/20/2020 - 08:22:00: [basecommands.smx] "Console<0><Console><Console>" refreshed the admin cache.
L 10/20/2020 - 08:23:00: [basecommands.smx] "Console<0><Console><Console>" refreshed the admin cache.
