L 10/15/2020 - 06:30:37: Log file started (file "logs/L1015000.log") (game "/home/tf2server.mge/serverfiles/tf") (version "6135201")
L 10/15/2020 - 06:30:37: server_cvar: "sv_contact" "admin@pancakes.tf"
L 10/15/2020 - 06:30:37: server_cvar: "tfh_fullmoon" "1"
L 10/15/2020 - 06:30:37: server_cvar: "tfh_winter" "1"
L 10/15/2020 - 06:30:37: server_cvar: "tfh_birthday" "1"
L 10/15/2020 - 06:30:37: server_cvar: "tfh_endoftheline" "1"
L 10/15/2020 - 06:30:37: server_cvar: "tfh_normalhealth" "1"
L 10/15/2020 - 06:30:37: server_cvar: "tf_use_fixed_weaponspreads" "1"
L 10/15/2020 - 06:30:37: server_cvar: "tf_weapon_criticals" "0"
L 10/15/2020 - 06:30:37: server_cvar: "sv_tags" "1v1,1vs1,2v2,2vs2,alltalk,best,comp,dm,duels,fast,fun,increased_maxplayers,la,mge,mod,nocrits,norespawntime,respawntimes,us,usa"
L 10/15/2020 - 06:30:37: server_cvar: "sv_tags" "1v1,1vs1,2v2,2vs2,alltalk,best,comp,dm,duels,fast,fun,increased_maxplayers,la,mge,mod,nocrits,norespawntime,respawntimes,us,usa"
L 10/15/2020 - 06:30:37: server_cvar: "tf_weapon_criticals_melee" "0"
L 10/15/2020 - 06:30:38: Connection to Steam servers successful.
L 10/15/2020 - 06:30:38:    Public IP is 104.192.224.18.
L 10/15/2020 - 06:30:38: Assigned persistent gameserver Steam ID [G:1:3229395].
L 10/15/2020 - 06:30:38: VAC secure mode is activated.
L 10/15/2020 - 10:10:51: Your server needs to be restarted in order to receive the latest update.
L 10/15/2020 - 10:15:53: Your server needs to be restarted in order to receive the latest update.
L 10/15/2020 - 10:20:52: Your server needs to be restarted in order to receive the latest update.
L 10/15/2020 - 10:25:52: Your server needs to be restarted in order to receive the latest update.
L 10/15/2020 - 10:30:19: [META] Loaded 0 plugins (1 already loaded)
L 10/15/2020 - 10:30:19: server_message: "quit"
L 10/15/2020 - 10:30:20: Log file closed.
