L 10/15/2020 - 10:30:57: Log file started (file "logs/L1015001.log") (game "/home/tf2server.jump/serverfiles/tf") (version "6145689")
L 10/15/2020 - 10:30:57: server_cvar: "sv_contact" "admin@pancakes.tf"
L 10/15/2020 - 10:30:57: server_cvar: "tfh_fullmoon" "1"
L 10/15/2020 - 10:30:57: server_cvar: "tfh_winter" "1"
L 10/15/2020 - 10:30:57: server_cvar: "tfh_birthday" "1"
L 10/15/2020 - 10:30:57: server_cvar: "tfh_endoftheline" "1"
L 10/15/2020 - 10:30:57: server_cvar: "tfh_normalhealth" "1"
L 10/15/2020 - 10:30:57: server_cvar: "mp_forceautoteam" "1"
L 10/15/2020 - 10:30:57: Connection to Steam servers successful.
L 10/15/2020 - 10:30:57:    Public IP is 104.192.224.18.
L 10/15/2020 - 10:30:57: Assigned persistent gameserver Steam ID [G:1:3240612].
L 10/15/2020 - 10:30:57: VAC secure mode is activated.
L 10/15/2020 - 10:30:57: server_cvar: "mp_respawnwavetime" "0"
L 10/15/2020 - 10:30:57: server_cvar: "sv_noclipspeed" "2.500000"
L 10/15/2020 - 10:30:57: server_cvar: "tf_weapon_criticals" "0"
L 10/15/2020 - 10:30:57: server_cvar: "sv_tags" "academy,alltalk,cp,fast,fun,increased_maxplayers,jump,la,learning,nocrits,norespawntime,pancakes,respawntimes,soldier,trai"
L 10/15/2020 - 10:30:57: server_cvar: "sv_tags" "academy,alltalk,cp,fast,fun,increased_maxplayers,jump,la,learning,nocrits,norespawntime,pancakes,respawntimes,soldier,trai"
L 10/15/2020 - 10:50:51: "an arrogant individual<2><[U:1:444139905]><>" connected, address "72.220.170.144:27005"
L 10/15/2020 - 10:50:52: "an arrogant individual<2><[U:1:444139905]><>" STEAM USERID validated
L 10/15/2020 - 10:51:24: "JumpBOT<3><BOT><>" connected, address "none"
L 10/15/2020 - 10:51:24: "JumpBOT<3><BOT><>" entered the game
L 10/15/2020 - 10:51:24: "an arrogant individual<2><[U:1:444139905]><>" entered the game
L 10/15/2020 - 10:51:27: server_cvar: "tf_bot_count" "1"
L 10/15/2020 - 10:51:27: server_cvar: "sv_tags" "academy,alltalk,bots,cp,fast,fun,increased_maxplayers,jump,la,learning,nocrits,norespawntime,pancakes,respawntimes,soldier,trai"
L 10/15/2020 - 10:51:27: server_cvar: "sv_tags" "academy,alltalk,bots,cp,fast,fun,increased_maxplayers,jump,la,learning,nocrits,norespawntime,pancakes,respawntimes,soldier,trai"
L 10/15/2020 - 10:51:28: "an arrogant individual<2><[U:1:444139905]><Unassigned>" joined team "Blue"
L 10/15/2020 - 10:51:29: "an arrogant individual<2><[U:1:444139905]><Blue>" changed role to "soldier"
L 10/15/2020 - 10:51:29: "JumpBOT<3><BOT><Unassigned>" joined team "Blue"
L 10/15/2020 - 10:51:36: "an arrogant individual<2><[U:1:444139905]><Blue>" say "!r"
L 10/15/2020 - 10:51:42: "an arrogant individual<2><[U:1:444139905]><Blue>" say "!t"
L 10/15/2020 - 10:51:47: "an arrogant individual<2><[U:1:444139905]><Blue>" say "!r"
L 10/15/2020 - 10:52:44: "an arrogant individual<2><[U:1:444139905]><Blue>" disconnected (reason "Disconnect by user.")
L 10/15/2020 - 11:00:05: [META] Loaded 0 plugins (1 already loaded)
L 10/15/2020 - 11:00:05: "JumpBOT<3><BOT><>" disconnected (reason "Server shutting down")
L 10/15/2020 - 11:00:05: server_message: "quit"
L 10/15/2020 - 11:00:06: Log file closed.
