10-Aug-2020 - 09:31:05: File received: user_custom/9b/9bdad692.dat
10-Aug-2020 - 09:31:07: File received: user_custom/9b/9bdad692.dat from (Чечевица | TRADEIT.GG) [STEAM_0:1:502737504]
10-Aug-2020 - 09:32:28: File received: user_custom/9b/9bdad692.dat from (Чечевица | TRADEIT.GG) [STEAM_0:1:502737504]
10-Aug-2020 - 09:55:47: File received: user_custom/96/9692f1aa.dat
10-Aug-2020 - 09:55:52: File received: user_custom/96/9692f1aa.dat from (Harry Poggers) [STEAM_0:0:84806218]
10-Aug-2020 - 09:57:11: File received: user_custom/96/9692f1aa.dat from (Harry Poggers) [STEAM_0:0:84806218]
10-Aug-2020 - 13:58:13: File received: user_custom/64/64d8c6ba.dat
10-Aug-2020 - 13:58:13: File received: user_custom/c1/c12cc55b.dat
10-Aug-2020 - 13:59:47: File received: user_custom/64/64d8c6ba.dat
10-Aug-2020 - 13:59:47: File received: user_custom/c1/c12cc55b.dat
10-Aug-2020 - 14:00:09: File received: user_custom/64/64d8c6ba.dat from (We Do It Live!) [STEAM_0:1:11367919]
10-Aug-2020 - 14:00:10: File received: user_custom/c1/c12cc55b.dat
10-Aug-2020 - 16:53:36: File received: user_custom/57/574090f0.dat
10-Aug-2020 - 16:53:38: File received: user_custom/57/574090f0.dat from (Cookiesforeyes) [STEAM_0:1:222750369]
10-Aug-2020 - 16:55:34: File received: user_custom/06/064f946b.dat
10-Aug-2020 - 16:55:35: File received: user_custom/06/064f946b.dat from (Pootis) [STEAM_0:0:154521098]
10-Aug-2020 - 16:56:38: File received: user_custom/06/064f946b.dat from (Pootis) [STEAM_0:0:154521098]
10-Aug-2020 - 16:57:38: File received: user_custom/ae/ae18b810.dat
10-Aug-2020 - 16:58:14: File received: user_custom/ae/ae18b810.dat from (Master of the Hellish Yard) [STEAM_0:0:88293199]
10-Aug-2020 - 16:58:50: File received: user_custom/60/601f46d8.dat
10-Aug-2020 - 16:58:51: File received: user_custom/60/601f46d8.dat from (Giga) [STEAM_0:0:127069928]
10-Aug-2020 - 16:58:51: File received: user_custom/60/601f46d8.dat from (Giga) [STEAM_0:0:127069928]
10-Aug-2020 - 16:59:11: File received: user_custom/60/601f46d8.dat from (Giga) [STEAM_0:0:127069928]
10-Aug-2020 - 17:58:22: File received: user_custom/4c/4c1e316f.dat
10-Aug-2020 - 17:58:23: File received: user_custom/4c/4c1e316f.dat from (Cute Bulge) [STEAM_0:0:554562546]
10-Aug-2020 - 17:58:23: File received: user_custom/4c/4c1e316f.dat from (Cute Bulge) [STEAM_0:0:554562546]
10-Aug-2020 - 17:58:23: File received: user_custom/4c/4c1e316f.dat from (Cute Bulge) [STEAM_0:0:554562546]
10-Aug-2020 - 17:58:23: File received: user_custom/4c/4c1e316f.dat from (Cute Bulge) [STEAM_0:0:554562546]
10-Aug-2020 - 17:58:32: File received: user_custom/4c/4c1e316f.dat from (Cute Bulge) [STEAM_0:0:554562546]
10-Aug-2020 - 18:06:34: File received: user_custom/a4/a4b0ab47.dat
10-Aug-2020 - 18:06:35: File received: user_custom/a4/a4b0ab47.dat from (09vanxi) [STEAM_0:0:64793613]
10-Aug-2020 - 18:06:35: File received: user_custom/a4/a4b0ab47.dat from (09vanxi) [STEAM_0:0:64793613]
10-Aug-2020 - 18:06:35: File received: user_custom/a4/a4b0ab47.dat from (09vanxi) [STEAM_0:0:64793613]
10-Aug-2020 - 18:06:35: File received: user_custom/a4/a4b0ab47.dat from (09vanxi) [STEAM_0:0:64793613]
10-Aug-2020 - 18:06:35: File received: user_custom/a4/a4b0ab47.dat from (09vanxi) [STEAM_0:0:64793613]
10-Aug-2020 - 18:07:05: File received: user_custom/a4/a4b0ab47.dat from (09vanxi) [STEAM_0:0:64793613]
10-Aug-2020 - 18:08:25: Blocked unchecked spray - missing file: download/user_custom/us/user_custom/06/064f946b.dat.dat from (bigjames808) [STEAM_0:0:560668926]
10-Aug-2020 - 18:22:58: File received: user_custom/a4/a4b0ab47.dat from (09vanxi) [STEAM_0:0:64793613]
10-Aug-2020 - 18:29:57: File received: user_custom/a4/a4b0ab47.dat from (09vanxi) [STEAM_0:0:64793613]
10-Aug-2020 - 18:29:57: File received: user_custom/d0/d0485e52.dat
10-Aug-2020 - 18:29:58: File received: user_custom/d0/d0485e52.dat from (AndrewloveslegosClass2020) [STEAM_0:0:188933938]
10-Aug-2020 - 18:29:58: File received: user_custom/d0/d0485e52.dat from (AndrewloveslegosClass2020) [STEAM_0:0:188933938]
10-Aug-2020 - 18:29:58: File received: user_custom/d0/d0485e52.dat from (AndrewloveslegosClass2020) [STEAM_0:0:188933938]
10-Aug-2020 - 18:29:58: File received: user_custom/d0/d0485e52.dat from (AndrewloveslegosClass2020) [STEAM_0:0:188933938]
10-Aug-2020 - 18:29:58: File received: user_custom/d0/d0485e52.dat from (AndrewloveslegosClass2020) [STEAM_0:0:188933938]
10-Aug-2020 - 18:32:21: File received: user_custom/a4/a4b0ab47.dat from (09vanxi) [STEAM_0:0:64793613]
10-Aug-2020 - 18:32:21: File received: user_custom/e0/e0437476.dat
10-Aug-2020 - 18:32:23: File received: user_custom/e0/e0437476.dat from (apple cider) [STEAM_0:0:136039894]
10-Aug-2020 - 18:32:23: File received: user_custom/e0/e0437476.dat from (apple cider) [STEAM_0:0:136039894]
10-Aug-2020 - 18:32:23: File received: user_custom/e0/e0437476.dat from (apple cider) [STEAM_0:0:136039894]
10-Aug-2020 - 18:32:23: File received: user_custom/e0/e0437476.dat from (apple cider) [STEAM_0:0:136039894]
10-Aug-2020 - 18:32:23: File received: user_custom/e0/e0437476.dat from (apple cider) [STEAM_0:0:136039894]
10-Aug-2020 - 18:32:23: File received: user_custom/e0/e0437476.dat from (apple cider) [STEAM_0:0:136039894]
10-Aug-2020 - 18:32:43: File received: user_custom/e0/e0437476.dat from (apple cider) [STEAM_0:0:136039894]
10-Aug-2020 - 18:36:18: File received: user_custom/a4/a4b0ab47.dat from (09vanxi) [STEAM_0:0:64793613]
10-Aug-2020 - 18:39:56: File received: user_custom/a4/a4b0ab47.dat from (09vanxi) [STEAM_0:0:64793613]
10-Aug-2020 - 18:39:56: File received: user_custom/92/92cb7592.dat
10-Aug-2020 - 18:39:57: File received: user_custom/92/92cb7592.dat from (Dimebag) [STEAM_0:1:111252226]
10-Aug-2020 - 18:39:57: File received: user_custom/92/92cb7592.dat from (Dimebag) [STEAM_0:1:111252226]
10-Aug-2020 - 18:39:57: File received: user_custom/92/92cb7592.dat from (Dimebag) [STEAM_0:1:111252226]
10-Aug-2020 - 18:39:57: File received: user_custom/92/92cb7592.dat from (Dimebag) [STEAM_0:1:111252226]
10-Aug-2020 - 18:39:57: File received: user_custom/92/92cb7592.dat from (Dimebag) [STEAM_0:1:111252226]
10-Aug-2020 - 18:40:04: File received: user_custom/92/92cb7592.dat from (Dimebag) [STEAM_0:1:111252226]
10-Aug-2020 - 18:40:17: File received: user_custom/a4/a4b0ab47.dat from (09vanxi) [STEAM_0:0:64793613]
10-Aug-2020 - 18:40:17: File received: user_custom/3e/3eaacbe0.dat
10-Aug-2020 - 18:40:18: File received: user_custom/3e/3eaacbe0.dat from (pog) [STEAM_0:0:229797741]
10-Aug-2020 - 18:40:18: File received: user_custom/3e/3eaacbe0.dat from (pog) [STEAM_0:0:229797741]
10-Aug-2020 - 18:40:18: File received: user_custom/3e/3eaacbe0.dat from (pog) [STEAM_0:0:229797741]
10-Aug-2020 - 18:40:18: File received: user_custom/3e/3eaacbe0.dat from (pog) [STEAM_0:0:229797741]
10-Aug-2020 - 18:40:18: File received: user_custom/3e/3eaacbe0.dat from (pog) [STEAM_0:0:229797741]
10-Aug-2020 - 18:40:26: File received: user_custom/3e/3eaacbe0.dat from (pog) [STEAM_0:0:229797741]
10-Aug-2020 - 18:49:29: Blocked unchecked spray - missing file: download/user_custom/a4/a4b0ab47.dat from (09vanxi) [STEAM_0:0:64793613]
10-Aug-2020 - 19:27:11: File received: user_custom/ab/abf98d97.dat
10-Aug-2020 - 19:27:27: File received: user_custom/ab/abf98d97.dat from (Noob of Noobs [S.B.V.G]) [STEAM_0:0:117763019]
10-Aug-2020 - 19:27:44: File received: user_custom/40/40ebb8ff.dat
10-Aug-2020 - 19:28:36: File received: user_custom/65/658eb4ee.dat
10-Aug-2020 - 21:17:55: File received: user_custom/e0/e080da07.dat
10-Aug-2020 - 21:28:17: File received: user_custom/e0/e080da07.dat from ([STF] Sushi) [STEAM_0:0:214925393]
10-Aug-2020 - 21:48:40: File received: user_custom/e0/e0bfc0d4.dat
10-Aug-2020 - 21:48:50: File received: user_custom/e0/e0bfc0d4.dat from (Sirius) [STEAM_0:0:39557131]
10-Aug-2020 - 21:50:00: File received: user_custom/04/04d3158d.dat
10-Aug-2020 - 21:50:03: File received: user_custom/04/04d3158d.dat from (Princess Cheeseballs) [STEAM_0:1:55600214]
10-Aug-2020 - 21:50:17: File received: user_custom/04/04d3158d.dat from (Princess Cheeseballs) [STEAM_0:1:55600214]
10-Aug-2020 - 22:23:40: File received: user_custom/f3/f3ca400e.dat
10-Aug-2020 - 22:23:42: File received: user_custom/f3/f3ca400e.dat from (Mavvy) [STEAM_0:0:147089517]
10-Aug-2020 - 22:23:42: File received: user_custom/f3/f3ca400e.dat from (Mavvy) [STEAM_0:0:147089517]
10-Aug-2020 - 22:24:01: File received: user_custom/f3/f3ca400e.dat from (Mavvy) [STEAM_0:0:147089517]
11-Aug-2020 - 00:42:50: File received: user_custom/a7/a7b7629e.dat
11-Aug-2020 - 00:42:57: File received: user_custom/09/0999cd58.dat
11-Aug-2020 - 00:43:08: File received: user_custom/a7/a7b7629e.dat from (♥Scoot♥) [STEAM_0:1:239699541]
11-Aug-2020 - 00:43:42: File received: user_custom/09/0999cd58.dat from (Hoovers) [STEAM_0:1:215789385]
11-Aug-2020 - 00:57:23: Blocked unchecked spray - missing file: download/user_custom/do/download/user_custom/09/0999cd58.dat.dat from (bloofus) [STEAM_0:1:103706115]
11-Aug-2020 - 08:21:19: File received: user_custom/64/64d8c6ba.dat
11-Aug-2020 - 08:21:19: File received: user_custom/c1/c12cc55b.dat
11-Aug-2020 - 08:21:43: File received: user_custom/64/64d8c6ba.dat from (We Do It Live!) [STEAM_0:1:11367919]
11-Aug-2020 - 08:21:43: File received: user_custom/c1/c12cc55b.dat
11-Aug-2020 - 09:23:02: File received: user_custom/fe/feed873e.dat
11-Aug-2020 - 09:23:07: File received: user_custom/fe/feed873e.dat from (Metric) [STEAM_0:1:98050175]
11-Aug-2020 - 18:17:52: File received: user_custom/a6/a6c7f0d1.dat
11-Aug-2020 - 18:18:11: File received: user_custom/a6/a6c7f0d1.dat from (Posshim) [STEAM_0:0:38802674]
11-Aug-2020 - 18:18:12: File received: user_custom/06/064f946b.dat
11-Aug-2020 - 18:18:13: File received: user_custom/06/064f946b.dat from (Pootis) [STEAM_0:0:154521098]
11-Aug-2020 - 18:18:16: File received: user_custom/ae/ae18b810.dat
11-Aug-2020 - 18:18:35: File received: user_custom/ae/ae18b810.dat from (Master of the Hellish Yard) [STEAM_0:0:88293199]
11-Aug-2020 - 18:19:09: File received: user_custom/06/064f946b.dat from (Pootis) [STEAM_0:0:154521098]
11-Aug-2020 - 18:23:25: Blocked unchecked spray - missing file: download/user_custom/do/download/user_custom/06/064f946b.dat.dat from (Cheers luv, the meme are here) [STEAM_0:1:59862559]
11-Aug-2020 - 19:39:13: File received: user_custom/9a/9ac7cb70.dat
11-Aug-2020 - 19:39:14: File received: user_custom/9a/9ac7cb70.dat from (James) [STEAM_0:0:216758074]
11-Aug-2020 - 19:39:23: File received: user_custom/9a/9ac7cb70.dat from (James) [STEAM_0:0:216758074]
11-Aug-2020 - 21:02:31: File received: user_custom/30/30f9f368.dat
11-Aug-2020 - 21:03:28: File received: user_custom/30/30f9f368.dat from (maestrorage) [STEAM_0:0:114585485]
11-Aug-2020 - 21:06:02: File received: user_custom/29/2942f719.dat
11-Aug-2020 - 21:07:28: File received: user_custom/29/2942f719.dat from (* A i k o *) [STEAM_0:1:459110265]
11-Aug-2020 - 21:11:14: File received: user_custom/a5/a58e34b3.dat
11-Aug-2020 - 21:11:21: File received: user_custom/a5/a58e34b3.dat
11-Aug-2020 - 21:11:22: File received: user_custom/a5/a58e34b3.dat from (Selkierr) [STEAM_0:0:173652840]
11-Aug-2020 - 21:11:28: File received: user_custom/a5/a58e34b3.dat from (Selkierr) [STEAM_0:0:173652840]
11-Aug-2020 - 21:13:53: File received: user_custom/01/018a1801.dat
11-Aug-2020 - 21:14:39: File received: user_custom/01/018a1801.dat
11-Aug-2020 - 21:15:11: File received: user_custom/01/018a1801.dat from (Toast) [STEAM_0:0:419569784]
11-Aug-2020 - 21:15:15: File received: user_custom/01/018a1801.dat from (Toast) [STEAM_0:0:419569784]
11-Aug-2020 - 21:15:42: File received: user_custom/01/018a1801.dat
11-Aug-2020 - 21:38:45: File received: user_custom/35/3523ecad.dat
11-Aug-2020 - 21:38:54: File received: user_custom/35/3523ecad.dat
11-Aug-2020 - 21:38:58: File received: user_custom/0d/0d11486c.dat
11-Aug-2020 - 21:39:13: File received: user_custom/35/3523ecad.dat
11-Aug-2020 - 21:39:22: File received: user_custom/0d/0d11486c.dat
11-Aug-2020 - 23:23:27: File received: user_custom/5b/5bf09ea1.dat
11-Aug-2020 - 23:23:35: File received: user_custom/5b/5bf09ea1.dat
12-Aug-2020 - 10:21:40: File received: user_custom/cf/cf92c47b.dat
12-Aug-2020 - 10:21:49: File received: user_custom/cf/cf92c47b.dat
12-Aug-2020 - 10:21:52: File received: user_custom/cf/cf92c47b.dat from (Buddha Man™) [STEAM_0:0:56979890]
12-Aug-2020 - 10:41:07: File received: user_custom/35/35489107.dat
12-Aug-2020 - 10:41:16: File received: user_custom/35/35489107.dat
12-Aug-2020 - 10:41:38: File received: user_custom/35/35489107.dat
12-Aug-2020 - 14:14:21: File received: user_custom/a6/a6d83ffb.dat
12-Aug-2020 - 17:08:15: File received: user_custom/90/903a7ac6.dat
12-Aug-2020 - 17:08:38: File received: user_custom/90/903a7ac6.dat
12-Aug-2020 - 17:08:41: File received: user_custom/ae/aeef12c4.dat
12-Aug-2020 - 17:08:48: File received: user_custom/ae/aeef12c4.dat
12-Aug-2020 - 17:09:01: File received: user_custom/90/903a7ac6.dat
12-Aug-2020 - 17:09:03: File received: user_custom/ae/aeef12c4.dat
12-Aug-2020 - 17:09:09: File received: user_custom/ae/aeef12c4.dat from (bluelightning175) [STEAM_0:0:419212549]
12-Aug-2020 - 17:09:23: File received: user_custom/ae/aeef12c4.dat
12-Aug-2020 - 17:09:23: File received: user_custom/90/903a7ac6.dat
12-Aug-2020 - 17:10:28: File received: user_custom/ae/aeef12c4.dat
12-Aug-2020 - 17:10:28: File received: user_custom/90/903a7ac6.dat
12-Aug-2020 - 18:39:00: File received: user_custom/73/73ec0e35.dat
12-Aug-2020 - 18:39:05: File received: user_custom/73/73ec0e35.dat from (Hex Mex) [STEAM_0:0:52046877]
12-Aug-2020 - 18:39:16: File received: user_custom/73/73ec0e35.dat
12-Aug-2020 - 18:39:16: File received: user_custom/73/73ec0e35.dat
12-Aug-2020 - 18:39:20: File received: user_custom/73/73ec0e35.dat from (Hex Mex) [STEAM_0:0:52046877]
12-Aug-2020 - 18:39:26: File received: user_custom/73/73ec0e35.dat
12-Aug-2020 - 18:39:30: File received: user_custom/73/73ec0e35.dat
12-Aug-2020 - 18:39:31: File received: user_custom/73/73ec0e35.dat from (Hex Mex) [STEAM_0:0:52046877]
12-Aug-2020 - 18:39:39: File received: user_custom/73/73ec0e35.dat
12-Aug-2020 - 18:39:44: File received: user_custom/73/73ec0e35.dat from (Hex Mex) [STEAM_0:0:52046877]
12-Aug-2020 - 18:39:55: File received: user_custom/73/73ec0e35.dat
12-Aug-2020 - 18:40:09: File received: user_custom/73/73ec0e35.dat from (Hex Mex) [STEAM_0:0:52046877]
12-Aug-2020 - 18:49:56: File received: user_custom/44/44f64c7d.dat
12-Aug-2020 - 19:39:05: File received: user_custom/51/51a4099c.dat
12-Aug-2020 - 20:08:06: File received: user_custom/cc/cce837e9.dat
12-Aug-2020 - 20:08:13: File received: user_custom/cc/cce837e9.dat
12-Aug-2020 - 20:08:31: File received: user_custom/cc/cce837e9.dat
12-Aug-2020 - 22:27:38: File received: user_custom/8a/8aaa1290.dat
12-Aug-2020 - 22:27:39: File received: user_custom/8a/8aaa1290.dat from ([2142]Bonded) [STEAM_0:0:63958518]
12-Aug-2020 - 22:27:39: File received: user_custom/8a/8aaa1290.dat from ([2142]Bonded) [STEAM_0:0:63958518]
12-Aug-2020 - 22:27:45: File received: user_custom/8a/8aaa1290.dat
12-Aug-2020 - 22:27:48: File received: user_custom/8a/8aaa1290.dat
12-Aug-2020 - 22:27:51: File received: user_custom/8a/8aaa1290.dat
12-Aug-2020 - 22:27:53: File received: user_custom/8a/8aaa1290.dat from ([2142]Bonded) [STEAM_0:0:63958518]
12-Aug-2020 - 22:27:53: File received: user_custom/8a/8aaa1290.dat from ([2142]Bonded) [STEAM_0:0:63958518]
12-Aug-2020 - 22:27:58: File received: user_custom/8a/8aaa1290.dat from ([2142]Bonded) [STEAM_0:0:63958518]
12-Aug-2020 - 22:28:10: File received: user_custom/8a/8aaa1290.dat
12-Aug-2020 - 22:28:12: File received: user_custom/8a/8aaa1290.dat from ([2142]Bonded) [STEAM_0:0:63958518]
12-Aug-2020 - 22:28:19: File received: user_custom/8a/8aaa1290.dat from ([2142]Bonded) [STEAM_0:0:63958518]
12-Aug-2020 - 22:31:08: File received: user_custom/3d/3dff9ae3.dat
12-Aug-2020 - 22:31:09: File received: user_custom/3d/3dff9ae3.dat from (fluffs_the_mage) [STEAM_0:1:215093713]
12-Aug-2020 - 22:31:24: File received: user_custom/3d/3dff9ae3.dat from (fluffs_the_mage) [STEAM_0:1:215093713]
12-Aug-2020 - 23:14:35: File received: user_custom/5b/5bf09ea1.dat
13-Aug-2020 - 01:49:30: File received: user_custom/6c/6ce0826a.dat
13-Aug-2020 - 01:49:46: File received: user_custom/6c/6ce0826a.dat
13-Aug-2020 - 01:50:05: File received: user_custom/6c/6ce0826a.dat
13-Aug-2020 - 01:50:23: File received: user_custom/6c/6ce0826a.dat
13-Aug-2020 - 10:43:55: File received: user_custom/23/23cfafa4.dat
13-Aug-2020 - 10:44:18: File received: user_custom/23/23cfafa4.dat
13-Aug-2020 - 10:45:32: File received: user_custom/35/35de2460.dat
13-Aug-2020 - 11:34:51: File received: user_custom/86/86894c25.dat
13-Aug-2020 - 11:35:00: File received: user_custom/86/86894c25.dat
13-Aug-2020 - 11:35:19: File received: user_custom/86/86894c25.dat
13-Aug-2020 - 11:35:21: File received: user_custom/8e/8eb33496.dat
13-Aug-2020 - 11:35:33: File received: user_custom/86/86894c25.dat
13-Aug-2020 - 11:35:40: File received: user_custom/8e/8eb33496.dat
13-Aug-2020 - 13:17:14: File received: user_custom/4e/4e4e691f.dat
13-Aug-2020 - 14:01:28: File received: user_custom/e0/e0608a75.dat
13-Aug-2020 - 14:02:08: File received: user_custom/e0/e0608a75.dat
13-Aug-2020 - 16:01:25: File received: user_custom/eb/ebf2f693.dat
13-Aug-2020 - 16:03:22: File received: user_custom/bb/bbce0399.dat
13-Aug-2020 - 16:03:25: File received: user_custom/bb/bbce0399.dat
13-Aug-2020 - 16:08:38: File received: user_custom/eb/ebf2f693.dat
13-Aug-2020 - 16:08:40: File received: user_custom/eb/ebf2f693.dat from (U556) [STEAM_0:0:239572341]
13-Aug-2020 - 17:02:49: File received: user_custom/3c/3cb2f5b9.dat
13-Aug-2020 - 17:03:58: File received: user_custom/3c/3cb2f5b9.dat from (AAAAAAAAAAA!!) [STEAM_0:1:526224023]
13-Aug-2020 - 19:38:45: File received: user_custom/7b/7b4702aa.dat
13-Aug-2020 - 19:38:52: File received: user_custom/7b/7b4702aa.dat from (Ms. Cherry Kat ☆) [STEAM_0:1:59407896]
13-Aug-2020 - 21:28:25: File received: user_custom/0c/0c46ef42.dat
13-Aug-2020 - 21:35:50: File received: user_custom/82/82bcc6ef.dat
13-Aug-2020 - 21:35:55: File received: user_custom/82/82bcc6ef.dat from (HEADRUSH31) [STEAM_0:1:56225299]
13-Aug-2020 - 22:07:01: File received: user_custom/51/5155bb92.dat
13-Aug-2020 - 22:07:04: File received: user_custom/51/5155bb92.dat from (MitY_OC) [STEAM_0:0:547699321]
13-Aug-2020 - 22:07:11: File received: user_custom/51/5155bb92.dat from (MitY_OC) [STEAM_0:0:547699321]
13-Aug-2020 - 22:07:13: File received: user_custom/51/5155bb92.dat
13-Aug-2020 - 22:07:19: File received: user_custom/51/5155bb92.dat
13-Aug-2020 - 22:07:20: File received: user_custom/51/5155bb92.dat from (MitY_OC) [STEAM_0:0:547699321]
13-Aug-2020 - 22:07:25: File received: user_custom/51/5155bb92.dat from (MitY_OC) [STEAM_0:0:547699321]
13-Aug-2020 - 22:07:33: File received: user_custom/51/5155bb92.dat
13-Aug-2020 - 22:07:34: File received: user_custom/51/5155bb92.dat from (MitY_OC) [STEAM_0:0:547699321]
13-Aug-2020 - 22:07:34: File received: user_custom/51/5155bb92.dat from (MitY_OC) [STEAM_0:0:547699321]
13-Aug-2020 - 22:07:40: File received: user_custom/51/5155bb92.dat from (MitY_OC) [STEAM_0:0:547699321]
13-Aug-2020 - 22:08:10: File received: user_custom/24/247ea8e1.dat
13-Aug-2020 - 22:08:46: File received: user_custom/24/247ea8e1.dat
14-Aug-2020 - 01:51:09: File received: user_custom/66/66f55bf2.dat
14-Aug-2020 - 01:51:20: File received: user_custom/66/66f55bf2.dat from (Paiton) [STEAM_0:0:541429147]
14-Aug-2020 - 07:37:32: File received: user_custom/5a/5a15e523.dat
14-Aug-2020 - 07:37:41: File received: user_custom/5a/5a15e523.dat
14-Aug-2020 - 07:38:03: File received: user_custom/5a/5a15e523.dat
14-Aug-2020 - 07:38:22: File received: user_custom/5a/5a15e523.dat
14-Aug-2020 - 11:25:26: File received: user_custom/af/af7c5079.dat
14-Aug-2020 - 11:25:33: File received: user_custom/af/af7c5079.dat
14-Aug-2020 - 11:25:45: File received: user_custom/af/af7c5079.dat
14-Aug-2020 - 11:26:12: File received: user_custom/af/af7c5079.dat
14-Aug-2020 - 11:26:33: File received: user_custom/af/af7c5079.dat from (arasmus2) [STEAM_0:1:167475897]
14-Aug-2020 - 11:27:38: File received: user_custom/8d/8d13c8b0.dat
14-Aug-2020 - 11:27:55: File received: user_custom/8d/8d13c8b0.dat
14-Aug-2020 - 12:07:12: File received: user_custom/f6/f6c53185.dat
14-Aug-2020 - 12:07:21: File received: user_custom/f6/f6c53185.dat
14-Aug-2020 - 12:07:29: File received: user_custom/f6/f6c53185.dat from (iNova) [STEAM_0:1:122772273]
14-Aug-2020 - 12:32:50: File received: user_custom/9e/9ed64d03.dat
14-Aug-2020 - 12:35:22: File received: user_custom/9e/9ed64d03.dat
14-Aug-2020 - 13:39:04: File received: user_custom/48/48f9cadb.dat
14-Aug-2020 - 13:39:24: File received: user_custom/48/48f9cadb.dat
14-Aug-2020 - 13:39:44: File received: user_custom/48/48f9cadb.dat
14-Aug-2020 - 13:40:04: File received: user_custom/48/48f9cadb.dat
14-Aug-2020 - 13:40:04: File received: user_custom/f6/f60a5595.dat
14-Aug-2020 - 13:40:23: File received: user_custom/f6/f60a5595.dat
14-Aug-2020 - 15:03:58: File received: user_custom/5d/5d7fb85e.dat
14-Aug-2020 - 15:05:06: File received: user_custom/5d/5d7fb85e.dat
14-Aug-2020 - 15:05:52: File received: user_custom/5d/5d7fb85e.dat
14-Aug-2020 - 15:06:20: File received: user_custom/5d/5d7fb85e.dat from (Alan) [STEAM_0:1:485394884]
14-Aug-2020 - 18:34:53: File received: user_custom/fc/fc1b991e.dat
14-Aug-2020 - 18:35:03: File received: user_custom/fc/fc1b991e.dat
14-Aug-2020 - 18:35:23: File received: user_custom/fc/fc1b991e.dat
14-Aug-2020 - 18:44:16: File received: user_custom/a3/a3cc5392.dat
14-Aug-2020 - 18:44:26: File received: user_custom/a3/a3cc5392.dat from (xzykes) [STEAM_0:1:31245896]
14-Aug-2020 - 18:44:35: File received: user_custom/a3/a3cc5392.dat
14-Aug-2020 - 18:44:48: File received: user_custom/a3/a3cc5392.dat
14-Aug-2020 - 19:51:51: File received: user_custom/4c/4c9c7e2e.dat
14-Aug-2020 - 19:53:03: File received: user_custom/4c/4c9c7e2e.dat from (♥Riko Suzuki♥) [STEAM_0:1:48966079]
14-Aug-2020 - 20:17:23: File received: user_custom/5b/5bb97fdf.dat
14-Aug-2020 - 20:17:31: File received: user_custom/5b/5bb97fdf.dat
14-Aug-2020 - 20:17:37: File received: user_custom/5b/5bb97fdf.dat from (SolarNes) [STEAM_0:0:130363526]
14-Aug-2020 - 20:17:48: File received: user_custom/5b/5bb97fdf.dat
14-Aug-2020 - 20:17:53: File received: user_custom/5b/5bb97fdf.dat from (SolarNes) [STEAM_0:0:130363526]
14-Aug-2020 - 20:18:04: File received: user_custom/5b/5bb97fdf.dat
14-Aug-2020 - 20:18:21: File received: user_custom/5b/5bb97fdf.dat
14-Aug-2020 - 20:18:34: File received: user_custom/5b/5bb97fdf.dat
14-Aug-2020 - 20:18:38: File received: user_custom/1e/1e75ba64.dat
14-Aug-2020 - 20:18:44: File received: user_custom/1e/1e75ba64.dat from (superman) [STEAM_0:0:554100895]
14-Aug-2020 - 20:19:14: File received: user_custom/5b/5bb97fdf.dat from (SolarNes) [STEAM_0:0:130363526]
14-Aug-2020 - 20:20:05: File received: user_custom/1e/1e75ba64.dat
14-Aug-2020 - 20:20:08: File received: user_custom/1e/1e75ba64.dat from (superman) [STEAM_0:0:554100895]
14-Aug-2020 - 20:20:32: File received: user_custom/1e/1e75ba64.dat
14-Aug-2020 - 20:20:33: File received: user_custom/1e/1e75ba64.dat from (superman) [STEAM_0:0:554100895]
14-Aug-2020 - 20:46:48: File received: user_custom/54/54045026.dat
14-Aug-2020 - 20:47:04: File received: user_custom/54/54045026.dat
14-Aug-2020 - 20:47:14: File received: user_custom/54/54045026.dat
14-Aug-2020 - 20:47:36: File received: user_custom/54/54045026.dat
14-Aug-2020 - 20:47:59: File received: user_custom/54/54045026.dat
14-Aug-2020 - 21:04:23: File received: user_custom/65/6552325b.dat
14-Aug-2020 - 21:04:33: File received: user_custom/65/6552325b.dat
14-Aug-2020 - 21:04:46: File received: user_custom/65/6552325b.dat
14-Aug-2020 - 21:28:17: File received: user_custom/c1/c19bd086.dat
14-Aug-2020 - 21:28:26: File received: user_custom/c1/c19bd086.dat from (latosomati) [STEAM_0:1:504322108]
14-Aug-2020 - 21:32:06: File received: user_custom/60/604b886b.dat
14-Aug-2020 - 21:32:27: File received: user_custom/60/604b886b.dat from (Aukerage Mannco.trade) [STEAM_0:0:144971364]
14-Aug-2020 - 23:00:31: File received: user_custom/3a/3ae3b6be.dat
14-Aug-2020 - 23:00:37: File received: user_custom/3a/3ae3b6be.dat
14-Aug-2020 - 23:00:50: File received: user_custom/3a/3ae3b6be.dat
14-Aug-2020 - 23:00:57: File received: user_custom/3a/3ae3b6be.dat from (Perplexing_Enigma) [STEAM_0:0:455764769]
14-Aug-2020 - 23:51:26: File received: user_custom/15/15635c85.dat
14-Aug-2020 - 23:51:36: File received: user_custom/15/15635c85.dat from (Peter Griffin Tf2) [STEAM_0:1:544765189]
14-Aug-2020 - 23:53:18: File received: user_custom/ec/ecf1d70b.dat
14-Aug-2020 - 23:54:00: File received: user_custom/ec/ecf1d70b.dat from (Nut Milk) [STEAM_0:0:178584781]
15-Aug-2020 - 03:51:48: File received: user_custom/ba/ba340593.dat
15-Aug-2020 - 03:52:16: File received: user_custom/ba/ba340593.dat
15-Aug-2020 - 05:04:13: File received: user_custom/e9/e9d83f41.dat
15-Aug-2020 - 07:40:18: File received: user_custom/37/370a64e5.dat
15-Aug-2020 - 07:40:29: File received: user_custom/37/370a64e5.dat from (Slava00000) [STEAM_0:1:96714736]
15-Aug-2020 - 08:15:03: File received: user_custom/db/dbb68b45.dat
15-Aug-2020 - 08:15:16: File received: user_custom/db/dbb68b45.dat
15-Aug-2020 - 10:05:53: File received: user_custom/77/77ad8bc9.dat
15-Aug-2020 - 10:06:11: File received: user_custom/77/77ad8bc9.dat from (Gulag) [STEAM_0:0:142057185]
15-Aug-2020 - 11:03:29: File received: user_custom/8f/8f78dcb2.dat
15-Aug-2020 - 11:03:30: File received: user_custom/8f/8f78dcb2.dat from (Big Daddy Milk Man) [STEAM_0:0:121577112]
15-Aug-2020 - 11:03:30: File received: user_custom/8f/8f78dcb2.dat from (Big Daddy Milk Man) [STEAM_0:0:121577112]
15-Aug-2020 - 11:03:30: File received: user_custom/8f/8f78dcb2.dat from (Big Daddy Milk Man) [STEAM_0:0:121577112]
15-Aug-2020 - 11:03:38: File received: user_custom/8f/8f78dcb2.dat from (Big Daddy Milk Man) [STEAM_0:0:121577112]
15-Aug-2020 - 11:03:44: File received: user_custom/8f/8f78dcb2.dat from (Big Daddy Milk Man) [STEAM_0:0:121577112]
15-Aug-2020 - 11:05:56: File received: user_custom/22/22288e4b.dat
15-Aug-2020 - 11:05:57: File received: user_custom/22/22288e4b.dat from (xhammiex) [STEAM_0:0:133528580]
15-Aug-2020 - 11:05:57: File received: user_custom/22/22288e4b.dat from (xhammiex) [STEAM_0:0:133528580]
15-Aug-2020 - 13:16:16: File received: user_custom/af/afd01eb7.dat
15-Aug-2020 - 13:16:18: File received: user_custom/af/afd01eb7.dat from (Bingo Bongo) [STEAM_0:0:170220868]
15-Aug-2020 - 13:16:29: File received: user_custom/af/afd01eb7.dat from (Bingo Bongo) [STEAM_0:0:170220868]
15-Aug-2020 - 13:16:56: File received: user_custom/72/72e0d78a.dat
15-Aug-2020 - 13:17:14: File received: user_custom/72/72e0d78a.dat
15-Aug-2020 - 13:17:34: File received: user_custom/72/72e0d78a.dat
15-Aug-2020 - 13:43:09: File received: user_custom/0f/0f8b0d38.dat
15-Aug-2020 - 13:43:18: File received: user_custom/0f/0f8b0d38.dat
15-Aug-2020 - 13:43:20: File received: user_custom/0f/0f8b0d38.dat from (SJJev) [STEAM_0:0:26505204]
15-Aug-2020 - 13:43:59: File received: user_custom/98/9867c6be.dat
15-Aug-2020 - 13:44:06: File received: user_custom/98/9867c6be.dat
15-Aug-2020 - 13:47:20: File received: user_custom/98/9867c6be.dat
15-Aug-2020 - 13:47:38: File received: user_custom/98/9867c6be.dat
15-Aug-2020 - 15:15:58: File received: user_custom/0b/0be2dec0.dat
15-Aug-2020 - 17:16:37: File received: user_custom/08/08d30ce2.dat
15-Aug-2020 - 18:52:20: File received: user_custom/f6/f6bc1cb1.dat
15-Aug-2020 - 18:52:29: File received: user_custom/f6/f6bc1cb1.dat
15-Aug-2020 - 18:52:47: File received: user_custom/f6/f6bc1cb1.dat
15-Aug-2020 - 18:54:36: File received: user_custom/3c/3cce051b.dat
15-Aug-2020 - 18:55:05: File received: user_custom/3c/3cce051b.dat
15-Aug-2020 - 18:55:31: File received: user_custom/3c/3cce051b.dat
15-Aug-2020 - 18:55:59: File received: user_custom/3c/3cce051b.dat
15-Aug-2020 - 18:56:03: File received: user_custom/3c/3cce051b.dat from (Tlowblue) [STEAM_0:1:199797559]
15-Aug-2020 - 22:25:05: File received: user_custom/98/98f2582b.dat
15-Aug-2020 - 22:25:14: File received: user_custom/98/98f2582b.dat
15-Aug-2020 - 22:25:30: File received: user_custom/98/98f2582b.dat
15-Aug-2020 - 22:25:42: File received: user_custom/98/98f2582b.dat
15-Aug-2020 - 22:25:45: File received: user_custom/98/98f2582b.dat
15-Aug-2020 - 22:25:46: File received: user_custom/98/98f2582b.dat from (DewMan702) [STEAM_0:1:188146054]
15-Aug-2020 - 22:25:58: File received: user_custom/98/98f2582b.dat
15-Aug-2020 - 22:26:01: File received: user_custom/98/98f2582b.dat
15-Aug-2020 - 22:26:01: File received: user_custom/98/98f2582b.dat from (DewMan702) [STEAM_0:1:188146054]
15-Aug-2020 - 22:26:09: File received: user_custom/98/98f2582b.dat from (DewMan702) [STEAM_0:1:188146054]
15-Aug-2020 - 22:26:14: File received: user_custom/98/98f2582b.dat from (DewMan702) [STEAM_0:1:188146054]
15-Aug-2020 - 23:15:24: File received: user_custom/f7/f7fa9e7a.dat
15-Aug-2020 - 23:15:43: File received: user_custom/f7/f7fa9e7a.dat from (wood scripting) [STEAM_0:1:239854854]
15-Aug-2020 - 23:15:46: File received: user_custom/f7/f7fa9e7a.dat from (wood scripting) [STEAM_0:1:239854854]
15-Aug-2020 - 23:30:49: File received: user_custom/71/71945945.dat
15-Aug-2020 - 23:30:56: File received: user_custom/71/71945945.dat
15-Aug-2020 - 23:31:04: File received: user_custom/71/71945945.dat from (Tick) [STEAM_0:1:244877854]
15-Aug-2020 - 23:32:17: File received: user_custom/fb/fb8703a6.dat
15-Aug-2020 - 23:32:27: File received: user_custom/fb/fb8703a6.dat from (eddietab) [STEAM_0:0:5412882]
16-Aug-2020 - 00:16:16: File received: user_custom/5a/5a9a9cb5.dat
16-Aug-2020 - 01:19:46: File received: user_custom/15/15d30cbb.dat
16-Aug-2020 - 01:20:05: File received: user_custom/15/15d30cbb.dat
16-Aug-2020 - 01:20:23: File received: user_custom/15/15d30cbb.dat
16-Aug-2020 - 01:20:32: File received: user_custom/19/19afbdba.dat
16-Aug-2020 - 01:20:38: File received: user_custom/15/15d30cbb.dat
16-Aug-2020 - 01:20:46: File received: user_custom/19/19afbdba.dat
16-Aug-2020 - 01:21:14: File received: user_custom/19/19afbdba.dat
16-Aug-2020 - 05:23:25: File received: user_custom/39/3949c653.dat
16-Aug-2020 - 05:23:38: File received: user_custom/39/3949c653.dat
16-Aug-2020 - 05:25:39: File received: user_custom/5a/5ad7b667.dat
16-Aug-2020 - 05:25:42: File received: user_custom/5a/5ad7b667.dat from (Virtuoso) [STEAM_0:1:62749395]
16-Aug-2020 - 05:25:42: File received: user_custom/5a/5ad7b667.dat from (Virtuoso) [STEAM_0:1:62749395]
16-Aug-2020 - 05:25:57: File received: user_custom/5a/5ad7b667.dat
16-Aug-2020 - 05:25:59: File received: user_custom/5a/5ad7b667.dat from (Virtuoso) [STEAM_0:1:62749395]
16-Aug-2020 - 09:04:11: File received: user_custom/27/2783845f.dat
16-Aug-2020 - 09:04:30: File received: user_custom/27/2783845f.dat
16-Aug-2020 - 09:05:50: File received: user_custom/0c/0c03afd6.dat
16-Aug-2020 - 09:06:01: File received: user_custom/0c/0c03afd6.dat
16-Aug-2020 - 09:06:18: File received: user_custom/0c/0c03afd6.dat
16-Aug-2020 - 09:06:32: File received: user_custom/0c/0c03afd6.dat
16-Aug-2020 - 09:06:34: File received: user_custom/0c/0c03afd6.dat
16-Aug-2020 - 09:06:37: File received: user_custom/0c/0c03afd6.dat from (Mr_Web) [STEAM_0:0:427648265]
16-Aug-2020 - 10:45:18: File received: user_custom/90/90647639.dat
16-Aug-2020 - 10:45:37: File received: user_custom/90/90647639.dat
16-Aug-2020 - 10:45:46: File received: user_custom/90/90647639.dat from (hunter (bloodborne)) [STEAM_0:0:171422941]
16-Aug-2020 - 10:46:23: File received: user_custom/10/1043cbc0.dat
16-Aug-2020 - 10:46:27: File received: user_custom/55/553ec0d4.dat
16-Aug-2020 - 10:46:44: File received: user_custom/55/553ec0d4.dat
16-Aug-2020 - 10:46:54: File received: user_custom/55/553ec0d4.dat from ([FaZe] xXCamelFuckerXx) [STEAM_0:0:49002016]
16-Aug-2020 - 10:49:35: File received: user_custom/c2/c2f5ca38.dat
16-Aug-2020 - 10:49:51: File received: user_custom/c2/c2f5ca38.dat
16-Aug-2020 - 12:00:22: File received: user_custom/db/db45e1a0.dat
16-Aug-2020 - 12:00:37: File received: user_custom/db/db45e1a0.dat from (VersaceGuyTV) [STEAM_0:1:40236510]
16-Aug-2020 - 16:39:22: File received: user_custom/1f/1f3ab5cb.dat
17-Aug-2020 - 22:29:52: File received: user_custom/6c/6c2e72f8.dat
17-Aug-2020 - 22:30:32: File received: user_custom/6c/6c2e72f8.dat from (A-EM47) [STEAM_0:1:535637968]
18-Aug-2020 - 21:37:08: File received: user_custom/19/1979ce96.dat
18-Aug-2020 - 21:37:25: File received: user_custom/19/1979ce96.dat from (putrakrisna170611) [STEAM_0:1:532312313]
19-Aug-2020 - 00:46:47: File received: user_custom/a9/a9433f18.dat
19-Aug-2020 - 00:47:34: File received: user_custom/a9/a9433f18.dat from (⊕残冰ゃ︷) [STEAM_0:0:510774156]
21-Aug-2020 - 15:17:01: File received: user_custom/f2/f2afe145.dat
21-Aug-2020 - 15:17:34: File received: user_custom/f2/f2afe145.dat from (Anne Frank) [STEAM_0:1:91806002]
21-Aug-2020 - 20:51:34: File received: user_custom/de/de5d248b.dat
21-Aug-2020 - 20:51:45: File received: user_custom/0f/0f2e88a2.dat
21-Aug-2020 - 20:52:02: File received: user_custom/0f/0f2e88a2.dat from (Taicelash) [STEAM_0:0:45743996]
21-Aug-2020 - 20:52:49: File received: user_custom/de/de5d248b.dat from (Bashy) [STEAM_0:0:39278791]
21-Aug-2020 - 20:53:58: File received: user_custom/95/9549e426.dat
21-Aug-2020 - 20:53:59: File received: user_custom/95/9549e426.dat from (RedJuggernaught) [STEAM_0:0:87222476]
21-Aug-2020 - 20:53:59: File received: user_custom/95/9549e426.dat from (RedJuggernaught) [STEAM_0:0:87222476]
21-Aug-2020 - 20:54:06: File received: user_custom/95/9549e426.dat from (RedJuggernaught) [STEAM_0:0:87222476]
21-Aug-2020 - 20:54:26: File received: user_custom/24/246ab2f4.dat
21-Aug-2020 - 20:54:27: File received: user_custom/24/246ab2f4.dat from (Icy) [STEAM_0:0:196930640]
21-Aug-2020 - 20:54:27: File received: user_custom/24/246ab2f4.dat from (Icy) [STEAM_0:0:196930640]
21-Aug-2020 - 20:54:27: File received: user_custom/24/246ab2f4.dat from (Icy) [STEAM_0:0:196930640]
21-Aug-2020 - 20:54:37: File received: user_custom/24/246ab2f4.dat from (Icy) [STEAM_0:0:196930640]
21-Aug-2020 - 20:56:03: File received: user_custom/22/22288e4b.dat
21-Aug-2020 - 20:56:04: File received: user_custom/22/22288e4b.dat from (xhammiex) [STEAM_0:0:133528580]
21-Aug-2020 - 20:56:04: File received: user_custom/22/22288e4b.dat from (xhammiex) [STEAM_0:0:133528580]
21-Aug-2020 - 20:56:04: File received: user_custom/22/22288e4b.dat from (xhammiex) [STEAM_0:0:133528580]
21-Aug-2020 - 20:56:04: File received: user_custom/22/22288e4b.dat from (xhammiex) [STEAM_0:0:133528580]
21-Aug-2020 - 20:56:19: File received: user_custom/22/22288e4b.dat from (xhammiex) [STEAM_0:0:133528580]
21-Aug-2020 - 20:58:34: File received: user_custom/e5/e5cebf4f.dat
21-Aug-2020 - 20:58:35: File received: user_custom/e5/e5cebf4f.dat from (Soggy) [STEAM_0:0:63212286]
21-Aug-2020 - 20:58:36: File received: user_custom/e5/e5cebf4f.dat from (Soggy) [STEAM_0:0:63212286]
21-Aug-2020 - 20:58:36: File received: user_custom/e5/e5cebf4f.dat from (Soggy) [STEAM_0:0:63212286]
21-Aug-2020 - 20:58:36: File received: user_custom/e5/e5cebf4f.dat from (Soggy) [STEAM_0:0:63212286]
21-Aug-2020 - 20:59:52: File received: user_custom/e5/e5cebf4f.dat from (Soggy) [STEAM_0:0:63212286]
21-Aug-2020 - 21:06:44: File received: user_custom/58/58f4e19b.dat
21-Aug-2020 - 21:06:45: File received: user_custom/58/58f4e19b.dat from (Dalas Nalgas) [STEAM_0:0:161475521]
21-Aug-2020 - 21:06:45: File received: user_custom/58/58f4e19b.dat from (Dalas Nalgas) [STEAM_0:0:161475521]
21-Aug-2020 - 21:06:45: File received: user_custom/58/58f4e19b.dat from (Dalas Nalgas) [STEAM_0:0:161475521]
21-Aug-2020 - 21:06:45: File received: user_custom/58/58f4e19b.dat from (Dalas Nalgas) [STEAM_0:0:161475521]
21-Aug-2020 - 21:06:45: File received: user_custom/58/58f4e19b.dat from (Dalas Nalgas) [STEAM_0:0:161475521]
21-Aug-2020 - 21:06:45: File received: user_custom/58/58f4e19b.dat from (Dalas Nalgas) [STEAM_0:0:161475521]
21-Aug-2020 - 21:06:45: File received: user_custom/58/58f4e19b.dat from (Dalas Nalgas) [STEAM_0:0:161475521]
21-Aug-2020 - 21:06:45: File received: user_custom/58/58f4e19b.dat from (Dalas Nalgas) [STEAM_0:0:161475521]
21-Aug-2020 - 21:07:02: File received: user_custom/58/58f4e19b.dat from (Dalas Nalgas) [STEAM_0:0:161475521]
21-Aug-2020 - 21:10:23: File received: user_custom/a2/a2d7c3bf.dat
21-Aug-2020 - 21:10:27: File received: user_custom/a2/a2d7c3bf.dat from (Obi-Wan-Kenobi) [STEAM_0:1:82938287]
21-Aug-2020 - 21:10:27: File received: user_custom/a2/a2d7c3bf.dat from (Obi-Wan-Kenobi) [STEAM_0:1:82938287]
21-Aug-2020 - 21:10:27: File received: user_custom/a2/a2d7c3bf.dat from (Obi-Wan-Kenobi) [STEAM_0:1:82938287]
21-Aug-2020 - 21:10:27: File received: user_custom/a2/a2d7c3bf.dat from (Obi-Wan-Kenobi) [STEAM_0:1:82938287]
21-Aug-2020 - 21:10:27: File received: user_custom/a2/a2d7c3bf.dat from (Obi-Wan-Kenobi) [STEAM_0:1:82938287]
21-Aug-2020 - 21:10:27: File received: user_custom/a2/a2d7c3bf.dat from (Obi-Wan-Kenobi) [STEAM_0:1:82938287]
21-Aug-2020 - 21:10:27: File received: user_custom/a2/a2d7c3bf.dat from (Obi-Wan-Kenobi) [STEAM_0:1:82938287]
21-Aug-2020 - 21:10:27: File received: user_custom/a2/a2d7c3bf.dat from (Obi-Wan-Kenobi) [STEAM_0:1:82938287]
21-Aug-2020 - 21:10:27: File received: user_custom/a2/a2d7c3bf.dat from (Obi-Wan-Kenobi) [STEAM_0:1:82938287]
21-Aug-2020 - 21:14:56: File received: user_custom/10/10331b44.dat
21-Aug-2020 - 21:14:57: File received: user_custom/10/10331b44.dat from (Masked Krusader) [STEAM_0:0:76594710]
21-Aug-2020 - 21:14:57: File received: user_custom/10/10331b44.dat from (Masked Krusader) [STEAM_0:0:76594710]
21-Aug-2020 - 21:14:57: File received: user_custom/10/10331b44.dat from (Masked Krusader) [STEAM_0:0:76594710]
21-Aug-2020 - 21:14:57: File received: user_custom/10/10331b44.dat from (Masked Krusader) [STEAM_0:0:76594710]
21-Aug-2020 - 21:14:57: File received: user_custom/10/10331b44.dat from (Masked Krusader) [STEAM_0:0:76594710]
21-Aug-2020 - 21:14:57: File received: user_custom/10/10331b44.dat from (Masked Krusader) [STEAM_0:0:76594710]
21-Aug-2020 - 21:14:57: File received: user_custom/10/10331b44.dat from (Masked Krusader) [STEAM_0:0:76594710]
21-Aug-2020 - 21:14:57: File received: user_custom/10/10331b44.dat from (Masked Krusader) [STEAM_0:0:76594710]
21-Aug-2020 - 21:14:58: File received: user_custom/10/10331b44.dat from (Masked Krusader) [STEAM_0:0:76594710]
21-Aug-2020 - 21:15:13: File received: user_custom/10/10331b44.dat from (Masked Krusader) [STEAM_0:0:76594710]
21-Aug-2020 - 23:11:47: File received: user_custom/ec/ec962a98.dat
21-Aug-2020 - 23:12:02: File received: user_custom/ec/ec962a98.dat from (Pickle In a Cup) [STEAM_0:1:41897334]
22-Aug-2020 - 06:35:13: File received: user_custom/c3/c3c511b9.dat
22-Aug-2020 - 06:35:35: File received: user_custom/c3/c3c511b9.dat from (GoldeNx3) [STEAM_0:1:530418102]
22-Aug-2020 - 21:05:22: File received: user_custom/99/994a24e3.dat
22-Aug-2020 - 21:05:31: File received: user_custom/99/994a24e3.dat from (hlea) [STEAM_0:0:104569669]
22-Aug-2020 - 21:05:33: File received: user_custom/9a/9a2b1bbf.dat
22-Aug-2020 - 21:05:50: File received: user_custom/9a/9a2b1bbf.dat from (SilverSword) [STEAM_0:1:107702436]
22-Aug-2020 - 21:22:24: File received: user_custom/5f/5f02ab3f.dat
22-Aug-2020 - 21:22:27: File received: user_custom/5f/5f02ab3f.dat from (Joseph, the Exiled) [STEAM_0:0:118084823]
22-Aug-2020 - 21:22:46: File received: user_custom/5f/5f02ab3f.dat from (Joseph, the Exiled) [STEAM_0:0:118084823]
22-Aug-2020 - 22:10:23: File received: user_custom/b8/b8075e13.dat
23-Aug-2020 - 05:09:36: File received: user_custom/77/77b219fc.dat
23-Aug-2020 - 05:10:06: File received: user_custom/77/77b219fc.dat from (I m Pro Lok 2020) [STEAM_0:1:103921109]
23-Aug-2020 - 17:35:40: File received: user_custom/da/da49a069.dat
23-Aug-2020 - 17:35:56: File received: user_custom/da/da49a069.dat from (Bunny of Epicness) [STEAM_0:0:21815642]
23-Aug-2020 - 17:45:23: File received: user_custom/da/dae9fbd2.dat
23-Aug-2020 - 17:46:01: File received: user_custom/da/dae9fbd2.dat from (Linodus) [STEAM_0:1:41998514]
24-Aug-2020 - 18:29:03: File received: user_custom/7a/7a4f3823.dat
24-Aug-2020 - 18:29:15: File received: user_custom/7a/7a4f3823.dat from (TheMrBardMan) [STEAM_0:0:94810116]
24-Aug-2020 - 18:32:35: File received: user_custom/5c/5cbfa032.dat
24-Aug-2020 - 18:33:00: File received: user_custom/5c/5cbfa032.dat from (diln [D.Vito]) [STEAM_0:1:165506959]
25-Aug-2020 - 16:32:58: File received: user_custom/e9/e9e216e2.dat
25-Aug-2020 - 16:33:07: File received: user_custom/cb/cb93efcf.dat
25-Aug-2020 - 16:33:09: File received: user_custom/cb/cb93efcf.dat from (Redbaron) [STEAM_0:0:195077398]
25-Aug-2020 - 16:33:15: File received: user_custom/e9/e9e216e2.dat from (Blazinfire) [STEAM_0:1:57488044]
25-Aug-2020 - 16:33:21: File received: user_custom/ef/ef26e18f.dat
25-Aug-2020 - 16:33:23: File received: user_custom/ef/ef26e18f.dat from (c a k e) [STEAM_0:0:66009652]
25-Aug-2020 - 16:33:26: File received: user_custom/cb/cb93efcf.dat from (Redbaron) [STEAM_0:0:195077398]
25-Aug-2020 - 16:34:14: File received: user_custom/ef/ef26e18f.dat from (c a k e) [STEAM_0:0:66009652]
25-Aug-2020 - 16:36:49: File received: user_custom/3e/3ebe31b9.dat
25-Aug-2020 - 16:36:50: File received: user_custom/3e/3ebe31b9.dat from (Stock 2001 Chevy Suburban) [STEAM_0:0:74172437]
25-Aug-2020 - 16:36:50: File received: user_custom/3e/3ebe31b9.dat from (Stock 2001 Chevy Suburban) [STEAM_0:0:74172437]
25-Aug-2020 - 16:36:50: File received: user_custom/3e/3ebe31b9.dat from (Stock 2001 Chevy Suburban) [STEAM_0:0:74172437]
25-Aug-2020 - 16:37:22: File received: user_custom/3e/3ebe31b9.dat from (Stock 2001 Chevy Suburban) [STEAM_0:0:74172437]
25-Aug-2020 - 17:03:11: File received: user_custom/df/dfa9f220.dat
25-Aug-2020 - 17:03:13: File received: user_custom/df/dfa9f220.dat from (「LOVE TRAIN」 [AAA]) [STEAM_0:1:169809877]
25-Aug-2020 - 17:03:13: File received: user_custom/df/dfa9f220.dat from (「LOVE TRAIN」 [AAA]) [STEAM_0:1:169809877]
25-Aug-2020 - 17:03:39: File received: user_custom/df/dfa9f220.dat from (「LOVE TRAIN」 [AAA]) [STEAM_0:1:169809877]
25-Aug-2020 - 17:23:32: File received: user_custom/ac/ac88aac7.dat
25-Aug-2020 - 17:23:33: File received: user_custom/ac/ac88aac7.dat from (4/4 String Ostinato in D minor) [STEAM_0:1:59228220]
25-Aug-2020 - 17:23:33: File received: user_custom/ac/ac88aac7.dat from (4/4 String Ostinato in D minor) [STEAM_0:1:59228220]
25-Aug-2020 - 17:23:33: File received: user_custom/ac/ac88aac7.dat from (4/4 String Ostinato in D minor) [STEAM_0:1:59228220]
25-Aug-2020 - 17:24:12: File received: user_custom/ac/ac88aac7.dat from (4/4 String Ostinato in D minor) [STEAM_0:1:59228220]
25-Aug-2020 - 17:25:53: File received: user_custom/d7/d7ae2cfd.dat
25-Aug-2020 - 17:25:54: File received: user_custom/d7/d7ae2cfd.dat from (Dat Dere Kirby) [STEAM_0:0:61894420]
25-Aug-2020 - 17:25:54: File received: user_custom/d7/d7ae2cfd.dat from (Dat Dere Kirby) [STEAM_0:0:61894420]
25-Aug-2020 - 17:25:54: File received: user_custom/d7/d7ae2cfd.dat from (Dat Dere Kirby) [STEAM_0:0:61894420]
25-Aug-2020 - 17:25:54: File received: user_custom/d7/d7ae2cfd.dat from (Dat Dere Kirby) [STEAM_0:0:61894420]
25-Aug-2020 - 17:26:08: File received: user_custom/d7/d7ae2cfd.dat from (Dat Dere Kirby) [STEAM_0:0:61894420]
25-Aug-2020 - 17:31:20: File received: user_custom/23/23485fb9.dat
25-Aug-2020 - 17:31:21: File received: user_custom/23/23485fb9.dat from (loader from risk of rain 2) [STEAM_0:1:101392447]
25-Aug-2020 - 17:31:21: File received: user_custom/23/23485fb9.dat from (loader from risk of rain 2) [STEAM_0:1:101392447]
25-Aug-2020 - 17:31:21: File received: user_custom/23/23485fb9.dat from (loader from risk of rain 2) [STEAM_0:1:101392447]
25-Aug-2020 - 17:31:21: File received: user_custom/23/23485fb9.dat from (loader from risk of rain 2) [STEAM_0:1:101392447]
25-Aug-2020 - 17:31:22: File received: user_custom/23/23485fb9.dat from (loader from risk of rain 2) [STEAM_0:1:101392447]
25-Aug-2020 - 17:31:31: File received: user_custom/23/23485fb9.dat from (loader from risk of rain 2) [STEAM_0:1:101392447]
25-Aug-2020 - 17:31:46: File received: user_custom/6b/6ba35f3b.dat
25-Aug-2020 - 17:31:47: File received: user_custom/6b/6ba35f3b.dat from (zen6635) [STEAM_0:1:200150334]
25-Aug-2020 - 17:31:47: File received: user_custom/6b/6ba35f3b.dat from (zen6635) [STEAM_0:1:200150334]
25-Aug-2020 - 17:31:47: File received: user_custom/6b/6ba35f3b.dat from (zen6635) [STEAM_0:1:200150334]
25-Aug-2020 - 17:31:47: File received: user_custom/6b/6ba35f3b.dat from (zen6635) [STEAM_0:1:200150334]
25-Aug-2020 - 17:31:47: File received: user_custom/6b/6ba35f3b.dat from (zen6635) [STEAM_0:1:200150334]
25-Aug-2020 - 17:31:57: File received: user_custom/6b/6ba35f3b.dat from (zen6635) [STEAM_0:1:200150334]
25-Aug-2020 - 17:57:52: File received: user_custom/59/59a211eb.dat
25-Aug-2020 - 17:58:07: File received: user_custom/59/59a211eb.dat from (Forest) [STEAM_0:1:156060029]
25-Aug-2020 - 17:59:44: File received: user_custom/a0/a0900907.dat
25-Aug-2020 - 18:00:04: File received: user_custom/a0/a0900907.dat from (DiGiorno) [STEAM_0:1:54158566]
27-Aug-2020 - 17:26:41: File received: user_custom/72/727c2d69.dat
27-Aug-2020 - 17:26:43: File received: user_custom/72/727c2d69.dat from (Sammy) [STEAM_0:1:425923015]
27-Aug-2020 - 17:26:54: File received: user_custom/72/727c2d69.dat from (Sammy) [STEAM_0:1:425923015]
27-Aug-2020 - 17:27:46: File received: user_custom/fd/fd1639b5.dat
27-Aug-2020 - 17:27:47: File received: user_custom/fd/fd1639b5.dat from (ShadowMaster897) [STEAM_0:0:212273259]
27-Aug-2020 - 17:27:47: File received: user_custom/fd/fd1639b5.dat from (ShadowMaster897) [STEAM_0:0:212273259]
27-Aug-2020 - 17:27:47: File received: user_custom/fd/fd1639b5.dat from (ShadowMaster897) [STEAM_0:0:212273259]
27-Aug-2020 - 17:28:13: File received: user_custom/fd/fd1639b5.dat from (ShadowMaster897) [STEAM_0:0:212273259]
27-Aug-2020 - 18:30:00: File received: user_custom/ae/ae1e032d.dat
28-Aug-2020 - 07:27:15: File received: user_custom/e6/e626c511.dat
28-Aug-2020 - 07:27:42: File received: user_custom/e6/e626c511.dat from (Magnustxtitan.7500) [STEAM_0:0:561149508]
28-Aug-2020 - 12:17:07: File received: user_custom/bd/bd2e91c3.dat
28-Aug-2020 - 12:18:00: File received: user_custom/bd/bd2e91c3.dat
28-Aug-2020 - 12:19:46: File received: user_custom/bd/bd2e91c3.dat from (cheezeleweeze) [STEAM_0:0:551871303]
28-Aug-2020 - 16:10:02: File received: user_custom/c4/c43fd7f9.dat
28-Aug-2020 - 16:10:18: File received: user_custom/c4/c43fd7f9.dat from (banan) [STEAM_0:0:94631329]
28-Aug-2020 - 16:10:38: File received: user_custom/8b/8b90e2e5.dat
28-Aug-2020 - 16:10:39: File received: user_custom/8b/8b90e2e5.dat from (ᵀᴸᴰ»Firewielder) [STEAM_0:1:42537140]
28-Aug-2020 - 16:10:40: File received: user_custom/f0/f09dff86.dat
28-Aug-2020 - 16:10:42: File received: user_custom/f0/f09dff86.dat from (thrashmetal goblin pussy) [STEAM_0:0:148458125]
28-Aug-2020 - 16:10:42: File received: user_custom/f0/f09dff86.dat from (thrashmetal goblin pussy) [STEAM_0:0:148458125]
28-Aug-2020 - 16:10:48: File received: user_custom/8b/8b90e2e5.dat from (ᵀᴸᴰ»Firewielder) [STEAM_0:1:42537140]
28-Aug-2020 - 16:10:49: File received: user_custom/8b/8b90e2e5.dat from (ᵀᴸᴰ»Firewielder) [STEAM_0:1:42537140]
28-Aug-2020 - 16:12:39: File received: user_custom/f0/f09dff86.dat
28-Aug-2020 - 16:12:41: File received: user_custom/f0/f09dff86.dat from (thrashmetal goblin pussy) [STEAM_0:0:148458125]
28-Aug-2020 - 16:12:41: File received: user_custom/f0/f09dff86.dat from (thrashmetal goblin pussy) [STEAM_0:0:148458125]
28-Aug-2020 - 16:13:10: File received: user_custom/f0/f09dff86.dat from (thrashmetal goblin pussy) [STEAM_0:0:148458125]
01-Sep-2020 - 19:59:33: File received: user_custom/0c/0c6a20eb.dat
01-Sep-2020 - 20:00:11: File received: user_custom/0c/0c6a20eb.dat from (Candy Sparkles 🍬) [STEAM_0:0:83302768]
01-Sep-2020 - 20:20:29: File received: user_custom/c2/c2b0f5ca.dat
01-Sep-2020 - 20:20:43: File received: user_custom/c2/c2b0f5ca.dat from (ΔSix ShooterΔ) [STEAM_0:0:548811083]
01-Sep-2020 - 20:21:06: File received: user_custom/45/45cf7514.dat
01-Sep-2020 - 20:21:12: File received: user_custom/45/45cf7514.dat from (Mcvoicealot) [STEAM_0:1:100895827]
01-Sep-2020 - 20:23:30: Blocked unchecked spray - missing file: download/user_custom/45/45cf7514.dat from (Mcvoicealot) [STEAM_0:1:100895827]
01-Sep-2020 - 20:31:59: Blocked unchecked spray - missing file: download/user_custom/45/45cf7514.dat from (Mcvoicealot) [STEAM_0:1:100895827]
01-Sep-2020 - 20:33:20: Blocked unchecked spray - missing file: download/user_custom/45/45cf7514.dat from (Mcvoicealot) [STEAM_0:1:100895827]
01-Sep-2020 - 20:35:16: Blocked unchecked spray - missing file: download/user_custom/45/45cf7514.dat from (Mcvoicealot) [STEAM_0:1:100895827]
01-Sep-2020 - 20:36:19: Blocked unchecked spray - missing file: download/user_custom/45/45cf7514.dat from (Mcvoicealot) [STEAM_0:1:100895827]
01-Sep-2020 - 21:03:28: File received: user_custom/ea/ea4e3f3e.dat
01-Sep-2020 - 21:03:31: File received: user_custom/35/350434d1.dat
01-Sep-2020 - 21:03:43: File received: user_custom/ea/ea4e3f3e.dat from (sad plankton) [STEAM_0:1:473822691]
01-Sep-2020 - 21:12:14: File received: user_custom/35/350434d1.dat from (punny guy) [STEAM_0:0:432660944]
01-Sep-2020 - 21:12:14: File received: user_custom/b8/b89b8151.dat
01-Sep-2020 - 21:12:15: File received: user_custom/b8/b89b8151.dat from (Huntsman) [STEAM_0:0:230555902]
01-Sep-2020 - 21:12:28: File received: user_custom/b8/b89b8151.dat from (Huntsman) [STEAM_0:0:230555902]
02-Sep-2020 - 00:02:01: File received: user_custom/ff/ff77111b.dat
02-Sep-2020 - 00:02:18: File received: user_custom/ff/ff77111b.dat from (a chef) [STEAM_0:1:529652136]
02-Sep-2020 - 03:02:17: File received: user_custom/33/33328828.dat
02-Sep-2020 - 03:02:36: File received: user_custom/33/33328828.dat from (StupidPiano18) [STEAM_0:1:196587105]
02-Sep-2020 - 03:05:12: File received: user_custom/39/3937c96a.dat
02-Sep-2020 - 03:05:35: File received: user_custom/39/3937c96a.dat from (Crownz) [STEAM_0:1:157028716]
02-Sep-2020 - 13:49:04: File received: user_custom/0e/0ec4fe8a.dat
02-Sep-2020 - 13:49:13: File received: user_custom/0e/0ec4fe8a.dat from (💔 Firering death 💔) [STEAM_0:0:151149458]
02-Sep-2020 - 14:03:52: File received: user_custom/40/404fe292.dat
02-Sep-2020 - 14:03:55: File received: user_custom/40/404fe292.dat from (Derpy!) [STEAM_0:1:76117789]
02-Sep-2020 - 14:04:20: File received: user_custom/40/404fe292.dat from (Derpy!) [STEAM_0:1:76117789]
02-Sep-2020 - 14:22:34: File received: user_custom/67/67553eb9.dat
02-Sep-2020 - 14:22:35: File received: user_custom/67/67553eb9.dat from (Scratchington) [STEAM_0:1:534924105]
02-Sep-2020 - 14:22:35: File received: user_custom/67/67553eb9.dat from (Scratchington) [STEAM_0:1:534924105]
02-Sep-2020 - 14:22:48: File received: user_custom/67/67553eb9.dat from (Scratchington) [STEAM_0:1:534924105]
02-Sep-2020 - 14:35:17: File received: user_custom/74/74852815.dat
02-Sep-2020 - 22:00:14: File received: user_custom/0c/0ccf591f.dat
02-Sep-2020 - 22:00:31: File received: user_custom/0c/0ccf591f.dat from (R3G3N3R4T0R) [STEAM_0:1:148039386]
05-Sep-2020 - 22:37:06: File received: user_custom/89/898becd3.dat
05-Sep-2020 - 22:37:22: File received: user_custom/89/898becd3.dat from (Doughboy) [STEAM_0:0:493388873]
06-Sep-2020 - 04:56:50: File received: user_custom/e1/e1e484f2.dat
06-Sep-2020 - 13:02:34: File received: user_custom/69/69dd0cc6.dat
06-Sep-2020 - 13:03:46: File received: user_custom/69/69dd0cc6.dat from (Tairiku Ookami) [STEAM_0:0:435605759]
06-Sep-2020 - 15:45:38: File received: user_custom/f3/f34fc639.dat
06-Sep-2020 - 15:45:57: File received: user_custom/f3/f34fc639.dat from (Swiss Cheese) [STEAM_0:0:52917432]
06-Sep-2020 - 22:10:52: File received: user_custom/60/60ba4d4d.dat
07-Sep-2020 - 06:08:23: File received: user_custom/06/06c48c1b.dat
07-Sep-2020 - 06:08:43: File received: user_custom/06/06c48c1b.dat from (Lengther) [STEAM_0:1:47654830]
07-Sep-2020 - 10:14:26: File received: user_custom/e3/e3006743.dat
07-Sep-2020 - 11:45:20: File received: user_custom/3e/3e19c315.dat
07-Sep-2020 - 15:57:07: File received: user_custom/60/60ba4d4d.dat
07-Sep-2020 - 15:57:12: File received: user_custom/60/60ba4d4d.dat from (PEARfection) [STEAM_0:1:43065076]
07-Sep-2020 - 16:00:33: File received: user_custom/6a/6af48001.dat
07-Sep-2020 - 16:00:35: File received: user_custom/6a/6af48001.dat from (Skywolf) [STEAM_0:1:77749676]
07-Sep-2020 - 16:00:35: File received: user_custom/6a/6af48001.dat from (Skywolf) [STEAM_0:1:77749676]
07-Sep-2020 - 16:00:35: File received: user_custom/6a/6af48001.dat from (Skywolf) [STEAM_0:1:77749676]
07-Sep-2020 - 16:00:35: File received: user_custom/6a/6af48001.dat from (Skywolf) [STEAM_0:1:77749676]
07-Sep-2020 - 16:00:35: File received: user_custom/6a/6af48001.dat from (Skywolf) [STEAM_0:1:77749676]
07-Sep-2020 - 16:00:35: File received: user_custom/6a/6af48001.dat from (Skywolf) [STEAM_0:1:77749676]
07-Sep-2020 - 16:00:57: File received: user_custom/6a/6af48001.dat from (Skywolf) [STEAM_0:1:77749676]
07-Sep-2020 - 23:32:56: File received: user_custom/ff/ff5386e7.dat
07-Sep-2020 - 23:33:21: File received: user_custom/ff/ff5386e7.dat from (Istadane) [STEAM_0:0:134368834]
08-Sep-2020 - 09:30:08: File received: user_custom/f0/f0ebfb14.dat
08-Sep-2020 - 09:30:27: File received: user_custom/f0/f0ebfb14.dat from (HeadlessTheHexman) [STEAM_0:0:65722589]
08-Sep-2020 - 18:26:25: File received: user_custom/05/05e50841.dat
08-Sep-2020 - 18:26:42: File received: user_custom/05/05e50841.dat from (El Mata Otakus) [STEAM_0:0:162175794]
09-Sep-2020 - 13:24:16: File received: user_custom/ee/ee42174f.dat
09-Sep-2020 - 13:24:37: File received: user_custom/ee/ee42174f.dat from (Fuckk White People) [STEAM_0:1:546693668]
10-Sep-2020 - 20:25:44: File received: user_custom/df/df78eee5.dat
10-Sep-2020 - 20:25:55: File received: user_custom/df/df78eee5.dat from (max) [STEAM_0:0:189341988]
10-Sep-2020 - 20:27:28: File received: user_custom/62/62d85d63.dat
10-Sep-2020 - 20:27:42: File received: user_custom/62/62d85d63.dat from (Terta) [STEAM_0:1:128681061]
10-Sep-2020 - 20:28:15: File received: user_custom/fd/fd3eaaed.dat
10-Sep-2020 - 20:28:16: File received: user_custom/fd/fd3eaaed.dat from (Grumbofen) [STEAM_0:1:98581856]
10-Sep-2020 - 20:28:28: File received: user_custom/fd/fd3eaaed.dat from (Grumbofen) [STEAM_0:1:98581856]
10-Sep-2020 - 20:32:47: File received: user_custom/df/df3a0b54.dat
10-Sep-2020 - 20:32:48: File received: user_custom/df/df3a0b54.dat from (eggs) [STEAM_0:0:55135130]
10-Sep-2020 - 20:33:02: File received: user_custom/df/df3a0b54.dat from (eggs) [STEAM_0:0:55135130]
13-Sep-2020 - 23:15:26: File received: user_custom/ca/ca0882f9.dat
14-Sep-2020 - 13:22:36: File received: user_custom/5c/5c78c940.dat
14-Sep-2020 - 13:23:20: File received: user_custom/5c/5c78c940.dat from (♥_Uvayatri_♥) [STEAM_0:1:436779824]
14-Sep-2020 - 13:24:04: File received: user_custom/9e/9e6e59fe.dat
14-Sep-2020 - 13:25:24: File received: user_custom/9e/9e6e59fe.dat from (DJDaniel01) [STEAM_0:1:53730714]
14-Sep-2020 - 13:34:31: File received: user_custom/0f/0fc80475.dat
14-Sep-2020 - 13:34:50: File received: user_custom/0f/0fc80475.dat from (Vaughn (TEAM EGG)) [STEAM_0:1:435931113]
14-Sep-2020 - 13:46:06: File received: user_custom/25/25860749.dat
14-Sep-2020 - 13:46:08: File received: user_custom/25/25860749.dat from (moviefreak204) [STEAM_0:0:37068721]
16-Sep-2020 - 15:51:01: File received: user_custom/b4/b462fe7e.dat
16-Sep-2020 - 15:51:18: File received: user_custom/b4/b462fe7e.dat from (ᴀᴅʙʟᴏᴄᴋꜱ.ᴇxᴇ) [STEAM_0:0:142962887]
16-Sep-2020 - 15:55:36: File received: user_custom/d1/d1cd6061.dat
16-Sep-2020 - 15:55:38: File received: user_custom/d1/d1cd6061.dat from (very chillz_willz) [STEAM_0:1:154172474]
16-Sep-2020 - 15:55:56: File received: user_custom/d1/d1cd6061.dat from (very chillz_willz) [STEAM_0:1:154172474]
16-Sep-2020 - 15:56:01: File received: user_custom/f0/f035613e.dat
16-Sep-2020 - 15:56:03: File received: user_custom/f0/f035613e.dat from (DawalkingFlea) [STEAM_0:0:81537625]
16-Sep-2020 - 15:56:03: File received: user_custom/f0/f035613e.dat from (DawalkingFlea) [STEAM_0:0:81537625]
16-Sep-2020 - 15:56:03: File received: user_custom/f0/f035613e.dat from (DawalkingFlea) [STEAM_0:0:81537625]
16-Sep-2020 - 15:56:15: File received: user_custom/f0/f035613e.dat from (DawalkingFlea) [STEAM_0:0:81537625]
19-Sep-2020 - 13:11:54: File received: user_custom/20/20b8ac4e.dat
19-Sep-2020 - 13:12:23: File received: user_custom/3e/3e22ab5e.dat
19-Sep-2020 - 13:12:28: File received: user_custom/20/20b8ac4e.dat from (pootis) [STEAM_0:0:443174834]
19-Sep-2020 - 13:12:28: File received: user_custom/3e/3e22ab5e.dat from (Nightcrusher76) [STEAM_0:1:102644973]
19-Sep-2020 - 21:19:56: File received: user_custom/47/47fa7b28.dat
19-Sep-2020 - 21:21:09: File received: user_custom/47/47fa7b28.dat from (poobus TRADEIT.GG) [STEAM_0:0:197775737]
21-Sep-2020 - 14:15:38: File received: user_custom/44/446f4632.dat
21-Sep-2020 - 14:15:46: File received: user_custom/44/446f4632.dat from (souperman) [STEAM_0:1:233096245]
22-Sep-2020 - 12:14:35: File received: user_custom/b9/b95cdc6e.dat
22-Sep-2020 - 12:14:54: File received: user_custom/b9/b95cdc6e.dat from (the doctor) [STEAM_0:1:80793114]
22-Sep-2020 - 14:34:55: File received: user_custom/88/88157547.dat
22-Sep-2020 - 14:34:56: File received: user_custom/88/88157547.dat
23-Sep-2020 - 10:08:42: File received: user_custom/33/336a7fe2.dat
23-Sep-2020 - 10:09:14: File received: user_custom/33/336a7fe2.dat from (internetfxckery) [STEAM_0:1:512084700]
25-Sep-2020 - 21:14:37: File received: user_custom/83/838e4581.dat
25-Sep-2020 - 21:14:54: File received: user_custom/83/838e4581.dat from (SQbuilder) [STEAM_0:1:58103823]
25-Sep-2020 - 21:16:20: File received: user_custom/dd/ddb16f2c.dat
25-Sep-2020 - 21:16:21: File received: user_custom/dd/ddb16f2c.dat from (bobsherbert44) [STEAM_0:1:538444333]
25-Sep-2020 - 21:16:30: File received: user_custom/dd/ddb16f2c.dat from (bobsherbert44) [STEAM_0:1:538444333]
26-Sep-2020 - 07:42:33: File received: user_custom/30/306992fb.dat
26-Sep-2020 - 07:42:50: File received: user_custom/30/306992fb.dat from (iEat Booger) [STEAM_0:0:240392183]
26-Sep-2020 - 12:54:06: File received: user_custom/cd/cd355be4.dat
26-Sep-2020 - 12:54:41: File received: user_custom/cd/cd355be4.dat from (Sir Markson) [STEAM_0:1:107442452]
26-Sep-2020 - 21:19:02: File received: user_custom/06/06b8d82f.dat
26-Sep-2020 - 21:19:19: File received: user_custom/06/06b8d82f.dat from (Sniper.Tf2) [STEAM_0:0:499756128]
26-Sep-2020 - 21:36:48: File received: user_custom/06/06d16b4b.dat
26-Sep-2020 - 21:36:57: File received: user_custom/06/06d16b4b.dat from (Terminator) [STEAM_0:1:57933753]
27-Sep-2020 - 11:43:39: File received: user_custom/bd/bd180b30.dat
27-Sep-2020 - 11:43:54: File received: user_custom/bd/bd180b30.dat from (Puppet Sokka) [STEAM_0:0:538206903]
29-Sep-2020 - 18:08:06: File received: user_custom/14/14d11f53.dat
02-Oct-2020 - 08:34:40: File received: user_custom/a3/a3ca443b.dat
02-Oct-2020 - 08:34:49: File received: user_custom/a3/a3ca443b.dat from (Holy Smokes) [STEAM_0:1:160001654]
02-Oct-2020 - 13:18:04: File received: user_custom/8d/8dac8529.dat
02-Oct-2020 - 13:18:15: File received: user_custom/8d/8dac8529.dat from (Eclipse Bun) [STEAM_0:0:49079481]
02-Oct-2020 - 20:38:55: File received: user_custom/25/25cdb826.dat
02-Oct-2020 - 20:39:04: File received: user_custom/25/25cdb826.dat from (SPΔC3 BR3ΔK) [STEAM_0:0:141097444]
02-Oct-2020 - 20:41:09: File received: user_custom/41/41f40af9.dat
02-Oct-2020 - 20:41:10: File received: user_custom/41/41f40af9.dat from (Crono) [STEAM_0:1:149635729]
02-Oct-2020 - 20:41:26: File received: user_custom/41/41f40af9.dat from (Crono) [STEAM_0:1:149635729]
02-Oct-2020 - 20:42:16: File received: user_custom/af/affb6eae.dat
02-Oct-2020 - 20:42:18: File received: user_custom/af/affb6eae.dat from (Carmen) [STEAM_0:0:99859803]
02-Oct-2020 - 20:42:18: File received: user_custom/af/affb6eae.dat from (Carmen) [STEAM_0:0:99859803]
03-Oct-2020 - 00:05:46: File received: user_custom/46/462a4e27.dat
03-Oct-2020 - 00:06:09: File received: user_custom/43/430b836b.dat
03-Oct-2020 - 00:06:12: File received: user_custom/46/462a4e27.dat from (Tamakin) [STEAM_0:1:90949236]
03-Oct-2020 - 00:06:23: File received: user_custom/43/430b836b.dat from (Tommy Salami) [STEAM_0:0:81693880]
03-Oct-2020 - 00:06:57: File received: user_custom/46/462a4e27.dat from (Tamakin) [STEAM_0:1:90949236]
03-Oct-2020 - 12:22:54: File received: user_custom/99/99ecdf4a.dat
03-Oct-2020 - 20:37:59: File received: user_custom/70/70925f0d.dat
03-Oct-2020 - 20:38:10: File received: user_custom/70/70925f0d.dat from (Tuna43) [STEAM_0:0:205750918]
03-Oct-2020 - 20:40:51: File received: user_custom/17/17689001.dat
03-Oct-2020 - 20:40:53: File received: user_custom/17/17689001.dat from (BruhMoment) [STEAM_0:0:499308437]
03-Oct-2020 - 20:40:53: File received: user_custom/17/17689001.dat from (BruhMoment) [STEAM_0:0:499308437]
03-Oct-2020 - 20:40:53: File received: user_custom/17/17689001.dat from (BruhMoment) [STEAM_0:0:499308437]
03-Oct-2020 - 20:41:04: File received: user_custom/17/17689001.dat from (BruhMoment) [STEAM_0:0:499308437]
03-Oct-2020 - 20:41:57: File received: user_custom/2a/2a5ae051.dat
03-Oct-2020 - 20:41:59: File received: user_custom/2a/2a5ae051.dat from (Kiwi) [STEAM_0:1:207032890]
03-Oct-2020 - 20:41:59: File received: user_custom/2a/2a5ae051.dat from (Kiwi) [STEAM_0:1:207032890]
03-Oct-2020 - 20:42:42: File received: user_custom/2a/2a5ae051.dat from (Kiwi) [STEAM_0:1:207032890]
03-Oct-2020 - 20:47:52: File received: user_custom/f0/f04c3570.dat
03-Oct-2020 - 20:47:53: File received: user_custom/f0/f04c3570.dat from (Jyggalag) [STEAM_0:1:240443213]
03-Oct-2020 - 20:47:53: File received: user_custom/f0/f04c3570.dat from (Jyggalag) [STEAM_0:1:240443213]
03-Oct-2020 - 20:47:59: File received: user_custom/f0/f04c3570.dat from (Jyggalag) [STEAM_0:1:240443213]
03-Oct-2020 - 20:56:21: File received: user_custom/87/879eb477.dat
03-Oct-2020 - 20:56:22: File received: user_custom/87/879eb477.dat from (ÚwÙ) [STEAM_0:0:159713241]
03-Oct-2020 - 20:56:22: File received: user_custom/87/879eb477.dat from (ÚwÙ) [STEAM_0:0:159713241]
03-Oct-2020 - 20:56:22: File received: user_custom/87/879eb477.dat from (ÚwÙ) [STEAM_0:0:159713241]
03-Oct-2020 - 20:56:22: File received: user_custom/87/879eb477.dat from (ÚwÙ) [STEAM_0:0:159713241]
03-Oct-2020 - 20:56:22: File received: user_custom/87/879eb477.dat from (ÚwÙ) [STEAM_0:0:159713241]
03-Oct-2020 - 20:56:22: File received: user_custom/87/879eb477.dat from (ÚwÙ) [STEAM_0:0:159713241]
03-Oct-2020 - 20:56:29: File received: user_custom/87/879eb477.dat from (ÚwÙ) [STEAM_0:0:159713241]
04-Oct-2020 - 11:10:19: File received: user_custom/03/038e242d.dat
04-Oct-2020 - 11:10:35: File received: user_custom/03/038e242d.dat from (BLU Medic) [STEAM_0:0:103806482]
04-Oct-2020 - 19:41:37: File received: user_custom/ce/cebcea2f.dat
04-Oct-2020 - 19:41:53: File received: user_custom/ca/cab5b74e.dat
04-Oct-2020 - 19:41:54: File received: user_custom/ca/cab5b74e.dat
04-Oct-2020 - 19:42:04: File received: user_custom/13/137c1263.dat
04-Oct-2020 - 19:42:14: File received: user_custom/13/137c1263.dat from (Moone.) [STEAM_0:1:48026828]
04-Oct-2020 - 19:42:30: File received: user_custom/7b/7b7dda4c.dat
04-Oct-2020 - 19:42:32: File received: user_custom/7b/7b7dda4c.dat from (Captain Stede Bonnet) [STEAM_0:0:47115316]
04-Oct-2020 - 19:42:32: File received: user_custom/7b/7b7dda4c.dat from (Captain Stede Bonnet) [STEAM_0:0:47115316]
04-Oct-2020 - 19:42:33: File received: user_custom/55/559317e6.dat
04-Oct-2020 - 19:42:40: File received: user_custom/7b/7b7dda4c.dat from (Captain Stede Bonnet) [STEAM_0:0:47115316]
04-Oct-2020 - 19:42:55: File received: user_custom/ce/cebcea2f.dat from (Vale 💖) [STEAM_0:1:48560115]
04-Oct-2020 - 19:43:04: File received: user_custom/9e/9ea26090.dat
04-Oct-2020 - 19:43:07: File received: user_custom/9e/9ea26090.dat from (TheTanFedoraMan) [STEAM_0:1:36097420]
04-Oct-2020 - 19:43:12: File received: user_custom/7b/7b7dda4c.dat from (Captain Stede Bonnet) [STEAM_0:0:47115316]
04-Oct-2020 - 19:43:19: File received: user_custom/55/559317e6.dat from (Wirz 💖) [STEAM_0:0:181765365]
04-Oct-2020 - 19:43:21: File received: user_custom/9e/9ea26090.dat from (TheTanFedoraMan) [STEAM_0:1:36097420]
04-Oct-2020 - 19:43:43: File received: user_custom/7b/7b7dda4c.dat from (Captain Stede Bonnet) [STEAM_0:0:47115316]
04-Oct-2020 - 19:44:33: File received: user_custom/ca/cab5b74e.dat
04-Oct-2020 - 19:44:34: File received: user_custom/ca/cab5b74e.dat from (Yo Yo Jo) [STEAM_0:0:19551854]
04-Oct-2020 - 19:44:34: File received: user_custom/ca/cab5b74e.dat from (Yo Yo Jo) [STEAM_0:0:19551854]
04-Oct-2020 - 19:44:34: File received: user_custom/ca/cab5b74e.dat from (Yo Yo Jo) [STEAM_0:0:19551854]
04-Oct-2020 - 19:44:34: File received: user_custom/ca/cab5b74e.dat from (Yo Yo Jo) [STEAM_0:0:19551854]
04-Oct-2020 - 19:44:34: File received: user_custom/ca/cab5b74e.dat from (Yo Yo Jo) [STEAM_0:0:19551854]
04-Oct-2020 - 19:45:52: File received: user_custom/ca/cab5b74e.dat
04-Oct-2020 - 19:45:55: File received: user_custom/ca/cab5b74e.dat from (Yo Yo Jo) [STEAM_0:0:19551854]
04-Oct-2020 - 19:45:55: File received: user_custom/ca/cab5b74e.dat from (Yo Yo Jo) [STEAM_0:0:19551854]
04-Oct-2020 - 19:45:57: File received: user_custom/ca/cab5b74e.dat from (Yo Yo Jo) [STEAM_0:0:19551854]
04-Oct-2020 - 19:45:59: File received: user_custom/ca/cab5b74e.dat from (Yo Yo Jo) [STEAM_0:0:19551854]
04-Oct-2020 - 19:46:03: File received: user_custom/ca/cab5b74e.dat from (Yo Yo Jo) [STEAM_0:0:19551854]
04-Oct-2020 - 19:46:44: File received: user_custom/ca/cab5b74e.dat from (Yo Yo Jo) [STEAM_0:0:19551854]
04-Oct-2020 - 19:47:07: File received: user_custom/ca/cab5b74e.dat from (Yo Yo Jo) [STEAM_0:0:19551854]
04-Oct-2020 - 22:14:13: File received: user_custom/1c/1cff0bd1.dat
04-Oct-2020 - 22:14:44: File received: user_custom/3e/3e9cf2e5.dat
04-Oct-2020 - 22:15:03: File received: user_custom/3e/3e9cf2e5.dat from (deepfryingdory) [STEAM_0:0:206625847]
05-Oct-2020 - 15:54:15: File received: user_custom/2e/2ec70f39.dat
05-Oct-2020 - 15:54:25: File received: user_custom/2e/2ec70f39.dat from (mynutz75) [STEAM_0:0:541683622]
05-Oct-2020 - 18:10:15: File received: user_custom/c6/c65cddc0.dat
05-Oct-2020 - 18:10:51: File received: user_custom/c6/c65cddc0.dat from (GinkoBiloba) [STEAM_0:0:50043918]
06-Oct-2020 - 14:20:12: File received: user_custom/cb/cb378cc5.dat
06-Oct-2020 - 14:20:57: File received: user_custom/cb/cb378cc5.dat from (Bingo Bongo) [STEAM_0:0:170220868]
06-Oct-2020 - 14:21:39: File received: user_custom/82/82e58121.dat
06-Oct-2020 - 14:21:44: File received: user_custom/82/82e58121.dat from (deklaswas) [STEAM_0:1:60944269]
06-Oct-2020 - 14:21:56: File received: user_custom/82/82e58121.dat from (deklaswas) [STEAM_0:1:60944269]
07-Oct-2020 - 15:10:46: File received: user_custom/2b/2becc369.dat
07-Oct-2020 - 16:08:18: File received: user_custom/98/98025b08.dat
07-Oct-2020 - 16:08:38: File received: user_custom/98/98025b08.dat from (Encarra) [STEAM_0:0:30214686]
07-Oct-2020 - 16:12:18: File received: user_custom/8c/8cfb4ce1.dat
07-Oct-2020 - 16:12:36: File received: user_custom/8c/8cfb4ce1.dat from (Papa Gurgle) [STEAM_0:0:52739394]
08-Oct-2020 - 15:14:21: File received: user_custom/f7/f73821a7.dat
08-Oct-2020 - 15:14:22: File received: user_custom/f7/f73821a7.dat from (KRM | Buissness Pyro) [STEAM_0:1:33922773]
08-Oct-2020 - 21:58:11: File received: user_custom/8e/8e4aefdb.dat
08-Oct-2020 - 21:58:17: File received: user_custom/af/afbc0c8a.dat
08-Oct-2020 - 21:58:28: File received: user_custom/8e/8e4aefdb.dat from (Polaris) [STEAM_0:0:112956229]
08-Oct-2020 - 21:58:33: File received: user_custom/af/afbc0c8a.dat from (Need a Dispenser Here) [STEAM_0:1:78235999]
09-Oct-2020 - 12:20:42: File received: user_custom/fc/fcc11c08.dat
09-Oct-2020 - 12:21:40: File received: user_custom/fc/fcc11c08.dat
09-Oct-2020 - 12:22:57: File received: user_custom/fc/fcc11c08.dat from (The Protogorgon) [STEAM_0:1:186254131]
10-Oct-2020 - 06:34:28: File received: user_custom/7c/7c3ab040.dat
10-Oct-2020 - 06:34:47: File received: user_custom/7c/7c3ab040.dat from (Originalpugster1) [STEAM_0:1:246440508]
10-Oct-2020 - 07:22:17: File received: user_custom/3c/3c9405c5.dat
10-Oct-2020 - 07:22:17: File received: user_custom/22/222319e2.dat
10-Oct-2020 - 07:22:31: File received: user_custom/22/222319e2.dat from (KILOPIE) [STEAM_0:1:148852919]
10-Oct-2020 - 07:25:32: File received: user_custom/ca/cabeb5c8.dat
10-Oct-2020 - 07:25:36: File received: user_custom/3c/3c9405c5.dat from (阿修) [STEAM_0:0:180229652]
10-Oct-2020 - 07:25:36: File received: user_custom/c8/c80c7628.dat
10-Oct-2020 - 07:25:49: File received: user_custom/ca/cabeb5c8.dat from (水桶) [STEAM_0:1:160666815]
10-Oct-2020 - 07:26:29: File received: user_custom/c8/c80c7628.dat from (㍻ブラックジャック) [STEAM_0:1:91716826]
10-Oct-2020 - 07:50:28: File received: user_custom/3c/3c9405c5.dat from (阿修) [STEAM_0:0:180229652]
10-Oct-2020 - 07:52:47: File received: user_custom/3c/3c9405c5.dat from (阿修) [STEAM_0:0:180229652]
10-Oct-2020 - 07:52:47: File received: user_custom/09/0934e4f0.dat
10-Oct-2020 - 07:52:49: File received: user_custom/09/0934e4f0.dat from (ramen enthusiast) [STEAM_0:0:142230809]
10-Oct-2020 - 07:52:49: File received: user_custom/09/0934e4f0.dat from (ramen enthusiast) [STEAM_0:0:142230809]
10-Oct-2020 - 07:52:49: File received: user_custom/09/0934e4f0.dat from (ramen enthusiast) [STEAM_0:0:142230809]
10-Oct-2020 - 07:53:06: File received: user_custom/09/0934e4f0.dat from (ramen enthusiast) [STEAM_0:0:142230809]
10-Oct-2020 - 07:53:09: File received: user_custom/09/0934e4f0.dat from (ramen enthusiast) [STEAM_0:0:142230809]
10-Oct-2020 - 08:00:35: File received: user_custom/3c/3c9405c5.dat from (阿修) [STEAM_0:0:180229652]
10-Oct-2020 - 08:00:35: File received: user_custom/c2/c29ee7ca.dat
10-Oct-2020 - 08:00:37: File received: user_custom/c2/c29ee7ca.dat
10-Oct-2020 - 08:00:37: File received: user_custom/c2/c29ee7ca.dat
10-Oct-2020 - 08:00:38: File received: user_custom/c2/c29ee7ca.dat
10-Oct-2020 - 08:00:38: File received: user_custom/c2/c29ee7ca.dat
10-Oct-2020 - 08:00:38: File received: user_custom/c2/c29ee7ca.dat
10-Oct-2020 - 08:01:00: File received: user_custom/3c/3c9405c5.dat from (阿修) [STEAM_0:0:180229652]
10-Oct-2020 - 08:01:00: File received: user_custom/c2/c29ee7ca.dat
10-Oct-2020 - 08:01:02: File received: user_custom/c2/c29ee7ca.dat from (Marion The Squirrel(TailsTheFox) [STEAM_ID_STOP_IGNOR]
10-Oct-2020 - 08:01:02: File received: user_custom/c2/c29ee7ca.dat from (Marion The Squirrel(TailsTheFox) [STEAM_ID_STOP_IGNOR]
10-Oct-2020 - 08:01:02: File received: user_custom/c2/c29ee7ca.dat from (Marion The Squirrel(TailsTheFox) [STEAM_ID_STOP_IGNOR]
10-Oct-2020 - 08:01:02: File received: user_custom/c2/c29ee7ca.dat from (Marion The Squirrel(TailsTheFox) [STEAM_ID_STOP_IGNOR]
10-Oct-2020 - 08:01:02: File received: user_custom/c2/c29ee7ca.dat from (Marion The Squirrel(TailsTheFox) [STEAM_ID_STOP_IGNOR]
10-Oct-2020 - 08:01:25: File received: user_custom/c2/c29ee7ca.dat from (Marion The Squirrel(TailsTheFox) [STEAM_0:1:12011885]
10-Oct-2020 - 08:02:02: File received: user_custom/3c/3c9405c5.dat from (阿修) [STEAM_0:0:180229652]
10-Oct-2020 - 08:04:45: File received: user_custom/3c/3c9405c5.dat from (阿修) [STEAM_0:0:180229652]
10-Oct-2020 - 08:15:03: File received: user_custom/3c/3c9405c5.dat from (阿修) [STEAM_0:0:180229652]
10-Oct-2020 - 08:17:11: File received: user_custom/3c/3c9405c5.dat from (阿修) [STEAM_0:0:180229652]
10-Oct-2020 - 08:17:11: File received: user_custom/0b/0bd850cd.dat
10-Oct-2020 - 08:17:13: File received: user_custom/0b/0bd850cd.dat from (Hong Kong Police) [STEAM_0:1:42440102]
10-Oct-2020 - 08:17:13: File received: user_custom/0b/0bd850cd.dat from (Hong Kong Police) [STEAM_0:1:42440102]
10-Oct-2020 - 08:17:13: File received: user_custom/0b/0bd850cd.dat from (Hong Kong Police) [STEAM_0:1:42440102]
10-Oct-2020 - 08:17:13: File received: user_custom/0b/0bd850cd.dat from (Hong Kong Police) [STEAM_0:1:42440102]
10-Oct-2020 - 08:17:24: File received: user_custom/0b/0bd850cd.dat from (Hong Kong Police) [STEAM_0:1:42440102]
10-Oct-2020 - 08:30:37: File received: user_custom/3c/3c9405c5.dat from (阿修) [STEAM_0:0:180229652]
10-Oct-2020 - 08:30:37: File received: user_custom/e0/e02f132b.dat
10-Oct-2020 - 08:30:39: File received: user_custom/e0/e02f132b.dat from (JohntheMosquito) [STEAM_0:1:552796012]
10-Oct-2020 - 08:30:39: File received: user_custom/e0/e02f132b.dat from (JohntheMosquito) [STEAM_0:1:552796012]
10-Oct-2020 - 08:30:39: File received: user_custom/e0/e02f132b.dat from (JohntheMosquito) [STEAM_0:1:552796012]
10-Oct-2020 - 08:30:39: File received: user_custom/e0/e02f132b.dat from (JohntheMosquito) [STEAM_0:1:552796012]
10-Oct-2020 - 08:30:39: File received: user_custom/e0/e02f132b.dat from (JohntheMosquito) [STEAM_0:1:552796012]
10-Oct-2020 - 08:30:56: File received: user_custom/e0/e02f132b.dat from (JohntheMosquito) [STEAM_0:1:552796012]
11-Oct-2020 - 07:05:34: File received: user_custom/33/33931fef.dat
11-Oct-2020 - 07:05:53: File received: user_custom/33/33931fef.dat from (Tyson Latchford) [STEAM_0:0:197259182]
11-Oct-2020 - 07:14:30: File received: user_custom/f1/f17bfb49.dat
11-Oct-2020 - 07:44:57: File received: user_custom/d7/d785e2ee.dat
11-Oct-2020 - 07:45:10: File received: user_custom/d7/d785e2ee.dat from (yoshimo) [STEAM_0:0:48326284]
11-Oct-2020 - 12:37:46: Blocked unchecked spray - missing file: download/user_custom/us/user_custom/d7/d785e2ee.dat.dat from (DylanGuy) [STEAM_0:1:420251061]
11-Oct-2020 - 14:21:46: File received: user_custom/3c/3ca77e2a.dat
11-Oct-2020 - 14:21:48: File received: user_custom/3c/3ca77e2a.dat from (Gansio) [STEAM_0:1:192769400]
11-Oct-2020 - 14:21:48: File received: user_custom/3c/3ca77e2a.dat from (Gansio) [STEAM_0:1:192769400]
11-Oct-2020 - 14:22:06: File received: user_custom/3c/3ca77e2a.dat from (Gansio) [STEAM_0:1:192769400]
11-Oct-2020 - 14:34:44: File received: user_custom/e3/e39a5bea.dat
11-Oct-2020 - 14:34:46: File received: user_custom/e3/e39a5bea.dat from (Purddy Birddy) [STEAM_0:0:51132531]
11-Oct-2020 - 14:38:39: File received: user_custom/e3/e39a5bea.dat
11-Oct-2020 - 14:38:41: File received: user_custom/e3/e39a5bea.dat from (Purddy Birddy) [STEAM_0:0:51132531]
11-Oct-2020 - 14:39:03: File received: user_custom/e3/e39a5bea.dat from (Purddy Birddy) [STEAM_0:0:51132531]
12-Oct-2020 - 03:41:04: File received: user_custom/f0/f0039e33.dat
12-Oct-2020 - 03:41:06: File received: user_custom/f0/f0039e33.dat from ('Clara') [STEAM_0:1:197124745]
12-Oct-2020 - 08:46:14: File received: user_custom/6d/6da2197f.dat
13-Oct-2020 - 08:06:22: File received: user_custom/38/381fb6dc.dat
13-Oct-2020 - 08:06:47: File received: user_custom/38/381fb6dc.dat from (Tyickix) [STEAM_0:1:240397716]
13-Oct-2020 - 20:45:04: File received: user_custom/98/98f422bf.dat
13-Oct-2020 - 20:45:15: File received: user_custom/98/98f422bf.dat from (Leo Nekozuki) [STEAM_0:1:69084914]
16-Oct-2020 - 09:20:50: File received: user_custom/90/90834907.dat
16-Oct-2020 - 09:22:50: File received: user_custom/90/90834907.dat from (TheAnonymusCow) [STEAM_0:1:236188709]
17-Oct-2020 - 04:12:30: File received: user_custom/cc/cc24c1ca.dat
17-Oct-2020 - 04:14:25: File received: user_custom/cc/cc24c1ca.dat from (Boris-ko) [STEAM_0:1:118822872]
17-Oct-2020 - 05:43:50: File received: user_custom/61/619f2f34.dat
17-Oct-2020 - 05:43:51: File received: user_custom/61/619f2f34.dat from (SlipperySlowpe) [STEAM_0:1:182379961]
19-Oct-2020 - 10:08:06: File received: user_custom/2d/2d14de90.dat
19-Oct-2020 - 10:08:39: File received: user_custom/2d/2d14de90.dat from (Rikardo Markus) [STEAM_0:0:66244395]
